<?xml version="1.0" encoding="UTF-8"?>
<coverage generated="1700117893084" clover="3.2.0">
  <project timestamp="1700117893084" name="All files">
    <metrics statements="597" coveredstatements="573" conditionals="108" coveredconditionals="75" methods="133" coveredmethods="128" elements="838" coveredelements="776" complexity="0" loc="597" ncloc="597" packages="21" files="59" classes="59"/>
    <package name="src">
      <metrics statements="37" coveredstatements="33" conditionals="6" coveredconditionals="0" methods="5" coveredmethods="3"/>
      <file name="app.controller.ts" path="/Users/eldpswp99/2023-2/swapp/swpp-2023-project-team-13/backend/src/app.controller.ts">
        <metrics statements="6" coveredstatements="5" conditionals="0" coveredconditionals="0" methods="2" coveredmethods="1"/>
        <line num="1" count="19" type="stmt"/>
        <line num="2" count="19" type="stmt"/>
        <line num="5" count="19" type="stmt"/>
        <line num="6" count="36" type="stmt"/>
        <line num="9" count="19" type="stmt"/>
        <line num="10" count="0" type="stmt"/>
      </file>
      <file name="app.module.ts" path="/Users/eldpswp99/2023-2/swapp/swpp-2023-project-team-13/backend/src/app.module.ts">
        <metrics statements="12" coveredstatements="12" conditionals="0" coveredconditionals="0" methods="0" coveredmethods="0"/>
        <line num="1" count="19" type="stmt"/>
        <line num="2" count="19" type="stmt"/>
        <line num="3" count="19" type="stmt"/>
        <line num="4" count="19" type="stmt"/>
        <line num="5" count="19" type="stmt"/>
        <line num="6" count="19" type="stmt"/>
        <line num="7" count="19" type="stmt"/>
        <line num="8" count="19" type="stmt"/>
        <line num="9" count="19" type="stmt"/>
        <line num="10" count="19" type="stmt"/>
        <line num="11" count="19" type="stmt"/>
        <line num="28" count="19" type="stmt"/>
      </file>
      <file name="app.service.ts" path="/Users/eldpswp99/2023-2/swapp/swpp-2023-project-team-13/backend/src/app.service.ts">
        <metrics statements="3" coveredstatements="2" conditionals="0" coveredconditionals="0" methods="1" coveredmethods="0"/>
        <line num="1" count="19" type="stmt"/>
        <line num="4" count="19" type="stmt"/>
        <line num="6" count="0" type="stmt"/>
      </file>
      <file name="main.ts" path="/Users/eldpswp99/2023-2/swapp/swpp-2023-project-team-13/backend/src/main.ts">
        <metrics statements="16" coveredstatements="14" conditionals="6" coveredconditionals="0" methods="2" coveredmethods="2"/>
        <line num="1" count="17" type="stmt"/>
        <line num="2" count="17" type="stmt"/>
        <line num="3" count="17" type="stmt"/>
        <line num="8" count="17" type="stmt"/>
        <line num="9" count="17" type="stmt"/>
        <line num="12" count="17" type="cond" truecount="0" falsecount="1"/>
        <line num="13" count="0" type="stmt"/>
        <line num="16" count="17" type="stmt"/>
        <line num="17" count="17" type="stmt"/>
        <line num="18" count="17" type="stmt"/>
        <line num="19" count="17" type="cond" truecount="0" falsecount="1"/>
        <line num="20" count="0" type="cond" truecount="0" falsecount="4"/>
        <line num="24" count="17" type="stmt"/>
        <line num="25" count="34" type="stmt"/>
        <line num="32" count="34" type="stmt"/>
        <line num="35" count="17" type="stmt"/>
      </file>
    </package>
    <package name="src.auth">
      <metrics statements="36" coveredstatements="35" conditionals="1" coveredconditionals="0" methods="5" coveredmethods="5"/>
      <file name="auth.controller.ts" path="/Users/eldpswp99/2023-2/swapp/swpp-2023-project-team-13/backend/src/auth/auth.controller.ts">
        <metrics statements="14" coveredstatements="14" conditionals="0" coveredconditionals="0" methods="3" coveredmethods="3"/>
        <line num="1" count="19" type="stmt"/>
        <line num="2" count="19" type="stmt"/>
        <line num="4" count="19" type="stmt"/>
        <line num="5" count="19" type="stmt"/>
        <line num="6" count="19" type="stmt"/>
        <line num="7" count="19" type="stmt"/>
        <line num="11" count="19" type="stmt"/>
        <line num="12" count="36" type="stmt"/>
        <line num="16" count="19" type="stmt"/>
        <line num="17" count="82" type="stmt"/>
        <line num="18" count="82" type="stmt"/>
        <line num="23" count="19" type="stmt"/>
        <line num="24" count="1" type="stmt"/>
        <line num="25" count="1" type="stmt"/>
      </file>
      <file name="auth.module.ts" path="/Users/eldpswp99/2023-2/swapp/swpp-2023-project-team-13/backend/src/auth/auth.module.ts">
        <metrics statements="9" coveredstatements="9" conditionals="0" coveredconditionals="0" methods="0" coveredmethods="0"/>
        <line num="1" count="19" type="stmt"/>
        <line num="2" count="19" type="stmt"/>
        <line num="3" count="19" type="stmt"/>
        <line num="4" count="19" type="stmt"/>
        <line num="5" count="19" type="stmt"/>
        <line num="6" count="19" type="stmt"/>
        <line num="7" count="19" type="stmt"/>
        <line num="8" count="19" type="stmt"/>
        <line num="20" count="19" type="stmt"/>
      </file>
      <file name="auth.service.ts" path="/Users/eldpswp99/2023-2/swapp/swpp-2023-project-team-13/backend/src/auth/auth.service.ts">
        <metrics statements="9" coveredstatements="8" conditionals="1" coveredconditionals="0" methods="2" coveredmethods="2"/>
        <line num="3" count="19" type="stmt"/>
        <line num="4" count="19" type="stmt"/>
        <line num="8" count="19" type="stmt"/>
        <line num="9" count="36" type="stmt"/>
        <line num="12" count="72" type="stmt"/>
        <line num="13" count="72" type="stmt"/>
        <line num="14" count="72" type="cond" truecount="0" falsecount="1"/>
        <line num="15" count="0" type="stmt"/>
        <line num="17" count="72" type="stmt"/>
      </file>
      <file name="guards.ts" path="/Users/eldpswp99/2023-2/swapp/swpp-2023-project-team-13/backend/src/auth/guards.ts">
        <metrics statements="4" coveredstatements="4" conditionals="0" coveredconditionals="0" methods="0" coveredmethods="0"/>
        <line num="1" count="19" type="stmt"/>
        <line num="5" count="19" type="stmt"/>
        <line num="7" count="19" type="stmt"/>
        <line num="33" count="19" type="stmt"/>
      </file>
    </package>
    <package name="src.auth.controller.in-dtos">
      <metrics statements="4" coveredstatements="4" conditionals="0" coveredconditionals="0" methods="0" coveredmethods="0"/>
      <file name="login.dto.ts" path="/Users/eldpswp99/2023-2/swapp/swpp-2023-project-team-13/backend/src/auth/controller/in-dtos/login.dto.ts">
        <metrics statements="4" coveredstatements="4" conditionals="0" coveredconditionals="0" methods="0" coveredmethods="0"/>
        <line num="1" count="19" type="stmt"/>
        <line num="3" count="19" type="stmt"/>
        <line num="5" count="19" type="stmt"/>
        <line num="8" count="19" type="stmt"/>
      </file>
    </package>
    <package name="src.auth.controller.out-dtos">
      <metrics statements="3" coveredstatements="3" conditionals="0" coveredconditionals="0" methods="1" coveredmethods="1"/>
      <file name="token.dto.ts" path="/Users/eldpswp99/2023-2/swapp/swpp-2023-project-team-13/backend/src/auth/controller/out-dtos/token.dto.ts">
        <metrics statements="3" coveredstatements="3" conditionals="0" coveredconditionals="0" methods="1" coveredmethods="1"/>
        <line num="1" count="19" type="stmt"/>
        <line num="6" count="83" type="stmt"/>
        <line num="7" count="83" type="stmt"/>
      </file>
    </package>
    <package name="src.auth.strategies">
      <metrics statements="34" coveredstatements="32" conditionals="8" coveredconditionals="5" methods="6" coveredmethods="6"/>
      <file name="access.token.strategy.ts" path="/Users/eldpswp99/2023-2/swapp/swpp-2023-project-team-13/backend/src/auth/strategies/access.token.strategy.ts">
        <metrics statements="10" coveredstatements="10" conditionals="1" coveredconditionals="0" methods="2" coveredmethods="2"/>
        <line num="1" count="19" type="stmt"/>
        <line num="3" count="19" type="stmt"/>
        <line num="4" count="19" type="stmt"/>
        <line num="5" count="19" type="stmt"/>
        <line num="9" count="19" type="stmt"/>
        <line num="13" count="36" type="stmt"/>
        <line num="14" count="36" type="stmt"/>
        <line num="21" count="71" type="stmt"/>
        <line num="22" count="71" type="cond" truecount="0" falsecount="1"/>
        <line num="24" count="71" type="stmt"/>
      </file>
      <file name="local.strategy.ts" path="/Users/eldpswp99/2023-2/swapp/swpp-2023-project-team-13/backend/src/auth/strategies/local.strategy.ts">
        <metrics statements="12" coveredstatements="11" conditionals="6" coveredconditionals="5" methods="2" coveredmethods="2"/>
        <line num="1" count="19" type="stmt"/>
        <line num="6" count="19" type="stmt"/>
        <line num="7" count="19" type="stmt"/>
        <line num="8" count="19" type="stmt"/>
        <line num="11" count="19" type="stmt"/>
        <line num="13" count="36" type="stmt"/>
        <line num="17" count="83" type="stmt"/>
        <line num="23" count="83" type="cond" truecount="2" falsecount="0"/>
        <line num="24" count="1" type="stmt"/>
        <line num="25" count="82" type="cond" truecount="3" falsecount="1"/>
        <line num="26" count="82" type="stmt"/>
        <line num="28" count="0" type="stmt"/>
      </file>
      <file name="refresh.token.strategy.ts" path="/Users/eldpswp99/2023-2/swapp/swpp-2023-project-team-13/backend/src/auth/strategies/refresh.token.strategy.ts">
        <metrics statements="12" coveredstatements="11" conditionals="1" coveredconditionals="0" methods="2" coveredmethods="2"/>
        <line num="1" count="19" type="stmt"/>
        <line num="2" count="19" type="stmt"/>
        <line num="3" count="19" type="stmt"/>
        <line num="4" count="19" type="stmt"/>
        <line num="6" count="19" type="stmt"/>
        <line num="9" count="19" type="stmt"/>
        <line num="13" count="36" type="stmt"/>
        <line num="14" count="36" type="stmt"/>
        <line num="22" count="1" type="stmt"/>
        <line num="23" count="1" type="cond" truecount="0" falsecount="1"/>
        <line num="24" count="0" type="stmt"/>
        <line num="26" count="1" type="stmt"/>
      </file>
    </package>
    <package name="src.core">
      <metrics statements="39" coveredstatements="30" conditionals="13" coveredconditionals="9" methods="4" coveredmethods="4"/>
      <file name="core.module.ts" path="/Users/eldpswp99/2023-2/swapp/swpp-2023-project-team-13/backend/src/core/core.module.ts">
        <metrics statements="3" coveredstatements="3" conditionals="0" coveredconditionals="0" methods="0" coveredmethods="0"/>
        <line num="1" count="19" type="stmt"/>
        <line num="2" count="19" type="stmt"/>
        <line num="9" count="19" type="stmt"/>
      </file>
      <file name="getEnvFilePath.ts" path="/Users/eldpswp99/2023-2/swapp/swpp-2023-project-team-13/backend/src/core/getEnvFilePath.ts">
        <metrics statements="7" coveredstatements="5" conditionals="6" coveredconditionals="4" methods="1" coveredmethods="1"/>
        <line num="1" count="19" type="stmt"/>
        <line num="2" count="38" type="stmt"/>
        <line num="3" count="38" type="cond" truecount="3" falsecount="1"/>
        <line num="4" count="0" type="stmt"/>
        <line num="5" count="38" type="cond" truecount="1" falsecount="1"/>
        <line num="6" count="38" type="stmt"/>
        <line num="8" count="0" type="stmt"/>
      </file>
      <file name="ormconfig.ts" path="/Users/eldpswp99/2023-2/swapp/swpp-2023-project-team-13/backend/src/core/ormconfig.ts">
        <metrics statements="13" coveredstatements="13" conditionals="4" coveredconditionals="3" methods="0" coveredmethods="0"/>
        <line num="1" count="19" type="stmt"/>
        <line num="3" count="19" type="stmt"/>
        <line num="4" count="19" type="stmt"/>
        <line num="5" count="19" type="stmt"/>
        <line num="6" count="19" type="stmt"/>
        <line num="7" count="19" type="stmt"/>
        <line num="8" count="19" type="stmt"/>
        <line num="9" count="19" type="stmt"/>
        <line num="10" count="19" type="stmt"/>
        <line num="12" count="19" type="stmt"/>
        <line num="13" count="19" type="stmt"/>
        <line num="15" count="19" type="stmt"/>
        <line num="38" count="19" type="stmt"/>
      </file>
      <file name="s3Image.service.ts" path="/Users/eldpswp99/2023-2/swapp/swpp-2023-project-team-13/backend/src/core/s3Image.service.ts">
        <metrics statements="10" coveredstatements="6" conditionals="2" coveredconditionals="1" methods="2" coveredmethods="2"/>
        <line num="1" count="19" type="stmt"/>
        <line num="2" count="19" type="stmt"/>
        <line num="5" count="19" type="stmt"/>
        <line num="7" count="4" type="cond" truecount="0" falsecount="1"/>
        <line num="9" count="4" type="stmt"/>
        <line num="13" count="4" type="cond" truecount="1" falsecount="0"/>
        <line num="15" count="0" type="stmt"/>
        <line num="23" count="0" type="stmt"/>
        <line num="24" count="0" type="stmt"/>
        <line num="32" count="0" type="stmt"/>
      </file>
      <file name="swagger.ts" path="/Users/eldpswp99/2023-2/swapp/swpp-2023-project-team-13/backend/src/core/swagger.ts">
        <metrics statements="6" coveredstatements="3" conditionals="1" coveredconditionals="1" methods="1" coveredmethods="1"/>
        <line num="2" count="17" type="stmt"/>
        <line num="4" count="17" type="stmt"/>
        <line num="5" count="17" type="cond" truecount="1" falsecount="0"/>
        <line num="7" count="0" type="stmt"/>
        <line num="12" count="0" type="stmt"/>
        <line num="13" count="0" type="stmt"/>
      </file>
    </package>
    <package name="src.core.models">
      <metrics statements="10" coveredstatements="10" conditionals="0" coveredconditionals="0" methods="2" coveredmethods="2"/>
      <file name="base.entity.ts" path="/Users/eldpswp99/2023-2/swapp/swpp-2023-project-team-13/backend/src/core/models/base.entity.ts">
        <metrics statements="10" coveredstatements="10" conditionals="0" coveredconditionals="0" methods="2" coveredmethods="2"/>
        <line num="1" count="19" type="stmt"/>
        <line num="7" count="19" type="stmt"/>
        <line num="8" count="19" type="stmt"/>
        <line num="9" count="19" type="stmt"/>
        <line num="11" count="19" type="stmt"/>
        <line num="18" count="19" type="stmt"/>
        <line num="21" count="19" type="stmt"/>
        <line num="26" count="1078" type="stmt"/>
        <line num="29" count="17" type="stmt"/>
        <line num="30" count="17" type="stmt"/>
      </file>
    </package>
    <package name="src.review">
      <metrics statements="103" coveredstatements="101" conditionals="15" coveredconditionals="12" methods="18" coveredmethods="16"/>
      <file name="ml-remote.ts" path="/Users/eldpswp99/2023-2/swapp/swpp-2023-project-team-13/backend/src/review/ml-remote.ts">
        <metrics statements="5" coveredstatements="3" conditionals="0" coveredconditionals="0" methods="2" coveredmethods="0"/>
        <line num="1" count="19" type="stmt"/>
        <line num="3" count="19" type="stmt"/>
        <line num="4" count="0" type="stmt"/>
        <line num="11" count="19" type="stmt"/>
        <line num="12" count="0" type="stmt"/>
      </file>
      <file name="review.controller.ts" path="/Users/eldpswp99/2023-2/swapp/swpp-2023-project-team-13/backend/src/review/review.controller.ts">
        <metrics statements="59" coveredstatements="59" conditionals="10" coveredconditionals="7" methods="11" coveredmethods="11"/>
        <line num="1" count="19" type="stmt"/>
        <line num="15" count="19" type="stmt"/>
        <line num="16" count="19" type="stmt"/>
        <line num="17" count="19" type="stmt"/>
        <line num="18" count="19" type="stmt"/>
        <line num="19" count="19" type="stmt"/>
        <line num="20" count="19" type="stmt"/>
        <line num="22" count="19" type="stmt"/>
        <line num="23" count="19" type="stmt"/>
        <line num="24" count="19" type="stmt"/>
        <line num="25" count="19" type="stmt"/>
        <line num="26" count="19" type="stmt"/>
        <line num="27" count="19" type="stmt"/>
        <line num="28" count="19" type="stmt"/>
        <line num="30" count="19" type="stmt"/>
        <line num="31" count="19" type="stmt"/>
        <line num="32" count="19" type="stmt"/>
        <line num="33" count="19" type="stmt"/>
        <line num="37" count="19" type="stmt"/>
        <line num="39" count="36" type="stmt"/>
        <line num="40" count="36" type="stmt"/>
        <line num="41" count="36" type="stmt"/>
        <line num="42" count="36" type="stmt"/>
        <line num="47" count="19" type="stmt"/>
        <line num="51" count="6" type="stmt"/>
        <line num="56" count="19" type="stmt"/>
        <line num="61" count="3" type="stmt"/>
        <line num="63" count="3" type="stmt"/>
        <line num="68" count="19" type="stmt"/>
        <line num="69" count="4" type="stmt"/>
        <line num="70" count="4" type="stmt"/>
        <line num="75" count="19" type="stmt"/>
        <line num="76" count="4" type="stmt"/>
        <line num="77" count="4" type="stmt"/>
        <line num="82" count="19" type="stmt"/>
        <line num="86" count="4" type="stmt"/>
        <line num="88" count="4" type="stmt"/>
        <line num="93" count="4" type="stmt"/>
        <line num="98" count="19" type="stmt"/>
        <line num="100" count="6" type="stmt"/>
        <line num="102" count="12" type="stmt"/>
        <line num="103" count="6" type="stmt"/>
        <line num="107" count="6" type="stmt"/>
        <line num="112" count="19" type="stmt"/>
        <line num="116" count="3" type="stmt"/>
        <line num="118" count="3" type="cond" truecount="1" falsecount="0"/>
        <line num="119" count="2" type="stmt"/>
        <line num="124" count="19" type="stmt"/>
        <line num="128" count="3" type="stmt"/>
        <line num="132" count="3" type="cond" truecount="0" falsecount="1"/>
        <line num="134" count="3" type="stmt"/>
        <line num="136" count="3" type="stmt"/>
        <line num="145" count="19" type="stmt"/>
        <line num="146" count="4" type="cond" truecount="6" falsecount="2"/>
        <line num="148" count="4" type="stmt"/>
        <line num="149" count="4" type="stmt"/>
        <line num="150" count="4" type="stmt"/>
        <line num="152" count="4" type="stmt"/>
        <line num="156" count="4" type="stmt"/>
      </file>
      <file name="review.module.ts" path="/Users/eldpswp99/2023-2/swapp/swpp-2023-project-team-13/backend/src/review/review.module.ts">
        <metrics statements="9" coveredstatements="9" conditionals="0" coveredconditionals="0" methods="0" coveredmethods="0"/>
        <line num="1" count="19" type="stmt"/>
        <line num="2" count="19" type="stmt"/>
        <line num="3" count="19" type="stmt"/>
        <line num="4" count="19" type="stmt"/>
        <line num="5" count="19" type="stmt"/>
        <line num="6" count="19" type="stmt"/>
        <line num="7" count="19" type="stmt"/>
        <line num="8" count="19" type="stmt"/>
        <line num="22" count="19" type="stmt"/>
      </file>
      <file name="review.service.ts" path="/Users/eldpswp99/2023-2/swapp/swpp-2023-project-team-13/backend/src/review/review.service.ts">
        <metrics statements="30" coveredstatements="30" conditionals="5" coveredconditionals="5" methods="5" coveredmethods="5"/>
        <line num="1" count="19" type="stmt"/>
        <line num="4" count="19" type="stmt"/>
        <line num="5" count="19" type="stmt"/>
        <line num="6" count="19" type="stmt"/>
        <line num="7" count="19" type="stmt"/>
        <line num="9" count="19" type="stmt"/>
        <line num="10" count="19" type="stmt"/>
        <line num="14" count="19" type="stmt"/>
        <line num="16" count="36" type="stmt"/>
        <line num="17" count="36" type="stmt"/>
        <line num="25" count="6" type="stmt"/>
        <line num="28" count="6" type="stmt"/>
        <line num="29" count="6" type="stmt"/>
        <line num="32" count="6" type="stmt"/>
        <line num="33" count="6" type="stmt"/>
        <line num="34" count="6" type="cond" truecount="1" falsecount="0"/>
        <line num="35" count="3" type="stmt"/>
        <line num="36" count="3" type="stmt"/>
        <line num="37" count="3" type="stmt"/>
        <line num="38" count="2" type="stmt"/>
        <line num="40" count="1" type="stmt"/>
        <line num="44" count="5" type="stmt"/>
        <line num="45" count="5" type="stmt"/>
        <line num="46" count="5" type="stmt"/>
        <line num="48" count="1" type="stmt"/>
        <line num="51" count="4" type="stmt"/>
        <line num="65" count="7" type="stmt"/>
        <line num="66" count="7" type="stmt"/>
        <line num="68" count="7" type="stmt"/>
        <line num="70" count="13" type="stmt"/>
      </file>
    </package>
    <package name="src.review.dtos.in-dtos">
      <metrics statements="24" coveredstatements="24" conditionals="0" coveredconditionals="0" methods="4" coveredmethods="4"/>
      <file name="createReview.dto.ts" path="/Users/eldpswp99/2023-2/swapp/swpp-2023-project-team-13/backend/src/review/dtos/in-dtos/createReview.dto.ts">
        <metrics statements="9" coveredstatements="9" conditionals="0" coveredconditionals="0" methods="1" coveredmethods="1"/>
        <line num="1" count="19" type="stmt"/>
        <line num="8" count="19" type="stmt"/>
        <line num="9" count="19" type="stmt"/>
        <line num="11" count="19" type="stmt"/>
        <line num="13" count="19" type="stmt"/>
        <line num="17" count="19" type="stmt"/>
        <line num="21" count="19" type="stmt"/>
        <line num="24" count="10" type="stmt"/>
        <line num="25" count="19" type="stmt"/>
      </file>
      <file name="restaurant.dto.ts" path="/Users/eldpswp99/2023-2/swapp/swpp-2023-project-team-13/backend/src/review/dtos/in-dtos/restaurant.dto.ts">
        <metrics statements="6" coveredstatements="6" conditionals="0" coveredconditionals="0" methods="0" coveredmethods="0"/>
        <line num="1" count="19" type="stmt"/>
        <line num="3" count="19" type="stmt"/>
        <line num="5" count="19" type="stmt"/>
        <line num="8" count="19" type="stmt"/>
        <line num="11" count="19" type="stmt"/>
        <line num="14" count="19" type="stmt"/>
      </file>
      <file name="review-adjacent-query.dto.ts" path="/Users/eldpswp99/2023-2/swapp/swpp-2023-project-team-13/backend/src/review/dtos/in-dtos/review-adjacent-query.dto.ts">
        <metrics statements="9" coveredstatements="9" conditionals="0" coveredconditionals="0" methods="3" coveredmethods="3"/>
        <line num="1" count="19" type="stmt"/>
        <line num="2" count="19" type="stmt"/>
        <line num="4" count="19" type="stmt"/>
        <line num="6" count="7" type="stmt"/>
        <line num="7" count="19" type="stmt"/>
        <line num="10" count="7" type="stmt"/>
        <line num="11" count="19" type="stmt"/>
        <line num="14" count="7" type="stmt"/>
        <line num="15" count="19" type="stmt"/>
      </file>
    </package>
    <package name="src.review.dtos.out-dtos">
      <metrics statements="39" coveredstatements="39" conditionals="2" coveredconditionals="1" methods="10" coveredmethods="10"/>
      <file name="imageDto.ts" path="/Users/eldpswp99/2023-2/swapp/swpp-2023-project-team-13/backend/src/review/dtos/out-dtos/imageDto.ts">
        <metrics statements="5" coveredstatements="5" conditionals="0" coveredconditionals="0" methods="1" coveredmethods="1"/>
        <line num="3" count="19" type="stmt"/>
        <line num="10" count="15" type="stmt"/>
        <line num="11" count="15" type="stmt"/>
        <line num="12" count="15" type="stmt"/>
        <line num="13" count="15" type="stmt"/>
      </file>
      <file name="imageUpload.dto.ts" path="/Users/eldpswp99/2023-2/swapp/swpp-2023-project-team-13/backend/src/review/dtos/out-dtos/imageUpload.dto.ts">
        <metrics statements="4" coveredstatements="4" conditionals="0" coveredconditionals="0" methods="1" coveredmethods="1"/>
        <line num="3" count="19" type="stmt"/>
        <line num="9" count="4" type="stmt"/>
        <line num="10" count="4" type="stmt"/>
        <line num="11" count="4" type="stmt"/>
      </file>
      <file name="restaurant.dto.ts" path="/Users/eldpswp99/2023-2/swapp/swpp-2023-project-team-13/backend/src/review/dtos/out-dtos/restaurant.dto.ts">
        <metrics statements="6" coveredstatements="6" conditionals="0" coveredconditionals="0" methods="1" coveredmethods="1"/>
        <line num="3" count="19" type="stmt"/>
        <line num="17" count="31" type="stmt"/>
        <line num="18" count="31" type="stmt"/>
        <line num="19" count="31" type="stmt"/>
        <line num="20" count="31" type="stmt"/>
        <line num="21" count="31" type="stmt"/>
      </file>
      <file name="restaurantList.dto.ts" path="/Users/eldpswp99/2023-2/swapp/swpp-2023-project-team-13/backend/src/review/dtos/out-dtos/restaurantList.dto.ts">
        <metrics statements="4" coveredstatements="4" conditionals="0" coveredconditionals="0" methods="2" coveredmethods="2"/>
        <line num="1" count="19" type="stmt"/>
        <line num="4" count="19" type="stmt"/>
        <line num="8" count="10" type="stmt"/>
        <line num="9" count="14" type="stmt"/>
      </file>
      <file name="reviewDetail.dto.ts" path="/Users/eldpswp99/2023-2/swapp/swpp-2023-project-team-13/backend/src/review/dtos/out-dtos/reviewDetail.dto.ts">
        <metrics statements="13" coveredstatements="13" conditionals="2" coveredconditionals="1" methods="2" coveredmethods="2"/>
        <line num="1" count="19" type="stmt"/>
        <line num="2" count="19" type="stmt"/>
        <line num="3" count="19" type="stmt"/>
        <line num="7" count="19" type="stmt"/>
        <line num="22" count="17" type="stmt"/>
        <line num="24" count="17" type="stmt"/>
        <line num="25" count="17" type="stmt"/>
        <line num="26" count="17" type="stmt"/>
        <line num="27" count="17" type="cond" truecount="1" falsecount="1"/>
        <line num="28" count="17" type="stmt"/>
        <line num="29" count="17" type="stmt"/>
        <line num="30" count="17" type="stmt"/>
        <line num="31" count="17" type="stmt"/>
      </file>
      <file name="reviewList.dto.ts" path="/Users/eldpswp99/2023-2/swapp/swpp-2023-project-team-13/backend/src/review/dtos/out-dtos/reviewList.dto.ts">
        <metrics statements="4" coveredstatements="4" conditionals="0" coveredconditionals="0" methods="2" coveredmethods="2"/>
        <line num="1" count="19" type="stmt"/>
        <line num="4" count="19" type="stmt"/>
        <line num="8" count="14" type="stmt"/>
        <line num="9" count="15" type="stmt"/>
      </file>
      <file name="userSummary.dto.ts" path="/Users/eldpswp99/2023-2/swapp/swpp-2023-project-team-13/backend/src/review/dtos/out-dtos/userSummary.dto.ts">
        <metrics statements="3" coveredstatements="3" conditionals="0" coveredconditionals="0" methods="1" coveredmethods="1"/>
        <line num="3" count="19" type="stmt"/>
        <line num="8" count="17" type="stmt"/>
        <line num="9" count="17" type="stmt"/>
      </file>
    </package>
    <package name="src.review.models">
      <metrics statements="37" coveredstatements="37" conditionals="0" coveredconditionals="0" methods="13" coveredmethods="13"/>
      <file name="image.entity.ts" path="/Users/eldpswp99/2023-2/swapp/swpp-2023-project-team-13/backend/src/review/models/image.entity.ts">
        <metrics statements="11" coveredstatements="11" conditionals="0" coveredconditionals="0" methods="3" coveredmethods="3"/>
        <line num="1" count="19" type="stmt"/>
        <line num="2" count="19" type="stmt"/>
        <line num="3" count="19" type="stmt"/>
        <line num="6" count="19" type="stmt"/>
        <line num="8" count="19" type="stmt"/>
        <line num="11" count="19" type="stmt"/>
        <line num="14" count="19" type="stmt"/>
        <line num="16" count="36" type="stmt"/>
        <line num="17" count="19" type="stmt"/>
        <line num="20" count="3" type="stmt"/>
        <line num="21" count="3" type="stmt"/>
      </file>
      <file name="restaurant.entity.ts" path="/Users/eldpswp99/2023-2/swapp/swpp-2023-project-team-13/backend/src/review/models/restaurant.entity.ts">
        <metrics statements="10" coveredstatements="10" conditionals="0" coveredconditionals="0" methods="2" coveredmethods="2"/>
        <line num="1" count="19" type="stmt"/>
        <line num="2" count="19" type="stmt"/>
        <line num="3" count="19" type="stmt"/>
        <line num="6" count="19" type="stmt"/>
        <line num="8" count="19" type="stmt"/>
        <line num="11" count="19" type="stmt"/>
        <line num="14" count="19" type="stmt"/>
        <line num="17" count="19" type="stmt"/>
        <line num="19" count="36" type="stmt"/>
        <line num="20" count="19" type="stmt"/>
      </file>
      <file name="review.entity.ts" path="/Users/eldpswp99/2023-2/swapp/swpp-2023-project-team-13/backend/src/review/models/review.entity.ts">
        <metrics statements="16" coveredstatements="16" conditionals="0" coveredconditionals="0" methods="8" coveredmethods="8"/>
        <line num="1" count="19" type="stmt"/>
        <line num="2" count="19" type="stmt"/>
        <line num="3" count="19" type="stmt"/>
        <line num="4" count="19" type="stmt"/>
        <line num="5" count="19" type="stmt"/>
        <line num="8" count="19" type="stmt"/>
        <line num="9" count="36" type="stmt"/>
        <line num="10" count="19" type="stmt"/>
        <line num="12" count="36" type="stmt"/>
        <line num="13" count="19" type="stmt"/>
        <line num="15" count="36" type="stmt"/>
        <line num="16" count="19" type="stmt"/>
        <line num="19" count="19" type="stmt"/>
        <line num="22" count="19" type="stmt"/>
        <line num="25" count="19" type="stmt"/>
        <line num="28" count="17" type="stmt"/>
      </file>
    </package>
    <package name="src.review.repositories">
      <metrics statements="28" coveredstatements="28" conditionals="2" coveredconditionals="2" methods="9" coveredmethods="9"/>
      <file name="image.repository.ts" path="/Users/eldpswp99/2023-2/swapp/swpp-2023-project-team-13/backend/src/review/repositories/image.repository.ts">
        <metrics statements="4" coveredstatements="4" conditionals="0" coveredconditionals="0" methods="0" coveredmethods="0"/>
        <line num="1" count="19" type="stmt"/>
        <line num="2" count="19" type="stmt"/>
        <line num="3" count="19" type="stmt"/>
        <line num="6" count="19" type="stmt"/>
      </file>
      <file name="restaurant.repository.ts" path="/Users/eldpswp99/2023-2/swapp/swpp-2023-project-team-13/backend/src/review/repositories/restaurant.repository.ts">
        <metrics statements="8" coveredstatements="8" conditionals="1" coveredconditionals="1" methods="1" coveredmethods="1"/>
        <line num="1" count="19" type="stmt"/>
        <line num="2" count="19" type="stmt"/>
        <line num="3" count="19" type="stmt"/>
        <line num="7" count="19" type="stmt"/>
        <line num="9" count="6" type="stmt"/>
        <line num="10" count="6" type="stmt"/>
        <line num="14" count="6" type="cond" truecount="1" falsecount="0"/>
        <line num="16" count="5" type="stmt"/>
      </file>
      <file name="review.repository.ts" path="/Users/eldpswp99/2023-2/swapp/swpp-2023-project-team-13/backend/src/review/repositories/review.repository.ts">
        <metrics statements="16" coveredstatements="16" conditionals="1" coveredconditionals="1" methods="8" coveredmethods="8"/>
        <line num="1" count="19" type="stmt"/>
        <line num="2" count="19" type="stmt"/>
        <line num="3" count="19" type="stmt"/>
        <line num="7" count="19" type="stmt"/>
        <line num="10" count="19" type="stmt"/>
        <line num="12" count="3" type="stmt"/>
        <line num="20" count="3" type="stmt"/>
        <line num="26" count="3" type="stmt"/>
        <line num="35" count="3" type="cond" truecount="1" falsecount="0"/>
        <line num="37" count="2" type="stmt"/>
        <line num="41" count="16" type="stmt"/>
        <line num="55" count="7" type="stmt"/>
        <line num="63" count="6" type="stmt"/>
        <line num="74" count="6" type="stmt"/>
        <line num="76" count="6" type="stmt"/>
        <line num="84" count="4" type="stmt"/>
      </file>
    </package>
    <package name="src.test">
      <metrics statements="4" coveredstatements="4" conditionals="0" coveredconditionals="0" methods="1" coveredmethods="1"/>
      <file name="utils.ts" path="/Users/eldpswp99/2023-2/swapp/swpp-2023-project-team-13/backend/src/test/utils.ts">
        <metrics statements="4" coveredstatements="4" conditionals="0" coveredconditionals="0" methods="1" coveredmethods="1"/>
        <line num="1" count="12" type="stmt"/>
        <line num="2" count="35" type="stmt"/>
        <line num="3" count="35" type="stmt"/>
        <line num="4" count="131" type="stmt"/>
      </file>
    </package>
    <package name="src.test.fixture">
      <metrics statements="13" coveredstatements="13" conditionals="48" coveredconditionals="36" methods="4" coveredmethods="4"/>
      <file name="image.fixture.ts" path="/Users/eldpswp99/2023-2/swapp/swpp-2023-project-team-13/backend/src/test/fixture/image.fixture.ts">
        <metrics statements="3" coveredstatements="3" conditionals="12" coveredconditionals="9" methods="1" coveredmethods="1"/>
        <line num="2" count="9" type="stmt"/>
        <line num="10" count="9" type="stmt"/>
        <line num="16" count="50" type="stmt"/>
      </file>
      <file name="restaurant.fixture.ts" path="/Users/eldpswp99/2023-2/swapp/swpp-2023-project-team-13/backend/src/test/fixture/restaurant.fixture.ts">
        <metrics statements="3" coveredstatements="3" conditionals="12" coveredconditionals="9" methods="1" coveredmethods="1"/>
        <line num="1" count="9" type="stmt"/>
        <line num="9" count="9" type="stmt"/>
        <line num="15" count="46" type="stmt"/>
      </file>
      <file name="review.fixture.ts" path="/Users/eldpswp99/2023-2/swapp/swpp-2023-project-team-13/backend/src/test/fixture/review.fixture.ts">
        <metrics statements="4" coveredstatements="4" conditionals="12" coveredconditionals="9" methods="1" coveredmethods="1"/>
        <line num="4" count="8" type="stmt"/>
        <line num="5" count="8" type="stmt"/>
        <line num="14" count="8" type="stmt"/>
        <line num="21" count="54" type="stmt"/>
      </file>
      <file name="user.fixture.ts" path="/Users/eldpswp99/2023-2/swapp/swpp-2023-project-team-13/backend/src/test/fixture/user.fixture.ts">
        <metrics statements="3" coveredstatements="3" conditionals="12" coveredconditionals="9" methods="1" coveredmethods="1"/>
        <line num="1" count="17" type="stmt"/>
        <line num="9" count="17" type="stmt"/>
        <line num="11" count="143" type="stmt"/>
      </file>
    </package>
    <package name="src.test.review">
      <metrics statements="22" coveredstatements="22" conditionals="0" coveredconditionals="0" methods="7" coveredmethods="7"/>
      <file name="validateReviewList.ts" path="/Users/eldpswp99/2023-2/swapp/swpp-2023-project-team-13/backend/src/test/review/validateReviewList.ts">
        <metrics statements="22" coveredstatements="22" conditionals="0" coveredconditionals="0" methods="7" coveredmethods="7"/>
        <line num="1" count="8" type="stmt"/>
        <line num="3" count="8" type="stmt"/>
        <line num="4" count="4" type="stmt"/>
        <line num="5" count="4" type="stmt"/>
        <line num="6" count="4" type="stmt"/>
        <line num="10" count="8" type="stmt"/>
        <line num="11" count="5" type="stmt"/>
        <line num="22" count="5" type="stmt"/>
        <line num="23" count="5" type="stmt"/>
        <line num="24" count="5" type="stmt"/>
        <line num="27" count="8" type="stmt"/>
        <line num="28" count="2" type="stmt"/>
        <line num="29" count="2" type="stmt"/>
        <line num="30" count="3" type="stmt"/>
        <line num="34" count="8" type="stmt"/>
        <line num="35" count="8" type="stmt"/>
        <line num="44" count="8" type="stmt"/>
        <line num="45" count="6" type="stmt"/>
        <line num="48" count="8" type="stmt"/>
        <line num="50" count="4" type="stmt"/>
        <line num="53" count="5" type="stmt"/>
        <line num="54" count="4" type="stmt"/>
      </file>
    </package>
    <package name="src.typeorm-ex">
      <metrics statements="16" coveredstatements="15" conditionals="1" coveredconditionals="0" methods="3" coveredmethods="3"/>
      <file name="typeorm-ex.decorator.ts" path="/Users/eldpswp99/2023-2/swapp/swpp-2023-project-team-13/backend/src/typeorm-ex/typeorm-ex.decorator.ts">
        <metrics statements="4" coveredstatements="4" conditionals="0" coveredconditionals="0" methods="1" coveredmethods="1"/>
        <line num="1" count="19" type="stmt"/>
        <line num="3" count="19" type="stmt"/>
        <line num="6" count="19" type="stmt"/>
        <line num="7" count="76" type="stmt"/>
      </file>
      <file name="typeorm-ex.module.ts" path="/Users/eldpswp99/2023-2/swapp/swpp-2023-project-team-13/backend/src/typeorm-ex/typeorm-ex.module.ts">
        <metrics statements="12" coveredstatements="11" conditionals="1" coveredconditionals="0" methods="2" coveredmethods="2"/>
        <line num="2" count="19" type="stmt"/>
        <line num="4" count="19" type="stmt"/>
        <line num="6" count="19" type="stmt"/>
        <line num="10" count="57" type="stmt"/>
        <line num="12" count="57" type="stmt"/>
        <line num="13" count="95" type="stmt"/>
        <line num="18" count="95" type="cond" truecount="0" falsecount="1"/>
        <line num="19" count="0" type="stmt"/>
        <line num="22" count="95" type="stmt"/>
        <line num="26" count="144" type="stmt"/>
        <line num="27" count="144" type="stmt"/>
        <line num="36" count="57" type="stmt"/>
      </file>
    </package>
    <package name="src.user">
      <metrics statements="76" coveredstatements="71" conditionals="8" coveredconditionals="6" methods="12" coveredmethods="11"/>
      <file name="custom-query.command.ts" path="/Users/eldpswp99/2023-2/swapp/swpp-2023-project-team-13/backend/src/user/custom-query.command.ts">
        <metrics statements="10" coveredstatements="6" conditionals="0" coveredconditionals="0" methods="1" coveredmethods="0"/>
        <line num="1" count="19" type="stmt"/>
        <line num="3" count="19" type="stmt"/>
        <line num="4" count="19" type="stmt"/>
        <line num="7" count="19" type="stmt"/>
        <line num="8" count="19" type="stmt"/>
        <line num="13" count="19" type="stmt"/>
        <line num="31" count="0" type="stmt"/>
        <line num="35" count="0" type="stmt"/>
        <line num="47" count="0" type="stmt"/>
        <line num="51" count="0" type="stmt"/>
      </file>
      <file name="user.controller.ts" path="/Users/eldpswp99/2023-2/swapp/swpp-2023-project-team-13/backend/src/user/user.controller.ts">
        <metrics statements="47" coveredstatements="46" conditionals="6" coveredconditionals="4" methods="8" coveredmethods="8"/>
        <line num="1" count="19" type="stmt"/>
        <line num="15" count="19" type="stmt"/>
        <line num="16" count="19" type="stmt"/>
        <line num="17" count="19" type="stmt"/>
        <line num="18" count="19" type="stmt"/>
        <line num="19" count="19" type="stmt"/>
        <line num="21" count="19" type="stmt"/>
        <line num="22" count="19" type="stmt"/>
        <line num="23" count="19" type="stmt"/>
        <line num="24" count="19" type="stmt"/>
        <line num="25" count="19" type="stmt"/>
        <line num="28" count="19" type="stmt"/>
        <line num="30" count="36" type="stmt"/>
        <line num="31" count="36" type="stmt"/>
        <line num="35" count="19" type="stmt"/>
        <line num="36" count="2" type="stmt"/>
        <line num="39" count="2" type="cond" truecount="1" falsecount="0"/>
        <line num="40" count="1" type="stmt"/>
        <line num="42" count="1" type="stmt"/>
        <line num="47" count="19" type="stmt"/>
        <line num="51" count="4" type="cond" truecount="1" falsecount="0"/>
        <line num="52" count="1" type="stmt"/>
        <line num="55" count="3" type="stmt"/>
        <line num="64" count="19" type="stmt"/>
        <line num="68" count="12" type="cond" truecount="1" falsecount="0"/>
        <line num="69" count="1" type="stmt"/>
        <line num="71" count="11" type="stmt"/>
        <line num="75" count="11" type="cond" truecount="0" falsecount="1"/>
        <line num="76" count="0" type="stmt"/>
        <line num="79" count="11" type="stmt"/>
        <line num="84" count="19" type="stmt"/>
        <line num="85" count="5" type="stmt"/>
        <line num="86" count="5" type="stmt"/>
        <line num="88" count="5" type="stmt"/>
        <line num="93" count="19" type="stmt"/>
        <line num="97" count="2" type="stmt"/>
        <line num="101" count="2" type="cond" truecount="0" falsecount="1"/>
        <line num="103" count="2" type="stmt"/>
        <line num="104" count="2" type="stmt"/>
        <line num="106" count="2" type="stmt"/>
        <line num="111" count="19" type="stmt"/>
        <line num="112" count="4" type="stmt"/>
        <line num="114" count="4" type="stmt"/>
        <line num="116" count="4" type="stmt"/>
        <line num="119" count="4" type="cond" truecount="1" falsecount="0"/>
        <line num="120" count="1" type="stmt"/>
        <line num="123" count="4" type="stmt"/>
      </file>
      <file name="user.module.ts" path="/Users/eldpswp99/2023-2/swapp/swpp-2023-project-team-13/backend/src/user/user.module.ts">
        <metrics statements="8" coveredstatements="8" conditionals="0" coveredconditionals="0" methods="0" coveredmethods="0"/>
        <line num="1" count="19" type="stmt"/>
        <line num="2" count="19" type="stmt"/>
        <line num="3" count="19" type="stmt"/>
        <line num="4" count="19" type="stmt"/>
        <line num="5" count="19" type="stmt"/>
        <line num="6" count="19" type="stmt"/>
        <line num="7" count="19" type="stmt"/>
        <line num="14" count="19" type="stmt"/>
      </file>
      <file name="user.service.ts" path="/Users/eldpswp99/2023-2/swapp/swpp-2023-project-team-13/backend/src/user/user.service.ts">
        <metrics statements="11" coveredstatements="11" conditionals="2" coveredconditionals="2" methods="3" coveredmethods="3"/>
        <line num="1" count="19" type="stmt"/>
        <line num="4" count="19" type="stmt"/>
        <line num="7" count="19" type="stmt"/>
        <line num="8" count="36" type="stmt"/>
        <line num="11" count="1" type="stmt"/>
        <line num="12" count="1" type="stmt"/>
        <line num="13" count="1" type="stmt"/>
        <line num="17" count="11" type="stmt"/>
        <line num="18" count="11" type="cond" truecount="2" falsecount="0"/>
        <line num="19" count="4" type="stmt"/>
        <line num="21" count="7" type="stmt"/>
      </file>
    </package>
    <package name="src.user.in-dtos">
      <metrics statements="9" coveredstatements="9" conditionals="0" coveredconditionals="0" methods="0" coveredmethods="0"/>
      <file name="changePasswordDto.ts" path="/Users/eldpswp99/2023-2/swapp/swpp-2023-project-team-13/backend/src/user/in-dtos/changePasswordDto.ts">
        <metrics statements="4" coveredstatements="4" conditionals="0" coveredconditionals="0" methods="0" coveredmethods="0"/>
        <line num="1" count="19" type="stmt"/>
        <line num="3" count="19" type="stmt"/>
        <line num="5" count="19" type="stmt"/>
        <line num="8" count="19" type="stmt"/>
      </file>
      <file name="createuser.dto.ts" path="/Users/eldpswp99/2023-2/swapp/swpp-2023-project-team-13/backend/src/user/in-dtos/createuser.dto.ts">
        <metrics statements="5" coveredstatements="5" conditionals="0" coveredconditionals="0" methods="0" coveredmethods="0"/>
        <line num="1" count="19" type="stmt"/>
        <line num="3" count="19" type="stmt"/>
        <line num="6" count="19" type="stmt"/>
        <line num="10" count="19" type="stmt"/>
        <line num="14" count="19" type="stmt"/>
      </file>
    </package>
    <package name="src.user.models">
      <metrics statements="42" coveredstatements="42" conditionals="2" coveredconditionals="2" methods="22" coveredmethods="22"/>
      <file name="follow.entity.ts" path="/Users/eldpswp99/2023-2/swapp/swpp-2023-project-team-13/backend/src/user/models/follow.entity.ts">
        <metrics statements="8" coveredstatements="8" conditionals="0" coveredconditionals="0" methods="3" coveredmethods="3"/>
        <line num="1" count="19" type="stmt"/>
        <line num="2" count="19" type="stmt"/>
        <line num="3" count="19" type="stmt"/>
        <line num="6" count="19" type="stmt"/>
        <line num="7" count="36" type="stmt"/>
        <line num="8" count="19" type="stmt"/>
        <line num="10" count="36" type="stmt"/>
        <line num="11" count="19" type="stmt"/>
      </file>
      <file name="user.entity.ts" path="/Users/eldpswp99/2023-2/swapp/swpp-2023-project-team-13/backend/src/user/models/user.entity.ts">
        <metrics statements="34" coveredstatements="34" conditionals="2" coveredconditionals="2" methods="19" coveredmethods="19"/>
        <line num="1" count="19" type="stmt"/>
        <line num="2" count="19" type="stmt"/>
        <line num="3" count="19" type="stmt"/>
        <line num="4" count="19" type="stmt"/>
        <line num="5" count="19" type="stmt"/>
        <line num="8" count="19" type="stmt"/>
        <line num="9" count="19" type="stmt"/>
        <line num="12" count="19" type="stmt"/>
        <line num="14" count="19" type="stmt"/>
        <line num="16" count="19" type="stmt"/>
        <line num="18" count="19" type="stmt"/>
        <line num="19" count="36" type="stmt"/>
        <line num="20" count="19" type="stmt"/>
        <line num="24" count="36" type="stmt"/>
        <line num="25" count="19" type="stmt"/>
        <line num="27" count="36" type="stmt"/>
        <line num="28" count="19" type="stmt"/>
        <line num="31" count="86" type="stmt"/>
        <line num="35" count="19" type="stmt"/>
        <line num="36" count="144" type="stmt"/>
        <line num="40" count="85" type="stmt"/>
        <line num="41" count="85" type="stmt"/>
        <line num="43" count="85" type="stmt"/>
        <line num="50" count="85" type="stmt"/>
        <line num="56" count="85" type="stmt"/>
        <line num="62" count="171" type="stmt"/>
        <line num="69" count="3" type="stmt"/>
        <line num="70" count="3" type="stmt"/>
        <line num="74" count="147" type="stmt"/>
        <line num="78" count="14" type="stmt"/>
        <line num="85" count="5" type="stmt"/>
        <line num="89" count="12" type="stmt"/>
        <line num="98" count="7" type="stmt"/>
        <line num="104" count="7" type="stmt"/>
      </file>
    </package>
    <package name="src.user.out-dtos">
      <metrics statements="13" coveredstatements="13" conditionals="0" coveredconditionals="0" methods="4" coveredmethods="4"/>
      <file name="userInfo.dto.ts" path="/Users/eldpswp99/2023-2/swapp/swpp-2023-project-team-13/backend/src/user/out-dtos/userInfo.dto.ts">
        <metrics statements="7" coveredstatements="7" conditionals="0" coveredconditionals="0" methods="1" coveredmethods="1"/>
        <line num="3" count="19" type="stmt"/>
        <line num="16" count="7" type="stmt"/>
        <line num="17" count="7" type="stmt"/>
        <line num="18" count="7" type="stmt"/>
        <line num="19" count="7" type="stmt"/>
        <line num="20" count="7" type="stmt"/>
        <line num="21" count="7" type="stmt"/>
      </file>
      <file name="userList.dto.ts" path="/Users/eldpswp99/2023-2/swapp/swpp-2023-project-team-13/backend/src/user/out-dtos/userList.dto.ts">
        <metrics statements="3" coveredstatements="3" conditionals="0" coveredconditionals="0" methods="2" coveredmethods="2"/>
        <line num="2" count="19" type="stmt"/>
        <line num="4" count="19" type="stmt"/>
        <line num="8" count="12" type="stmt"/>
      </file>
      <file name="userSummary.dto.ts" path="/Users/eldpswp99/2023-2/swapp/swpp-2023-project-team-13/backend/src/user/out-dtos/userSummary.dto.ts">
        <metrics statements="3" coveredstatements="3" conditionals="0" coveredconditionals="0" methods="1" coveredmethods="1"/>
        <line num="3" count="19" type="stmt"/>
        <line num="8" count="12" type="stmt"/>
        <line num="9" count="12" type="stmt"/>
      </file>
    </package>
    <package name="src.user.repostiories">
      <metrics statements="8" coveredstatements="8" conditionals="2" coveredconditionals="2" methods="3" coveredmethods="3"/>
      <file name="user.repository.ts" path="/Users/eldpswp99/2023-2/swapp/swpp-2023-project-team-13/backend/src/user/repostiories/user.repository.ts">
        <metrics statements="8" coveredstatements="8" conditionals="2" coveredconditionals="2" methods="3" coveredmethods="3"/>
        <line num="1" count="19" type="stmt"/>
        <line num="2" count="19" type="stmt"/>
        <line num="3" count="19" type="stmt"/>
        <line num="7" count="19" type="stmt"/>
        <line num="9" count="74" type="stmt"/>
        <line num="10" count="74" type="cond" truecount="2" falsecount="0"/>
        <line num="14" count="4" type="stmt"/>
        <line num="20" count="1" type="stmt"/>
      </file>
    </package>
  </project>
</coverage>
