{"/Users/eldpswp99/2023-2/swapp/swpp-2023-project-team-13/backend/src/app.controller.ts": {"path":"/Users/eldpswp99/2023-2/swapp/swpp-2023-project-team-13/backend/src/app.controller.ts","statementMap":{"0":{"start":{"line":1,"column":0},"end":{"line":1,"column":49}},"1":{"start":{"line":2,"column":0},"end":{"line":2,"column":43}},"2":{"start":{"line":5,"column":7},"end":{"line":12,"column":null}},"3":{"start":{"line":6,"column":31},"end":{"line":6,"column":43}},"4":{"start":{"line":10,"column":4},"end":{"line":10,"column":38}},"5":{"start":{"line":5,"column":13},"end":{"line":5,"column":26}},"6":{"start":{"line":9,"column":2},"end":{"line":11,"column":null}},"7":{"start":{"line":5,"column":13},"end":{"line":12,"column":null}}},"fnMap":{"0":{"name":"(anonymous_2)","decl":{"start":{"line":6,"column":2},"end":{"line":6,"column":31}},"loc":{"start":{"line":6,"column":53},"end":{"line":6,"column":57}}},"1":{"name":"(anonymous_3)","decl":{"start":{"line":9,"column":2},"end":{"line":9,"column":10}},"loc":{"start":{"line":9,"column":10},"end":{"line":11,"column":3}}}},"branchMap":{},"s":{"0":19,"1":19,"2":19,"3":36,"4":0,"5":19,"6":19,"7":19},"f":{"0":36,"1":0},"b":{}}
,"/Users/eldpswp99/2023-2/swapp/swpp-2023-project-team-13/backend/src/app.module.ts": {"path":"/Users/eldpswp99/2023-2/swapp/swpp-2023-project-team-13/backend/src/app.module.ts","statementMap":{"0":{"start":{"line":1,"column":0},"end":{"line":1,"column":40}},"1":{"start":{"line":2,"column":0},"end":{"line":2,"column":49}},"2":{"start":{"line":3,"column":0},"end":{"line":3,"column":43}},"3":{"start":{"line":4,"column":0},"end":{"line":4,"column":48}},"4":{"start":{"line":5,"column":0},"end":{"line":5,"column":48}},"5":{"start":{"line":6,"column":0},"end":{"line":6,"column":46}},"6":{"start":{"line":7,"column":0},"end":{"line":7,"column":48}},"7":{"start":{"line":8,"column":0},"end":{"line":8,"column":46}},"8":{"start":{"line":9,"column":0},"end":{"line":9,"column":55}},"9":{"start":{"line":10,"column":0},"end":{"line":10,"column":54}},"10":{"start":{"line":11,"column":0},"end":{"line":11,"column":48}},"11":{"start":{"line":28,"column":7},"end":{"line":28,"column":null}},"12":{"start":{"line":28,"column":13},"end":{"line":28,"column":22}},"13":{"start":{"line":28,"column":13},"end":{"line":28,"column":null}}},"fnMap":{},"branchMap":{},"s":{"0":19,"1":19,"2":19,"3":19,"4":19,"5":19,"6":19,"7":19,"8":19,"9":19,"10":19,"11":19,"12":19,"13":19},"f":{},"b":{}}
,"/Users/eldpswp99/2023-2/swapp/swpp-2023-project-team-13/backend/src/app.service.ts": {"path":"/Users/eldpswp99/2023-2/swapp/swpp-2023-project-team-13/backend/src/app.service.ts","statementMap":{"0":{"start":{"line":1,"column":0},"end":{"line":1,"column":44}},"1":{"start":{"line":4,"column":7},"end":{"line":8,"column":null}},"2":{"start":{"line":6,"column":4},"end":{"line":6,"column":26}},"3":{"start":{"line":4,"column":13},"end":{"line":4,"column":23}},"4":{"start":{"line":4,"column":13},"end":{"line":8,"column":null}}},"fnMap":{"0":{"name":"(anonymous_1)","decl":{"start":{"line":5,"column":2},"end":{"line":5,"column":10}},"loc":{"start":{"line":5,"column":10},"end":{"line":7,"column":3}}}},"branchMap":{},"s":{"0":19,"1":19,"2":0,"3":19,"4":19},"f":{"0":0},"b":{}}
,"/Users/eldpswp99/2023-2/swapp/swpp-2023-project-team-13/backend/src/main.ts": {"path":"/Users/eldpswp99/2023-2/swapp/swpp-2023-project-team-13/backend/src/main.ts","statementMap":{"0":{"start":{"line":1,"column":0},"end":{"line":1,"column":54}},"1":{"start":{"line":2,"column":0},"end":{"line":2,"column":41}},"2":{"start":{"line":3,"column":0},"end":{"line":3,"column":null}},"3":{"start":{"line":8,"column":0},"end":{"line":8,"column":46}},"4":{"start":{"line":9,"column":0},"end":{"line":9,"column":48}},"5":{"start":{"line":12,"column":2},"end":{"line":14,"column":null}},"6":{"start":{"line":13,"column":4},"end":{"line":13,"column":41}},"7":{"start":{"line":16,"column":14},"end":{"line":16,"column":49}},"8":{"start":{"line":17,"column":2},"end":{"line":17,"column":26}},"9":{"start":{"line":18,"column":2},"end":{"line":18,"column":24}},"10":{"start":{"line":19,"column":2},"end":{"line":21,"column":null}},"11":{"start":{"line":20,"column":4},"end":{"line":20,"column":47}},"12":{"start":{"line":25,"column":2},"end":{"line":31,"column":4}},"13":{"start":{"line":32,"column":2},"end":{"line":32,"column":80}},"14":{"start":{"line":24,"column":0},"end":{"line":24,"column":7}},"15":{"start":{"line":35,"column":0},"end":{"line":35,"column":12}}},"fnMap":{"0":{"name":"bootstrap","decl":{"start":{"line":11,"column":15},"end":{"line":11,"column":24}},"loc":{"start":{"line":11,"column":24},"end":{"line":22,"column":1}}},"1":{"name":"appSetting","decl":{"start":{"line":24,"column":22},"end":{"line":24,"column":32}},"loc":{"start":{"line":24,"column":54},"end":{"line":33,"column":1}}}},"branchMap":{"0":{"loc":{"start":{"line":12,"column":2},"end":{"line":14,"column":null}},"type":"if","locations":[{"start":{"line":12,"column":2},"end":{"line":14,"column":null}}]},"1":{"loc":{"start":{"line":19,"column":2},"end":{"line":21,"column":null}},"type":"if","locations":[{"start":{"line":19,"column":2},"end":{"line":21,"column":null}}]},"2":{"loc":{"start":{"line":20,"column":21},"end":{"line":20,"column":45}},"type":"cond-expr","locations":[{"start":{"line":20,"column":37},"end":{"line":20,"column":41}},{"start":{"line":20,"column":41},"end":{"line":20,"column":45}}]},"3":{"loc":{"start":{"line":20,"column":21},"end":{"line":20,"column":41}},"type":"binary-expr","locations":[{"start":{"line":20,"column":21},"end":{"line":20,"column":41}},{"start":{"line":20,"column":37},"end":{"line":20,"column":41}}]}},"s":{"0":17,"1":17,"2":17,"3":17,"4":17,"5":17,"6":0,"7":17,"8":17,"9":17,"10":17,"11":0,"12":34,"13":34,"14":17,"15":17},"f":{"0":17,"1":34},"b":{"0":[0],"1":[0],"2":[0,0],"3":[0,0]}}
,"/Users/eldpswp99/2023-2/swapp/swpp-2023-project-team-13/backend/src/auth/auth.controller.ts": {"path":"/Users/eldpswp99/2023-2/swapp/swpp-2023-project-team-13/backend/src/auth/auth.controller.ts","statementMap":{"0":{"start":{"line":1,"column":0},"end":{"line":1,"column":72}},"1":{"start":{"line":2,"column":0},"end":{"line":2,"column":59}},"2":{"start":{"line":4,"column":0},"end":{"line":4,"column":58}},"3":{"start":{"line":5,"column":0},"end":{"line":5,"column":59}},"4":{"start":{"line":6,"column":0},"end":{"line":6,"column":42}},"5":{"start":{"line":7,"column":0},"end":{"line":7,"column":70}},"6":{"start":{"line":11,"column":7},"end":{"line":27,"column":null}},"7":{"start":{"line":12,"column":31},"end":{"line":12,"column":47}},"8":{"start":{"line":17,"column":42},"end":{"line":17,"column":60}},"9":{"start":{"line":18,"column":4},"end":{"line":18,"column":51}},"10":{"start":{"line":24,"column":42},"end":{"line":24,"column":60}},"11":{"start":{"line":25,"column":4},"end":{"line":25,"column":51}},"12":{"start":{"line":11,"column":13},"end":{"line":11,"column":27}},"13":{"start":{"line":16,"column":8},"end":{"line":19,"column":null}},"14":{"start":{"line":23,"column":8},"end":{"line":26,"column":null}},"15":{"start":{"line":11,"column":13},"end":{"line":27,"column":null}}},"fnMap":{"0":{"name":"(anonymous_4)","decl":{"start":{"line":12,"column":2},"end":{"line":12,"column":31}},"loc":{"start":{"line":12,"column":61},"end":{"line":12,"column":65}}},"1":{"name":"(anonymous_5)","decl":{"start":{"line":16,"column":2},"end":{"line":16,"column":7}},"loc":{"start":{"line":16,"column":63},"end":{"line":19,"column":3}}},"2":{"name":"(anonymous_6)","decl":{"start":{"line":23,"column":2},"end":{"line":23,"column":7}},"loc":{"start":{"line":23,"column":44},"end":{"line":26,"column":3}}}},"branchMap":{},"s":{"0":19,"1":19,"2":19,"3":19,"4":19,"5":19,"6":19,"7":36,"8":82,"9":82,"10":1,"11":1,"12":19,"13":19,"14":19,"15":19},"f":{"0":36,"1":82,"2":1},"b":{}}
,"/Users/eldpswp99/2023-2/swapp/swpp-2023-project-team-13/backend/src/auth/auth.module.ts": {"path":"/Users/eldpswp99/2023-2/swapp/swpp-2023-project-team-13/backend/src/auth/auth.module.ts","statementMap":{"0":{"start":{"line":1,"column":0},"end":{"line":1,"column":40}},"1":{"start":{"line":2,"column":0},"end":{"line":2,"column":51}},"2":{"start":{"line":3,"column":0},"end":{"line":3,"column":60}},"3":{"start":{"line":4,"column":0},"end":{"line":4,"column":73}},"4":{"start":{"line":5,"column":0},"end":{"line":5,"column":75}},"5":{"start":{"line":6,"column":0},"end":{"line":6,"column":45}},"6":{"start":{"line":7,"column":0},"end":{"line":7,"column":70}},"7":{"start":{"line":8,"column":0},"end":{"line":8,"column":66}},"8":{"start":{"line":20,"column":7},"end":{"line":20,"column":null}},"9":{"start":{"line":20,"column":13},"end":{"line":20,"column":23}},"10":{"start":{"line":20,"column":13},"end":{"line":20,"column":null}}},"fnMap":{},"branchMap":{},"s":{"0":19,"1":19,"2":19,"3":19,"4":19,"5":19,"6":19,"7":19,"8":19,"9":19,"10":19},"f":{},"b":{}}
,"/Users/eldpswp99/2023-2/swapp/swpp-2023-project-team-13/backend/src/auth/auth.service.ts": {"path":"/Users/eldpswp99/2023-2/swapp/swpp-2023-project-team-13/backend/src/auth/auth.service.ts","statementMap":{"0":{"start":{"line":3,"column":0},"end":{"line":3,"column":70}},"1":{"start":{"line":4,"column":0},"end":{"line":4,"column":67}},"2":{"start":{"line":8,"column":7},"end":{"line":19,"column":null}},"3":{"start":{"line":9,"column":22},"end":{"line":9,"column":38}},"4":{"start":{"line":12,"column":25},"end":{"line":12,"column":32}},"5":{"start":{"line":13,"column":17},"end":{"line":13,"column":67}},"6":{"start":{"line":14,"column":4},"end":{"line":16,"column":null}},"7":{"start":{"line":15,"column":6},"end":{"line":15,"column":18}},"8":{"start":{"line":17,"column":4},"end":{"line":17,"column":16}},"9":{"start":{"line":8,"column":13},"end":{"line":8,"column":24}},"10":{"start":{"line":8,"column":13},"end":{"line":19,"column":null}}},"fnMap":{"0":{"name":"(anonymous_2)","decl":{"start":{"line":9,"column":2},"end":{"line":9,"column":22}},"loc":{"start":{"line":9,"column":52},"end":{"line":9,"column":56}}},"1":{"name":"(anonymous_3)","decl":{"start":{"line":11,"column":2},"end":{"line":11,"column":7}},"loc":{"start":{"line":11,"column":47},"end":{"line":18,"column":3}}}},"branchMap":{"0":{"loc":{"start":{"line":14,"column":4},"end":{"line":16,"column":null}},"type":"if","locations":[{"start":{"line":14,"column":4},"end":{"line":16,"column":null}}]}},"s":{"0":19,"1":19,"2":19,"3":36,"4":72,"5":72,"6":72,"7":0,"8":72,"9":19,"10":19},"f":{"0":36,"1":72},"b":{"0":[0]}}
,"/Users/eldpswp99/2023-2/swapp/swpp-2023-project-team-13/backend/src/auth/guards.ts": {"path":"/Users/eldpswp99/2023-2/swapp/swpp-2023-project-team-13/backend/src/auth/guards.ts","statementMap":{"0":{"start":{"line":1,"column":0},"end":{"line":1,"column":45}},"1":{"start":{"line":5,"column":0},"end":{"line":5,"column":13}},"2":{"start":{"line":7,"column":0},"end":{"line":7,"column":13}},"3":{"start":{"line":33,"column":0},"end":{"line":33,"column":13}}},"fnMap":{},"branchMap":{},"s":{"0":19,"1":19,"2":19,"3":19},"f":{},"b":{}}
,"/Users/eldpswp99/2023-2/swapp/swpp-2023-project-team-13/backend/src/auth/controller/in-dtos/login.dto.ts": {"path":"/Users/eldpswp99/2023-2/swapp/swpp-2023-project-team-13/backend/src/auth/controller/in-dtos/login.dto.ts","statementMap":{"0":{"start":{"line":1,"column":0},"end":{"line":1,"column":43}},"1":{"start":{"line":3,"column":0},"end":{"line":3,"column":13}},"2":{"start":{"line":5,"column":2},"end":{"line":5,"column":null}},"3":{"start":{"line":8,"column":2},"end":{"line":8,"column":null}}},"fnMap":{},"branchMap":{},"s":{"0":19,"1":19,"2":19,"3":19},"f":{},"b":{}}
,"/Users/eldpswp99/2023-2/swapp/swpp-2023-project-team-13/backend/src/auth/controller/out-dtos/token.dto.ts": {"path":"/Users/eldpswp99/2023-2/swapp/swpp-2023-project-team-13/backend/src/auth/controller/out-dtos/token.dto.ts","statementMap":{"0":{"start":{"line":6,"column":4},"end":{"line":6,"column":35}},"1":{"start":{"line":7,"column":4},"end":{"line":7,"column":37}},"2":{"start":{"line":1,"column":0},"end":{"line":1,"column":13}}},"fnMap":{"0":{"name":"(anonymous_0)","decl":{"start":{"line":5,"column":2},"end":{"line":5,"column":14}},"loc":{"start":{"line":5,"column":55},"end":{"line":8,"column":3}}}},"branchMap":{},"s":{"0":83,"1":83,"2":19},"f":{"0":83},"b":{}}
,"/Users/eldpswp99/2023-2/swapp/swpp-2023-project-team-13/backend/src/auth/strategies/access.token.strategy.ts": {"path":"/Users/eldpswp99/2023-2/swapp/swpp-2023-project-team-13/backend/src/auth/strategies/access.token.strategy.ts","statementMap":{"0":{"start":{"line":1,"column":0},"end":{"line":1,"column":52}},"1":{"start":{"line":3,"column":0},"end":{"line":3,"column":52}},"2":{"start":{"line":4,"column":0},"end":{"line":4,"column":46}},"3":{"start":{"line":5,"column":0},"end":{"line":5,"column":67}},"4":{"start":{"line":9,"column":7},"end":{"line":26,"column":null}},"5":{"start":{"line":14,"column":4},"end":{"line":17,"column":7}},"6":{"start":{"line":13,"column":22},"end":{"line":13,"column":35}},"7":{"start":{"line":21,"column":17},"end":{"line":21,"column":68}},"8":{"start":{"line":22,"column":4},"end":{"line":22,"column":49}},"9":{"start":{"line":22,"column":15},"end":{"line":22,"column":49}},"10":{"start":{"line":24,"column":4},"end":{"line":24,"column":16}},"11":{"start":{"line":9,"column":13},"end":{"line":9,"column":32}},"12":{"start":{"line":9,"column":13},"end":{"line":26,"column":null}}},"fnMap":{"0":{"name":"(anonymous_2)","decl":{"start":{"line":13,"column":2},"end":{"line":13,"column":22}},"loc":{"start":{"line":13,"column":46},"end":{"line":18,"column":3}}},"1":{"name":"(anonymous_3)","decl":{"start":{"line":20,"column":2},"end":{"line":20,"column":7}},"loc":{"start":{"line":20,"column":36},"end":{"line":25,"column":3}}}},"branchMap":{"0":{"loc":{"start":{"line":22,"column":4},"end":{"line":22,"column":49}},"type":"if","locations":[{"start":{"line":22,"column":4},"end":{"line":22,"column":49}}]}},"s":{"0":19,"1":19,"2":19,"3":19,"4":19,"5":36,"6":36,"7":71,"8":71,"9":0,"10":71,"11":19,"12":19},"f":{"0":36,"1":71},"b":{"0":[0]}}
,"/Users/eldpswp99/2023-2/swapp/swpp-2023-project-team-13/backend/src/auth/strategies/local.strategy.ts": {"path":"/Users/eldpswp99/2023-2/swapp/swpp-2023-project-team-13/backend/src/auth/strategies/local.strategy.ts","statementMap":{"0":{"start":{"line":1,"column":0},"end":{"line":1,"column":null}},"1":{"start":{"line":6,"column":0},"end":{"line":6,"column":42}},"2":{"start":{"line":7,"column":0},"end":{"line":7,"column":52}},"3":{"start":{"line":8,"column":0},"end":{"line":8,"column":59}},"4":{"start":{"line":11,"column":7},"end":{"line":31,"column":null}},"5":{"start":{"line":13,"column":4},"end":{"line":13,"column":12}},"6":{"start":{"line":17,"column":17},"end":{"line":21,"column":6}},"7":{"start":{"line":23,"column":4},"end":{"line":29,"column":null}},"8":{"start":{"line":24,"column":6},"end":{"line":24,"column":36}},"9":{"start":{"line":25,"column":11},"end":{"line":29,"column":null}},"10":{"start":{"line":26,"column":6},"end":{"line":26,"column":18}},"11":{"start":{"line":28,"column":6},"end":{"line":28,"column":40}},"12":{"start":{"line":11,"column":13},"end":{"line":11,"column":26}},"13":{"start":{"line":11,"column":13},"end":{"line":31,"column":null}}},"fnMap":{"0":{"name":"(anonymous_2)","decl":{"start":{"line":12,"column":2},"end":{"line":12,"column":null}},"loc":{"start":{"line":12,"column":2},"end":{"line":14,"column":3}}},"1":{"name":"(anonymous_3)","decl":{"start":{"line":16,"column":2},"end":{"line":16,"column":7}},"loc":{"start":{"line":16,"column":51},"end":{"line":30,"column":3}}}},"branchMap":{"0":{"loc":{"start":{"line":23,"column":4},"end":{"line":29,"column":null}},"type":"if","locations":[{"start":{"line":23,"column":4},"end":{"line":29,"column":null}},{"start":{"line":25,"column":11},"end":{"line":29,"column":null}}]},"1":{"loc":{"start":{"line":25,"column":11},"end":{"line":29,"column":null}},"type":"if","locations":[{"start":{"line":25,"column":11},"end":{"line":29,"column":null}},{"start":{"line":27,"column":11},"end":{"line":29,"column":null}}]},"2":{"loc":{"start":{"line":25,"column":15},"end":{"line":25,"column":58}},"type":"binary-expr","locations":[{"start":{"line":25,"column":15},"end":{"line":25,"column":19}},{"start":{"line":25,"column":23},"end":{"line":25,"column":58}}]}},"s":{"0":19,"1":19,"2":19,"3":19,"4":19,"5":36,"6":83,"7":83,"8":1,"9":82,"10":82,"11":0,"12":19,"13":19},"f":{"0":36,"1":83},"b":{"0":[1,82],"1":[82,0],"2":[82,82]}}
,"/Users/eldpswp99/2023-2/swapp/swpp-2023-project-team-13/backend/src/auth/strategies/refresh.token.strategy.ts": {"path":"/Users/eldpswp99/2023-2/swapp/swpp-2023-project-team-13/backend/src/auth/strategies/refresh.token.strategy.ts","statementMap":{"0":{"start":{"line":1,"column":0},"end":{"line":1,"column":52}},"1":{"start":{"line":2,"column":0},"end":{"line":2,"column":52}},"2":{"start":{"line":3,"column":0},"end":{"line":3,"column":35}},"3":{"start":{"line":4,"column":0},"end":{"line":4,"column":67}},"4":{"start":{"line":6,"column":0},"end":{"line":6,"column":46}},"5":{"start":{"line":9,"column":7},"end":{"line":28,"column":null}},"6":{"start":{"line":14,"column":4},"end":{"line":18,"column":7}},"7":{"start":{"line":13,"column":31},"end":{"line":13,"column":44}},"8":{"start":{"line":22,"column":17},"end":{"line":22,"column":68}},"9":{"start":{"line":23,"column":4},"end":{"line":25,"column":null}},"10":{"start":{"line":24,"column":6},"end":{"line":24,"column":40}},"11":{"start":{"line":26,"column":4},"end":{"line":26,"column":16}},"12":{"start":{"line":9,"column":13},"end":{"line":9,"column":33}},"13":{"start":{"line":9,"column":13},"end":{"line":28,"column":null}}},"fnMap":{"0":{"name":"(anonymous_2)","decl":{"start":{"line":13,"column":2},"end":{"line":13,"column":31}},"loc":{"start":{"line":13,"column":55},"end":{"line":19,"column":3}}},"1":{"name":"(anonymous_3)","decl":{"start":{"line":21,"column":2},"end":{"line":21,"column":7}},"loc":{"start":{"line":21,"column":36},"end":{"line":27,"column":3}}}},"branchMap":{"0":{"loc":{"start":{"line":23,"column":4},"end":{"line":25,"column":null}},"type":"if","locations":[{"start":{"line":23,"column":4},"end":{"line":25,"column":null}}]}},"s":{"0":19,"1":19,"2":19,"3":19,"4":19,"5":19,"6":36,"7":36,"8":1,"9":1,"10":0,"11":1,"12":19,"13":19},"f":{"0":36,"1":1},"b":{"0":[0]}}
,"/Users/eldpswp99/2023-2/swapp/swpp-2023-project-team-13/backend/src/core/core.module.ts": {"path":"/Users/eldpswp99/2023-2/swapp/swpp-2023-project-team-13/backend/src/core/core.module.ts","statementMap":{"0":{"start":{"line":1,"column":0},"end":{"line":1,"column":40}},"1":{"start":{"line":2,"column":0},"end":{"line":2,"column":51}},"2":{"start":{"line":9,"column":7},"end":{"line":9,"column":null}},"3":{"start":{"line":9,"column":13},"end":{"line":9,"column":23}},"4":{"start":{"line":9,"column":13},"end":{"line":9,"column":null}}},"fnMap":{},"branchMap":{},"s":{"0":19,"1":19,"2":19,"3":19,"4":19},"f":{},"b":{}}
,"/Users/eldpswp99/2023-2/swapp/swpp-2023-project-team-13/backend/src/core/getEnvFilePath.ts": {"path":"/Users/eldpswp99/2023-2/swapp/swpp-2023-project-team-13/backend/src/core/getEnvFilePath.ts","statementMap":{"0":{"start":{"line":2,"column":14},"end":{"line":2,"column":35}},"1":{"start":{"line":3,"column":2},"end":{"line":9,"column":null}},"2":{"start":{"line":4,"column":4},"end":{"line":4,"column":18}},"3":{"start":{"line":5,"column":9},"end":{"line":9,"column":null}},"4":{"start":{"line":6,"column":4},"end":{"line":6,"column":23}},"5":{"start":{"line":8,"column":4},"end":{"line":8,"column":22}},"6":{"start":{"line":1,"column":0},"end":{"line":1,"column":16}}},"fnMap":{"0":{"name":"getEnvFilePath","decl":{"start":{"line":1,"column":16},"end":{"line":1,"column":30}},"loc":{"start":{"line":1,"column":30},"end":{"line":10,"column":1}}}},"branchMap":{"0":{"loc":{"start":{"line":3,"column":2},"end":{"line":9,"column":null}},"type":"if","locations":[{"start":{"line":3,"column":2},"end":{"line":9,"column":null}},{"start":{"line":5,"column":9},"end":{"line":9,"column":null}}]},"1":{"loc":{"start":{"line":3,"column":6},"end":{"line":3,"column":53}},"type":"binary-expr","locations":[{"start":{"line":3,"column":6},"end":{"line":3,"column":26}},{"start":{"line":3,"column":30},"end":{"line":3,"column":53}}]},"2":{"loc":{"start":{"line":5,"column":9},"end":{"line":9,"column":null}},"type":"if","locations":[{"start":{"line":5,"column":9},"end":{"line":9,"column":null}},{"start":{"line":7,"column":9},"end":{"line":9,"column":null}}]}},"s":{"0":38,"1":38,"2":0,"3":38,"4":38,"5":0,"6":19},"f":{"0":38},"b":{"0":[0,38],"1":[38,38],"2":[38,0]}}
,"/Users/eldpswp99/2023-2/swapp/swpp-2023-project-team-13/backend/src/core/ormconfig.ts": {"path":"/Users/eldpswp99/2023-2/swapp/swpp-2023-project-team-13/backend/src/core/ormconfig.ts","statementMap":{"0":{"start":{"line":1,"column":0},"end":{"line":1,"column":32}},"1":{"start":{"line":3,"column":0},"end":{"line":3,"column":64}},"2":{"start":{"line":4,"column":0},"end":{"line":4,"column":50}},"3":{"start":{"line":5,"column":0},"end":{"line":5,"column":29}},"4":{"start":{"line":6,"column":0},"end":{"line":6,"column":56}},"5":{"start":{"line":7,"column":0},"end":{"line":7,"column":62}},"6":{"start":{"line":8,"column":0},"end":{"line":8,"column":70}},"7":{"start":{"line":9,"column":0},"end":{"line":9,"column":60}},"8":{"start":{"line":10,"column":0},"end":{"line":10,"column":60}},"9":{"start":{"line":12,"column":20},"end":{"line":12,"column":36}},"10":{"start":{"line":13,"column":0},"end":{"line":13,"column":59}},"11":{"start":{"line":15,"column":37},"end":{"line":36,"column":2}},"12":{"start":{"line":38,"column":0},"end":{"line":38,"column":19}}},"fnMap":{},"branchMap":{"0":{"loc":{"start":{"line":18,"column":10},"end":{"line":18,"column":39}},"type":"cond-expr","locations":[{"start":{"line":18,"column":29},"end":{"line":18,"column":33}},{"start":{"line":18,"column":33},"end":{"line":18,"column":39}}]},"1":{"loc":{"start":{"line":18,"column":10},"end":{"line":18,"column":33}},"type":"binary-expr","locations":[{"start":{"line":18,"column":10},"end":{"line":18,"column":33}},{"start":{"line":18,"column":29},"end":{"line":18,"column":33}}]}},"s":{"0":19,"1":19,"2":19,"3":19,"4":19,"5":19,"6":19,"7":19,"8":19,"9":19,"10":19,"11":19,"12":19},"f":{},"b":{"0":[19,0],"1":[19,19]}}
,"/Users/eldpswp99/2023-2/swapp/swpp-2023-project-team-13/backend/src/core/s3Image.service.ts": {"path":"/Users/eldpswp99/2023-2/swapp/swpp-2023-project-team-13/backend/src/core/s3Image.service.ts","statementMap":{"0":{"start":{"line":1,"column":0},"end":{"line":1,"column":65}},"1":{"start":{"line":2,"column":0},"end":{"line":2,"column":64}},"2":{"start":{"line":5,"column":7},"end":{"line":35,"column":null}},"3":{"start":{"line":7,"column":4},"end":{"line":7,"column":64}},"4":{"start":{"line":7,"column":15},"end":{"line":7,"column":64}},"5":{"start":{"line":9,"column":4},"end":{"line":9,"column":52}},"6":{"start":{"line":13,"column":4},"end":{"line":13,"column":48}},"7":{"start":{"line":13,"column":41},"end":{"line":13,"column":48}},"8":{"start":{"line":15,"column":19},"end":{"line":21,"column":6}},"9":{"start":{"line":23,"column":4},"end":{"line":33,"column":null}},"10":{"start":{"line":24,"column":6},"end":{"line":30,"column":8}},"11":{"start":{"line":32,"column":6},"end":{"line":32,"column":55}},"12":{"start":{"line":5,"column":13},"end":{"line":5,"column":27}},"13":{"start":{"line":5,"column":13},"end":{"line":35,"column":null}}},"fnMap":{"0":{"name":"(anonymous_1)","decl":{"start":{"line":6,"column":2},"end":{"line":6,"column":7}},"loc":{"start":{"line":6,"column":74},"end":{"line":10,"column":3}}},"1":{"name":"(anonymous_2)","decl":{"start":{"line":12,"column":2},"end":{"line":12,"column":7}},"loc":{"start":{"line":12,"column":53},"end":{"line":34,"column":3}}}},"branchMap":{"0":{"loc":{"start":{"line":7,"column":4},"end":{"line":7,"column":64}},"type":"if","locations":[{"start":{"line":7,"column":4},"end":{"line":7,"column":64}}]},"1":{"loc":{"start":{"line":13,"column":4},"end":{"line":13,"column":48}},"type":"if","locations":[{"start":{"line":13,"column":4},"end":{"line":13,"column":48}}]}},"s":{"0":19,"1":19,"2":19,"3":4,"4":0,"5":4,"6":4,"7":4,"8":0,"9":0,"10":0,"11":0,"12":19,"13":19},"f":{"0":4,"1":4},"b":{"0":[0],"1":[4]}}
,"/Users/eldpswp99/2023-2/swapp/swpp-2023-project-team-13/backend/src/core/swagger.ts": {"path":"/Users/eldpswp99/2023-2/swapp/swpp-2023-project-team-13/backend/src/core/swagger.ts","statementMap":{"0":{"start":{"line":2,"column":0},"end":{"line":2,"column":65}},"1":{"start":{"line":5,"column":2},"end":{"line":5,"column":46}},"2":{"start":{"line":5,"column":39},"end":{"line":5,"column":46}},"3":{"start":{"line":7,"column":17},"end":{"line":11,"column":12}},"4":{"start":{"line":12,"column":19},"end":{"line":12,"column":60}},"5":{"start":{"line":13,"column":2},"end":{"line":13,"column":48}},"6":{"start":{"line":4,"column":0},"end":{"line":4,"column":7}}},"fnMap":{"0":{"name":"setUpSwagger","decl":{"start":{"line":4,"column":22},"end":{"line":4,"column":34}},"loc":{"start":{"line":4,"column":56},"end":{"line":14,"column":1}}}},"branchMap":{"0":{"loc":{"start":{"line":5,"column":2},"end":{"line":5,"column":46}},"type":"if","locations":[{"start":{"line":5,"column":2},"end":{"line":5,"column":46}}]}},"s":{"0":17,"1":17,"2":17,"3":0,"4":0,"5":0,"6":17},"f":{"0":17},"b":{"0":[17]}}
,"/Users/eldpswp99/2023-2/swapp/swpp-2023-project-team-13/backend/src/core/models/base.entity.ts": {"path":"/Users/eldpswp99/2023-2/swapp/swpp-2023-project-team-13/backend/src/core/models/base.entity.ts","statementMap":{"0":{"start":{"line":1,"column":0},"end":{"line":1,"column":null}},"1":{"start":{"line":7,"column":0},"end":{"line":7,"column":50}},"2":{"start":{"line":8,"column":0},"end":{"line":8,"column":44}},"3":{"start":{"line":9,"column":0},"end":{"line":9,"column":33}},"4":{"start":{"line":26,"column":2},"end":{"line":26,"column":32}},"5":{"start":{"line":29,"column":17},"end":{"line":29,"column":40}},"6":{"start":{"line":30,"column":4},"end":{"line":30,"column":37}},"7":{"start":{"line":11,"column":0},"end":{"line":11,"column":22}},"8":{"start":{"line":18,"column":2},"end":{"line":18,"column":null}},"9":{"start":{"line":21,"column":2},"end":{"line":21,"column":null}},"10":{"start":{"line":26,"column":2},"end":{"line":26,"column":null}}},"fnMap":{"0":{"name":"(anonymous_2)","decl":{"start":{"line":11,"column":0},"end":{"line":11,"column":22}},"loc":{"start":{"line":11,"column":0},"end":{"line":32,"column":1}}},"1":{"name":"(anonymous_3)","decl":{"start":{"line":28,"column":2},"end":{"line":28,"column":13}},"loc":{"start":{"line":28,"column":13},"end":{"line":31,"column":3}}}},"branchMap":{},"s":{"0":19,"1":19,"2":19,"3":19,"4":1078,"5":17,"6":17,"7":19,"8":19,"9":19,"10":19},"f":{"0":1078,"1":17},"b":{}}
,"/Users/eldpswp99/2023-2/swapp/swpp-2023-project-team-13/backend/src/review/ml-remote.ts": {"path":"/Users/eldpswp99/2023-2/swapp/swpp-2023-project-team-13/backend/src/review/ml-remote.ts","statementMap":{"0":{"start":{"line":1,"column":0},"end":{"line":1,"column":26}},"1":{"start":{"line":4,"column":2},"end":{"line":8,"column":9}},"2":{"start":{"line":3,"column":0},"end":{"line":3,"column":7}},"3":{"start":{"line":12,"column":2},"end":{"line":18,"column":4}},"4":{"start":{"line":11,"column":0},"end":{"line":11,"column":7}}},"fnMap":{"0":{"name":"getReceiptOcr","decl":{"start":{"line":3,"column":22},"end":{"line":3,"column":35}},"loc":{"start":{"line":3,"column":52},"end":{"line":9,"column":1}}},"1":{"name":"getReviewIsPositive","decl":{"start":{"line":11,"column":22},"end":{"line":11,"column":41}},"loc":{"start":{"line":11,"column":56},"end":{"line":19,"column":1}}}},"branchMap":{},"s":{"0":19,"1":0,"2":19,"3":0,"4":19},"f":{"0":0,"1":0},"b":{}}
,"/Users/eldpswp99/2023-2/swapp/swpp-2023-project-team-13/backend/src/review/review.controller.ts": {"path":"/Users/eldpswp99/2023-2/swapp/swpp-2023-project-team-13/backend/src/review/review.controller.ts","statementMap":{"0":{"start":{"line":1,"column":0},"end":{"line":1,"column":null}},"1":{"start":{"line":15,"column":0},"end":{"line":15,"column":66}},"2":{"start":{"line":16,"column":0},"end":{"line":16,"column":59}},"3":{"start":{"line":17,"column":0},"end":{"line":17,"column":51}},"4":{"start":{"line":18,"column":0},"end":{"line":18,"column":33}},"5":{"start":{"line":19,"column":0},"end":{"line":19,"column":57}},"6":{"start":{"line":20,"column":0},"end":{"line":20,"column":52}},"7":{"start":{"line":22,"column":0},"end":{"line":22,"column":49}},"8":{"start":{"line":23,"column":0},"end":{"line":23,"column":48}},"9":{"start":{"line":24,"column":0},"end":{"line":24,"column":68}},"10":{"start":{"line":25,"column":0},"end":{"line":25,"column":63}},"11":{"start":{"line":26,"column":0},"end":{"line":26,"column":65}},"12":{"start":{"line":27,"column":0},"end":{"line":27,"column":67}},"13":{"start":{"line":28,"column":0},"end":{"line":28,"column":56}},"14":{"start":{"line":30,"column":0},"end":{"line":30,"column":82}},"15":{"start":{"line":31,"column":0},"end":{"line":31,"column":71}},"16":{"start":{"line":32,"column":0},"end":{"line":32,"column":76}},"17":{"start":{"line":33,"column":0},"end":{"line":33,"column":29}},"18":{"start":{"line":37,"column":7},"end":{"line":158,"column":null}},"19":{"start":{"line":39,"column":12},"end":{"line":39,"column":28}},"20":{"start":{"line":40,"column":12},"end":{"line":40,"column":27}},"21":{"start":{"line":41,"column":12},"end":{"line":41,"column":30}},"22":{"start":{"line":42,"column":12},"end":{"line":42,"column":34}},"23":{"start":{"line":51,"column":4},"end":{"line":51,"column":48}},"24":{"start":{"line":61,"column":6},"end":{"line":61,"column":66}},"25":{"start":{"line":63,"column":4},"end":{"line":63,"column":38}},"26":{"start":{"line":69,"column":20},"end":{"line":69,"column":64}},"27":{"start":{"line":70,"column":4},"end":{"line":70,"column":38}},"28":{"start":{"line":76,"column":26},"end":{"line":76,"column":73}},"29":{"start":{"line":77,"column":4},"end":{"line":77,"column":44}},"30":{"start":{"line":86,"column":27},"end":{"line":86,"column":67}},"31":{"start":{"line":88,"column":24},"end":{"line":90,"column":null}},"32":{"start":{"line":93,"column":4},"end":{"line":93,"column":46}},"33":{"start":{"line":100,"column":6},"end":{"line":100,"column":59}},"34":{"start":{"line":102,"column":26},"end":{"line":102,"column":78}},"35":{"start":{"line":102,"column":57},"end":{"line":102,"column":77}},"36":{"start":{"line":103,"column":24},"end":{"line":105,"column":6}},"37":{"start":{"line":107,"column":4},"end":{"line":107,"column":46}},"38":{"start":{"line":116,"column":19},"end":{"line":116,"column":71}},"39":{"start":{"line":118,"column":4},"end":{"line":118,"column":63}},"40":{"start":{"line":118,"column":17},"end":{"line":118,"column":63}},"41":{"start":{"line":119,"column":4},"end":{"line":119,"column":52}},"42":{"start":{"line":128,"column":23},"end":{"line":130,"column":6}},"43":{"start":{"line":132,"column":4},"end":{"line":132,"column":67}},"44":{"start":{"line":132,"column":21},"end":{"line":132,"column":67}},"45":{"start":{"line":134,"column":20},"end":{"line":134,"column":70}},"46":{"start":{"line":136,"column":4},"end":{"line":136,"column":38}},"47":{"start":{"line":146,"column":22},"end":{"line":146,"column":66}},"48":{"start":{"line":148,"column":16},"end":{"line":148,"column":53}},"49":{"start":{"line":149,"column":4},"end":{"line":149,"column":57}},"50":{"start":{"line":150,"column":19},"end":{"line":150,"column":49}},"51":{"start":{"line":152,"column":18},"end":{"line":154,"column":13}},"52":{"start":{"line":156,"column":4},"end":{"line":156,"column":37}},"53":{"start":{"line":37,"column":13},"end":{"line":37,"column":29}},"54":{"start":{"line":47,"column":8},"end":{"line":52,"column":null}},"55":{"start":{"line":56,"column":8},"end":{"line":64,"column":null}},"56":{"start":{"line":68,"column":8},"end":{"line":71,"column":null}},"57":{"start":{"line":75,"column":8},"end":{"line":78,"column":null}},"58":{"start":{"line":82,"column":8},"end":{"line":94,"column":null}},"59":{"start":{"line":98,"column":8},"end":{"line":108,"column":null}},"60":{"start":{"line":112,"column":8},"end":{"line":120,"column":null}},"61":{"start":{"line":124,"column":8},"end":{"line":137,"column":null}},"62":{"start":{"line":145,"column":8},"end":{"line":157,"column":null}},"63":{"start":{"line":37,"column":13},"end":{"line":158,"column":null}}},"fnMap":{"0":{"name":"(anonymous_4)","decl":{"start":{"line":38,"column":2},"end":{"line":38,"column":null}},"loc":{"start":{"line":42,"column":54},"end":{"line":43,"column":6}}},"1":{"name":"(anonymous_5)","decl":{"start":{"line":47,"column":2},"end":{"line":47,"column":7}},"loc":{"start":{"line":49,"column":33},"end":{"line":52,"column":3}}},"2":{"name":"(anonymous_6)","decl":{"start":{"line":56,"column":2},"end":{"line":56,"column":7}},"loc":{"start":{"line":58,"column":47},"end":{"line":64,"column":3}}},"3":{"name":"(anonymous_7)","decl":{"start":{"line":68,"column":2},"end":{"line":68,"column":7}},"loc":{"start":{"line":68,"column":48},"end":{"line":71,"column":3}}},"4":{"name":"(anonymous_8)","decl":{"start":{"line":75,"column":2},"end":{"line":75,"column":7}},"loc":{"start":{"line":75,"column":23},"end":{"line":78,"column":3}}},"5":{"name":"(anonymous_9)","decl":{"start":{"line":82,"column":2},"end":{"line":82,"column":7}},"loc":{"start":{"line":84,"column":41},"end":{"line":94,"column":3}}},"6":{"name":"(anonymous_10)","decl":{"start":{"line":98,"column":2},"end":{"line":98,"column":7}},"loc":{"start":{"line":98,"column":55},"end":{"line":108,"column":3}}},"7":{"name":"(anonymous_11)","decl":{"start":{"line":102,"column":45},"end":{"line":102,"column":46}},"loc":{"start":{"line":102,"column":57},"end":{"line":102,"column":77}}},"8":{"name":"(anonymous_12)","decl":{"start":{"line":112,"column":2},"end":{"line":112,"column":7}},"loc":{"start":{"line":114,"column":39},"end":{"line":120,"column":3}}},"9":{"name":"(anonymous_13)","decl":{"start":{"line":124,"column":2},"end":{"line":124,"column":7}},"loc":{"start":{"line":126,"column":35},"end":{"line":137,"column":3}}},"10":{"name":"(anonymous_14)","decl":{"start":{"line":145,"column":2},"end":{"line":145,"column":7}},"loc":{"start":{"line":145,"column":61},"end":{"line":157,"column":3}}}},"branchMap":{"0":{"loc":{"start":{"line":118,"column":4},"end":{"line":118,"column":63}},"type":"if","locations":[{"start":{"line":118,"column":4},"end":{"line":118,"column":63}}]},"1":{"loc":{"start":{"line":132,"column":4},"end":{"line":132,"column":67}},"type":"if","locations":[{"start":{"line":132,"column":4},"end":{"line":132,"column":67}}]},"2":{"loc":{"start":{"line":146,"column":22},"end":{"line":146,"column":66}},"type":"cond-expr","locations":[{"start":{"line":146,"column":57},"end":{"line":146,"column":61}},{"start":{"line":146,"column":61},"end":{"line":146,"column":66}}]},"3":{"loc":{"start":{"line":146,"column":22},"end":{"line":146,"column":61}},"type":"binary-expr","locations":[{"start":{"line":146,"column":22},"end":{"line":146,"column":61}},{"start":{"line":146,"column":57},"end":{"line":146,"column":61}}]},"4":{"loc":{"start":{"line":146,"column":22},"end":{"line":146,"column":57}},"type":"cond-expr","locations":[{"start":{"line":146,"column":26},"end":{"line":146,"column":28}},{"start":{"line":146,"column":22},"end":{"line":146,"column":57}}]},"5":{"loc":{"start":{"line":146,"column":22},"end":{"line":146,"column":28}},"type":"binary-expr","locations":[{"start":{"line":146,"column":22},"end":{"line":146,"column":28}},{"start":{"line":146,"column":22},"end":{"line":146,"column":28}}]}},"s":{"0":19,"1":19,"2":19,"3":19,"4":19,"5":19,"6":19,"7":19,"8":19,"9":19,"10":19,"11":19,"12":19,"13":19,"14":19,"15":19,"16":19,"17":19,"18":19,"19":36,"20":36,"21":36,"22":36,"23":6,"24":3,"25":3,"26":4,"27":4,"28":4,"29":4,"30":4,"31":4,"32":4,"33":6,"34":6,"35":12,"36":6,"37":6,"38":3,"39":3,"40":1,"41":2,"42":3,"43":3,"44":0,"45":3,"46":3,"47":4,"48":4,"49":4,"50":4,"51":4,"52":4,"53":19,"54":19,"55":19,"56":19,"57":19,"58":19,"59":19,"60":19,"61":19,"62":19,"63":19},"f":{"0":36,"1":6,"2":3,"3":4,"4":4,"5":4,"6":6,"7":12,"8":3,"9":3,"10":4},"b":{"0":[1],"1":[0],"2":[4,0],"3":[4,4],"4":[0,4],"5":[4,4]}}
,"/Users/eldpswp99/2023-2/swapp/swpp-2023-project-team-13/backend/src/review/review.module.ts": {"path":"/Users/eldpswp99/2023-2/swapp/swpp-2023-project-team-13/backend/src/review/review.module.ts","statementMap":{"0":{"start":{"line":1,"column":0},"end":{"line":1,"column":40}},"1":{"start":{"line":2,"column":0},"end":{"line":2,"column":55}},"2":{"start":{"line":3,"column":0},"end":{"line":3,"column":49}},"3":{"start":{"line":4,"column":0},"end":{"line":4,"column":66}},"4":{"start":{"line":5,"column":0},"end":{"line":5,"column":76}},"5":{"start":{"line":6,"column":0},"end":{"line":6,"column":66}},"6":{"start":{"line":7,"column":0},"end":{"line":7,"column":49}},"7":{"start":{"line":8,"column":0},"end":{"line":8,"column":68}},"8":{"start":{"line":22,"column":7},"end":{"line":22,"column":null}},"9":{"start":{"line":22,"column":13},"end":{"line":22,"column":25}},"10":{"start":{"line":22,"column":13},"end":{"line":22,"column":null}}},"fnMap":{},"branchMap":{},"s":{"0":19,"1":19,"2":19,"3":19,"4":19,"5":19,"6":19,"7":19,"8":19,"9":19,"10":19},"f":{},"b":{}}
,"/Users/eldpswp99/2023-2/swapp/swpp-2023-project-team-13/backend/src/review/review.service.ts": {"path":"/Users/eldpswp99/2023-2/swapp/swpp-2023-project-team-13/backend/src/review/review.service.ts","statementMap":{"0":{"start":{"line":1,"column":0},"end":{"line":1,"column":65}},"1":{"start":{"line":4,"column":0},"end":{"line":4,"column":76}},"2":{"start":{"line":5,"column":0},"end":{"line":5,"column":66}},"3":{"start":{"line":6,"column":0},"end":{"line":6,"column":29}},"4":{"start":{"line":7,"column":0},"end":{"line":7,"column":54}},"5":{"start":{"line":9,"column":0},"end":{"line":9,"column":37}},"6":{"start":{"line":10,"column":0},"end":{"line":10,"column":65}},"7":{"start":{"line":14,"column":7},"end":{"line":77,"column":null}},"8":{"start":{"line":16,"column":21},"end":{"line":16,"column":43}},"9":{"start":{"line":17,"column":21},"end":{"line":17,"column":38}},"10":{"start":{"line":25,"column":8},"end":{"line":25,"column":23}},"11":{"start":{"line":28,"column":6},"end":{"line":28,"column":65}},"12":{"start":{"line":29,"column":19},"end":{"line":31,"column":6}},"13":{"start":{"line":32,"column":25},"end":{"line":32,"column":76}},"14":{"start":{"line":32,"column":48},"end":{"line":32,"column":75}},"15":{"start":{"line":33,"column":15},"end":{"line":33,"column":17}},"16":{"start":{"line":34,"column":4},"end":{"line":42,"column":null}},"17":{"start":{"line":35,"column":6},"end":{"line":35,"column":41}},"18":{"start":{"line":36,"column":6},"end":{"line":41,"column":null}},"19":{"start":{"line":37,"column":28},"end":{"line":37,"column":65}},"20":{"start":{"line":38,"column":8},"end":{"line":38,"column":35}},"21":{"start":{"line":40,"column":8},"end":{"line":40,"column":53}},"22":{"start":{"line":44,"column":21},"end":{"line":44,"column":26}},"23":{"start":{"line":45,"column":4},"end":{"line":49,"column":null}},"24":{"start":{"line":46,"column":6},"end":{"line":46,"column":54}},"25":{"start":{"line":48,"column":6},"end":{"line":48,"column":59}},"26":{"start":{"line":51,"column":4},"end":{"line":58,"column":14}},"27":{"start":{"line":65,"column":46},"end":{"line":65,"column":50}},"28":{"start":{"line":66,"column":22},"end":{"line":66,"column":26}},"29":{"start":{"line":68,"column":4},"end":{"line":75,"column":6}},"30":{"start":{"line":70,"column":8},"end":{"line":74,"column":28}},"31":{"start":{"line":14,"column":13},"end":{"line":14,"column":26}},"32":{"start":{"line":14,"column":13},"end":{"line":77,"column":null}}},"fnMap":{"0":{"name":"(anonymous_2)","decl":{"start":{"line":15,"column":2},"end":{"line":15,"column":null}},"loc":{"start":{"line":17,"column":53},"end":{"line":18,"column":6}}},"1":{"name":"(anonymous_3)","decl":{"start":{"line":19,"column":2},"end":{"line":19,"column":7}},"loc":{"start":{"line":19,"column":65},"end":{"line":59,"column":3}}},"2":{"name":"(anonymous_4)","decl":{"start":{"line":32,"column":37},"end":{"line":32,"column":38}},"loc":{"start":{"line":32,"column":48},"end":{"line":32,"column":75}}},"3":{"name":"(anonymous_5)","decl":{"start":{"line":61,"column":2},"end":{"line":61,"column":23}},"loc":{"start":{"line":63,"column":35},"end":{"line":76,"column":3}}},"4":{"name":"(anonymous_6)","decl":{"start":{"line":69,"column":6},"end":{"line":69,"column":7}},"loc":{"start":{"line":70,"column":8},"end":{"line":74,"column":28}}}},"branchMap":{"0":{"loc":{"start":{"line":30,"column":30},"end":{"line":30,"column":50}},"type":"cond-expr","locations":[{"start":{"line":30,"column":30},"end":{"line":30,"column":44}},{"start":{"line":30,"column":48},"end":{"line":30,"column":50}}]},"1":{"loc":{"start":{"line":30,"column":30},"end":{"line":30,"column":48}},"type":"binary-expr","locations":[{"start":{"line":30,"column":30},"end":{"line":30,"column":48}},{"start":{"line":30,"column":30},"end":{"line":30,"column":48}}]},"2":{"loc":{"start":{"line":34,"column":4},"end":{"line":42,"column":null}},"type":"if","locations":[{"start":{"line":34,"column":4},"end":{"line":42,"column":null}}]}},"s":{"0":19,"1":19,"2":19,"3":19,"4":19,"5":19,"6":19,"7":19,"8":36,"9":36,"10":6,"11":6,"12":6,"13":6,"14":6,"15":6,"16":6,"17":3,"18":3,"19":3,"20":2,"21":1,"22":5,"23":5,"24":5,"25":1,"26":4,"27":7,"28":7,"29":7,"30":13,"31":19,"32":19},"f":{"0":36,"1":6,"2":6,"3":7,"4":13},"b":{"0":[3,3],"1":[6,6],"2":[3]}}
,"/Users/eldpswp99/2023-2/swapp/swpp-2023-project-team-13/backend/src/review/dtos/in-dtos/createReview.dto.ts": {"path":"/Users/eldpswp99/2023-2/swapp/swpp-2023-project-team-13/backend/src/review/dtos/in-dtos/createReview.dto.ts","statementMap":{"0":{"start":{"line":1,"column":0},"end":{"line":1,"column":null}},"1":{"start":{"line":8,"column":0},"end":{"line":8,"column":49}},"2":{"start":{"line":9,"column":0},"end":{"line":9,"column":41}},"3":{"start":{"line":11,"column":0},"end":{"line":11,"column":13}},"4":{"start":{"line":13,"column":2},"end":{"line":13,"column":null}},"5":{"start":{"line":17,"column":2},"end":{"line":17,"column":null}},"6":{"start":{"line":21,"column":2},"end":{"line":21,"column":null}},"7":{"start":{"line":25,"column":2},"end":{"line":25,"column":null}},"8":{"start":{"line":24,"column":14},"end":{"line":24,"column":27}}},"fnMap":{"0":{"name":"(anonymous_2)","decl":{"start":{"line":24,"column":8},"end":{"line":24,"column":11}},"loc":{"start":{"line":24,"column":14},"end":{"line":24,"column":27}}}},"branchMap":{},"s":{"0":19,"1":19,"2":19,"3":19,"4":19,"5":19,"6":19,"7":19,"8":10},"f":{"0":10},"b":{}}
,"/Users/eldpswp99/2023-2/swapp/swpp-2023-project-team-13/backend/src/review/dtos/in-dtos/restaurant.dto.ts": {"path":"/Users/eldpswp99/2023-2/swapp/swpp-2023-project-team-13/backend/src/review/dtos/in-dtos/restaurant.dto.ts","statementMap":{"0":{"start":{"line":1,"column":0},"end":{"line":1,"column":53}},"1":{"start":{"line":3,"column":0},"end":{"line":3,"column":13}},"2":{"start":{"line":5,"column":2},"end":{"line":5,"column":null}},"3":{"start":{"line":8,"column":2},"end":{"line":8,"column":null}},"4":{"start":{"line":11,"column":2},"end":{"line":11,"column":null}},"5":{"start":{"line":14,"column":2},"end":{"line":14,"column":null}}},"fnMap":{},"branchMap":{},"s":{"0":19,"1":19,"2":19,"3":19,"4":19,"5":19},"f":{},"b":{}}
,"/Users/eldpswp99/2023-2/swapp/swpp-2023-project-team-13/backend/src/review/dtos/in-dtos/review-adjacent-query.dto.ts": {"path":"/Users/eldpswp99/2023-2/swapp/swpp-2023-project-team-13/backend/src/review/dtos/in-dtos/review-adjacent-query.dto.ts","statementMap":{"0":{"start":{"line":1,"column":0},"end":{"line":1,"column":43}},"1":{"start":{"line":2,"column":0},"end":{"line":2,"column":52}},"2":{"start":{"line":4,"column":0},"end":{"line":4,"column":13}},"3":{"start":{"line":7,"column":2},"end":{"line":7,"column":null}},"4":{"start":{"line":6,"column":14},"end":{"line":6,"column":20}},"5":{"start":{"line":11,"column":2},"end":{"line":11,"column":null}},"6":{"start":{"line":10,"column":14},"end":{"line":10,"column":20}},"7":{"start":{"line":15,"column":2},"end":{"line":15,"column":null}},"8":{"start":{"line":14,"column":14},"end":{"line":14,"column":20}}},"fnMap":{"0":{"name":"(anonymous_2)","decl":{"start":{"line":6,"column":8},"end":{"line":6,"column":11}},"loc":{"start":{"line":6,"column":14},"end":{"line":6,"column":20}}},"1":{"name":"(anonymous_3)","decl":{"start":{"line":10,"column":8},"end":{"line":10,"column":11}},"loc":{"start":{"line":10,"column":14},"end":{"line":10,"column":20}}},"2":{"name":"(anonymous_4)","decl":{"start":{"line":14,"column":8},"end":{"line":14,"column":11}},"loc":{"start":{"line":14,"column":14},"end":{"line":14,"column":20}}}},"branchMap":{},"s":{"0":19,"1":19,"2":19,"3":19,"4":7,"5":19,"6":7,"7":19,"8":7},"f":{"0":7,"1":7,"2":7},"b":{}}
,"/Users/eldpswp99/2023-2/swapp/swpp-2023-project-team-13/backend/src/review/dtos/out-dtos/imageDto.ts": {"path":"/Users/eldpswp99/2023-2/swapp/swpp-2023-project-team-13/backend/src/review/dtos/out-dtos/imageDto.ts","statementMap":{"0":{"start":{"line":10,"column":4},"end":{"line":10,"column":17}},"1":{"start":{"line":11,"column":4},"end":{"line":11,"column":19}},"2":{"start":{"line":12,"column":4},"end":{"line":12,"column":31}},"3":{"start":{"line":13,"column":4},"end":{"line":13,"column":47}},"4":{"start":{"line":3,"column":0},"end":{"line":3,"column":13}}},"fnMap":{"0":{"name":"(anonymous_0)","decl":{"start":{"line":9,"column":2},"end":{"line":9,"column":14}},"loc":{"start":{"line":9,"column":68},"end":{"line":14,"column":3}}}},"branchMap":{},"s":{"0":15,"1":15,"2":15,"3":15,"4":19},"f":{"0":15},"b":{}}
,"/Users/eldpswp99/2023-2/swapp/swpp-2023-project-team-13/backend/src/review/dtos/out-dtos/imageUpload.dto.ts": {"path":"/Users/eldpswp99/2023-2/swapp/swpp-2023-project-team-13/backend/src/review/dtos/out-dtos/imageUpload.dto.ts","statementMap":{"0":{"start":{"line":9,"column":4},"end":{"line":9,"column":17}},"1":{"start":{"line":10,"column":4},"end":{"line":10,"column":19}},"2":{"start":{"line":11,"column":4},"end":{"line":11,"column":47}},"3":{"start":{"line":3,"column":0},"end":{"line":3,"column":13}}},"fnMap":{"0":{"name":"(anonymous_0)","decl":{"start":{"line":8,"column":2},"end":{"line":8,"column":14}},"loc":{"start":{"line":8,"column":68},"end":{"line":12,"column":3}}}},"branchMap":{},"s":{"0":4,"1":4,"2":4,"3":19},"f":{"0":4},"b":{}}
,"/Users/eldpswp99/2023-2/swapp/swpp-2023-project-team-13/backend/src/review/dtos/out-dtos/restaurant.dto.ts": {"path":"/Users/eldpswp99/2023-2/swapp/swpp-2023-project-team-13/backend/src/review/dtos/out-dtos/restaurant.dto.ts","statementMap":{"0":{"start":{"line":17,"column":4},"end":{"line":17,"column":17}},"1":{"start":{"line":18,"column":4},"end":{"line":18,"column":45}},"2":{"start":{"line":19,"column":4},"end":{"line":19,"column":31}},"3":{"start":{"line":20,"column":4},"end":{"line":20,"column":29}},"4":{"start":{"line":21,"column":4},"end":{"line":21,"column":21}},"5":{"start":{"line":3,"column":0},"end":{"line":3,"column":13}}},"fnMap":{"0":{"name":"(anonymous_0)","decl":{"start":{"line":10,"column":2},"end":{"line":10,"column":14}},"loc":{"start":{"line":16,"column":21},"end":{"line":22,"column":3}}}},"branchMap":{},"s":{"0":31,"1":31,"2":31,"3":31,"4":31,"5":19},"f":{"0":31},"b":{}}
,"/Users/eldpswp99/2023-2/swapp/swpp-2023-project-team-13/backend/src/review/dtos/out-dtos/restaurantList.dto.ts": {"path":"/Users/eldpswp99/2023-2/swapp/swpp-2023-project-team-13/backend/src/review/dtos/out-dtos/restaurantList.dto.ts","statementMap":{"0":{"start":{"line":1,"column":0},"end":{"line":1,"column":49}},"1":{"start":{"line":8,"column":4},"end":{"line":10,"column":6}},"2":{"start":{"line":9,"column":22},"end":{"line":9,"column":51}},"3":{"start":{"line":4,"column":0},"end":{"line":4,"column":13}}},"fnMap":{"0":{"name":"(anonymous_0)","decl":{"start":{"line":7,"column":2},"end":{"line":7,"column":14}},"loc":{"start":{"line":7,"column":48},"end":{"line":11,"column":3}}},"1":{"name":"(anonymous_1)","decl":{"start":{"line":9,"column":6},"end":{"line":9,"column":7}},"loc":{"start":{"line":9,"column":22},"end":{"line":9,"column":51}}}},"branchMap":{},"s":{"0":19,"1":10,"2":14,"3":19},"f":{"0":10,"1":14},"b":{}}
,"/Users/eldpswp99/2023-2/swapp/swpp-2023-project-team-13/backend/src/review/dtos/out-dtos/reviewDetail.dto.ts": {"path":"/Users/eldpswp99/2023-2/swapp/swpp-2023-project-team-13/backend/src/review/dtos/out-dtos/reviewDetail.dto.ts","statementMap":{"0":{"start":{"line":1,"column":0},"end":{"line":1,"column":38}},"1":{"start":{"line":2,"column":0},"end":{"line":2,"column":49}},"2":{"start":{"line":3,"column":0},"end":{"line":3,"column":51}},"3":{"start":{"line":22,"column":62},"end":{"line":22,"column":68}},"4":{"start":{"line":24,"column":4},"end":{"line":24,"column":17}},"5":{"start":{"line":25,"column":4},"end":{"line":25,"column":27}},"6":{"start":{"line":26,"column":4},"end":{"line":26,"column":61}},"7":{"start":{"line":26,"column":40},"end":{"line":26,"column":59}},"8":{"start":{"line":27,"column":4},"end":{"line":27,"column":73}},"9":{"start":{"line":28,"column":4},"end":{"line":28,"column":52}},"10":{"start":{"line":29,"column":4},"end":{"line":29,"column":52}},"11":{"start":{"line":30,"column":4},"end":{"line":30,"column":40}},"12":{"start":{"line":31,"column":4},"end":{"line":31,"column":41}},"13":{"start":{"line":7,"column":0},"end":{"line":7,"column":13}}},"fnMap":{"0":{"name":"(anonymous_0)","decl":{"start":{"line":17,"column":2},"end":{"line":17,"column":null}},"loc":{"start":{"line":20,"column":20},"end":{"line":32,"column":3}}},"1":{"name":"(anonymous_1)","decl":{"start":{"line":26,"column":29},"end":{"line":26,"column":30}},"loc":{"start":{"line":26,"column":40},"end":{"line":26,"column":59}}}},"branchMap":{"0":{"loc":{"start":{"line":27,"column":24},"end":{"line":27,"column":72}},"type":"cond-expr","locations":[{"start":{"line":27,"column":39},"end":{"line":27,"column":65}},{"start":{"line":27,"column":68},"end":{"line":27,"column":72}}]}},"s":{"0":19,"1":19,"2":19,"3":17,"4":17,"5":17,"6":17,"7":15,"8":17,"9":17,"10":17,"11":17,"12":17,"13":19},"f":{"0":17,"1":15},"b":{"0":[0,17]}}
,"/Users/eldpswp99/2023-2/swapp/swpp-2023-project-team-13/backend/src/review/dtos/out-dtos/reviewList.dto.ts": {"path":"/Users/eldpswp99/2023-2/swapp/swpp-2023-project-team-13/backend/src/review/dtos/out-dtos/reviewList.dto.ts","statementMap":{"0":{"start":{"line":1,"column":0},"end":{"line":1,"column":53}},"1":{"start":{"line":8,"column":4},"end":{"line":10,"column":6}},"2":{"start":{"line":9,"column":18},"end":{"line":9,"column":58}},"3":{"start":{"line":4,"column":0},"end":{"line":4,"column":13}}},"fnMap":{"0":{"name":"(anonymous_0)","decl":{"start":{"line":7,"column":2},"end":{"line":7,"column":14}},"loc":{"start":{"line":7,"column":40},"end":{"line":11,"column":3}}},"1":{"name":"(anonymous_1)","decl":{"start":{"line":9,"column":6},"end":{"line":9,"column":7}},"loc":{"start":{"line":9,"column":18},"end":{"line":9,"column":58}}}},"branchMap":{},"s":{"0":19,"1":14,"2":15,"3":19},"f":{"0":14,"1":15},"b":{}}
,"/Users/eldpswp99/2023-2/swapp/swpp-2023-project-team-13/backend/src/review/dtos/out-dtos/userSummary.dto.ts": {"path":"/Users/eldpswp99/2023-2/swapp/swpp-2023-project-team-13/backend/src/review/dtos/out-dtos/userSummary.dto.ts","statementMap":{"0":{"start":{"line":8,"column":4},"end":{"line":8,"column":17}},"1":{"start":{"line":9,"column":4},"end":{"line":9,"column":21}},"2":{"start":{"line":3,"column":0},"end":{"line":3,"column":13}}},"fnMap":{"0":{"name":"(anonymous_0)","decl":{"start":{"line":7,"column":2},"end":{"line":7,"column":14}},"loc":{"start":{"line":7,"column":38},"end":{"line":10,"column":3}}}},"branchMap":{},"s":{"0":17,"1":17,"2":19},"f":{"0":17},"b":{}}
,"/Users/eldpswp99/2023-2/swapp/swpp-2023-project-team-13/backend/src/review/models/image.entity.ts": {"path":"/Users/eldpswp99/2023-2/swapp/swpp-2023-project-team-13/backend/src/review/models/image.entity.ts","statementMap":{"0":{"start":{"line":1,"column":0},"end":{"line":1,"column":52}},"1":{"start":{"line":2,"column":0},"end":{"line":2,"column":67}},"2":{"start":{"line":3,"column":0},"end":{"line":3,"column":47}},"3":{"start":{"line":6,"column":7},"end":{"line":23,"column":null}},"4":{"start":{"line":20,"column":4},"end":{"line":20,"column":26}},"5":{"start":{"line":21,"column":4},"end":{"line":21,"column":22}},"6":{"start":{"line":6,"column":13},"end":{"line":6,"column":24}},"7":{"start":{"line":8,"column":2},"end":{"line":8,"column":null}},"8":{"start":{"line":11,"column":2},"end":{"line":11,"column":null}},"9":{"start":{"line":14,"column":2},"end":{"line":14,"column":null}},"10":{"start":{"line":17,"column":2},"end":{"line":17,"column":null}},"11":{"start":{"line":16,"column":19},"end":{"line":16,"column":31}},"12":{"start":{"line":16,"column":45},"end":{"line":16,"column":58}},"13":{"start":{"line":6,"column":13},"end":{"line":23,"column":null}}},"fnMap":{"0":{"name":"(anonymous_2)","decl":{"start":{"line":19,"column":2},"end":{"line":19,"column":7}},"loc":{"start":{"line":19,"column":21},"end":{"line":22,"column":3}}},"1":{"name":"(anonymous_3)","decl":{"start":{"line":16,"column":13},"end":{"line":16,"column":16}},"loc":{"start":{"line":16,"column":19},"end":{"line":16,"column":31}}},"2":{"name":"(anonymous_4)","decl":{"start":{"line":16,"column":33},"end":{"line":16,"column":34}},"loc":{"start":{"line":16,"column":45},"end":{"line":16,"column":58}}}},"branchMap":{},"s":{"0":19,"1":19,"2":19,"3":19,"4":3,"5":3,"6":19,"7":19,"8":19,"9":19,"10":19,"11":36,"12":36,"13":19},"f":{"0":3,"1":36,"2":36},"b":{}}
,"/Users/eldpswp99/2023-2/swapp/swpp-2023-project-team-13/backend/src/review/models/restaurant.entity.ts": {"path":"/Users/eldpswp99/2023-2/swapp/swpp-2023-project-team-13/backend/src/review/models/restaurant.entity.ts","statementMap":{"0":{"start":{"line":1,"column":0},"end":{"line":1,"column":52}},"1":{"start":{"line":2,"column":0},"end":{"line":2,"column":67}},"2":{"start":{"line":3,"column":0},"end":{"line":3,"column":47}},"3":{"start":{"line":6,"column":7},"end":{"line":21,"column":null}},"4":{"start":{"line":6,"column":13},"end":{"line":6,"column":29}},"5":{"start":{"line":8,"column":2},"end":{"line":8,"column":null}},"6":{"start":{"line":11,"column":2},"end":{"line":11,"column":null}},"7":{"start":{"line":14,"column":2},"end":{"line":14,"column":null}},"8":{"start":{"line":17,"column":2},"end":{"line":17,"column":null}},"9":{"start":{"line":20,"column":2},"end":{"line":20,"column":null}},"10":{"start":{"line":19,"column":19},"end":{"line":19,"column":31}},"11":{"start":{"line":19,"column":45},"end":{"line":19,"column":62}},"12":{"start":{"line":6,"column":13},"end":{"line":21,"column":null}}},"fnMap":{"0":{"name":"(anonymous_2)","decl":{"start":{"line":19,"column":13},"end":{"line":19,"column":16}},"loc":{"start":{"line":19,"column":19},"end":{"line":19,"column":31}}},"1":{"name":"(anonymous_3)","decl":{"start":{"line":19,"column":33},"end":{"line":19,"column":34}},"loc":{"start":{"line":19,"column":45},"end":{"line":19,"column":62}}}},"branchMap":{},"s":{"0":19,"1":19,"2":19,"3":19,"4":19,"5":19,"6":19,"7":19,"8":19,"9":19,"10":36,"11":36,"12":19},"f":{"0":36,"1":36},"b":{}}
,"/Users/eldpswp99/2023-2/swapp/swpp-2023-project-team-13/backend/src/review/models/review.entity.ts": {"path":"/Users/eldpswp99/2023-2/swapp/swpp-2023-project-team-13/backend/src/review/models/review.entity.ts","statementMap":{"0":{"start":{"line":1,"column":0},"end":{"line":1,"column":63}},"1":{"start":{"line":2,"column":0},"end":{"line":2,"column":67}},"2":{"start":{"line":3,"column":0},"end":{"line":3,"column":55}},"3":{"start":{"line":4,"column":0},"end":{"line":4,"column":45}},"4":{"start":{"line":5,"column":0},"end":{"line":5,"column":59}},"5":{"start":{"line":8,"column":7},"end":{"line":30,"column":null}},"6":{"start":{"line":28,"column":4},"end":{"line":28,"column":56}},"7":{"start":{"line":28,"column":39},"end":{"line":28,"column":54}},"8":{"start":{"line":8,"column":13},"end":{"line":8,"column":25}},"9":{"start":{"line":10,"column":2},"end":{"line":10,"column":null}},"10":{"start":{"line":9,"column":19},"end":{"line":9,"column":35}},"11":{"start":{"line":9,"column":53},"end":{"line":9,"column":71}},"12":{"start":{"line":13,"column":2},"end":{"line":13,"column":null}},"13":{"start":{"line":12,"column":19},"end":{"line":12,"column":29}},"14":{"start":{"line":12,"column":41},"end":{"line":12,"column":53}},"15":{"start":{"line":16,"column":2},"end":{"line":16,"column":null}},"16":{"start":{"line":15,"column":19},"end":{"line":15,"column":30}},"17":{"start":{"line":15,"column":43},"end":{"line":15,"column":55}},"18":{"start":{"line":19,"column":2},"end":{"line":19,"column":null}},"19":{"start":{"line":22,"column":2},"end":{"line":22,"column":null}},"20":{"start":{"line":25,"column":2},"end":{"line":25,"column":null}},"21":{"start":{"line":8,"column":13},"end":{"line":30,"column":null}}},"fnMap":{"0":{"name":"(anonymous_2)","decl":{"start":{"line":27,"column":2},"end":{"line":27,"column":6}},"loc":{"start":{"line":27,"column":18},"end":{"line":29,"column":3}}},"1":{"name":"(anonymous_3)","decl":{"start":{"line":28,"column":28},"end":{"line":28,"column":29}},"loc":{"start":{"line":28,"column":39},"end":{"line":28,"column":54}}},"2":{"name":"(anonymous_4)","decl":{"start":{"line":9,"column":13},"end":{"line":9,"column":16}},"loc":{"start":{"line":9,"column":19},"end":{"line":9,"column":35}}},"3":{"name":"(anonymous_5)","decl":{"start":{"line":9,"column":37},"end":{"line":9,"column":38}},"loc":{"start":{"line":9,"column":53},"end":{"line":9,"column":71}}},"4":{"name":"(anonymous_6)","decl":{"start":{"line":12,"column":13},"end":{"line":12,"column":16}},"loc":{"start":{"line":12,"column":19},"end":{"line":12,"column":29}}},"5":{"name":"(anonymous_7)","decl":{"start":{"line":12,"column":31},"end":{"line":12,"column":32}},"loc":{"start":{"line":12,"column":41},"end":{"line":12,"column":53}}},"6":{"name":"(anonymous_8)","decl":{"start":{"line":15,"column":13},"end":{"line":15,"column":16}},"loc":{"start":{"line":15,"column":19},"end":{"line":15,"column":30}}},"7":{"name":"(anonymous_9)","decl":{"start":{"line":15,"column":32},"end":{"line":15,"column":33}},"loc":{"start":{"line":15,"column":43},"end":{"line":15,"column":55}}}},"branchMap":{},"s":{"0":19,"1":19,"2":19,"3":19,"4":19,"5":19,"6":17,"7":15,"8":19,"9":19,"10":36,"11":36,"12":19,"13":36,"14":36,"15":19,"16":36,"17":36,"18":19,"19":19,"20":19,"21":19},"f":{"0":17,"1":15,"2":36,"3":36,"4":36,"5":36,"6":36,"7":36},"b":{}}
,"/Users/eldpswp99/2023-2/swapp/swpp-2023-project-team-13/backend/src/review/repositories/image.repository.ts": {"path":"/Users/eldpswp99/2023-2/swapp/swpp-2023-project-team-13/backend/src/review/repositories/image.repository.ts","statementMap":{"0":{"start":{"line":1,"column":0},"end":{"line":1,"column":73}},"1":{"start":{"line":2,"column":0},"end":{"line":2,"column":53}},"2":{"start":{"line":3,"column":0},"end":{"line":3,"column":37}},"3":{"start":{"line":6,"column":7},"end":{"line":6,"column":null}},"4":{"start":{"line":6,"column":13},"end":{"line":6,"column":28}},"5":{"start":{"line":6,"column":13},"end":{"line":6,"column":null}}},"fnMap":{},"branchMap":{},"s":{"0":19,"1":19,"2":19,"3":19,"4":19,"5":19},"f":{},"b":{}}
,"/Users/eldpswp99/2023-2/swapp/swpp-2023-project-team-13/backend/src/review/repositories/restaurant.repository.ts": {"path":"/Users/eldpswp99/2023-2/swapp/swpp-2023-project-team-13/backend/src/review/repositories/restaurant.repository.ts","statementMap":{"0":{"start":{"line":1,"column":0},"end":{"line":1,"column":73}},"1":{"start":{"line":2,"column":0},"end":{"line":2,"column":63}},"2":{"start":{"line":3,"column":0},"end":{"line":3,"column":37}},"3":{"start":{"line":7,"column":7},"end":{"line":23,"column":null}},"4":{"start":{"line":9,"column":60},"end":{"line":9,"column":64}},"5":{"start":{"line":10,"column":23},"end":{"line":12,"column":6}},"6":{"start":{"line":14,"column":4},"end":{"line":14,"column":38}},"7":{"start":{"line":14,"column":20},"end":{"line":14,"column":38}},"8":{"start":{"line":16,"column":4},"end":{"line":21,"column":14}},"9":{"start":{"line":7,"column":13},"end":{"line":7,"column":33}},"10":{"start":{"line":7,"column":13},"end":{"line":23,"column":null}}},"fnMap":{"0":{"name":"(anonymous_1)","decl":{"start":{"line":8,"column":2},"end":{"line":8,"column":7}},"loc":{"start":{"line":8,"column":40},"end":{"line":22,"column":3}}}},"branchMap":{"0":{"loc":{"start":{"line":14,"column":4},"end":{"line":14,"column":38}},"type":"if","locations":[{"start":{"line":14,"column":4},"end":{"line":14,"column":38}}]}},"s":{"0":19,"1":19,"2":19,"3":19,"4":6,"5":6,"6":6,"7":1,"8":5,"9":19,"10":19},"f":{"0":6},"b":{"0":[1]}}
,"/Users/eldpswp99/2023-2/swapp/swpp-2023-project-team-13/backend/src/review/repositories/review.repository.ts": {"path":"/Users/eldpswp99/2023-2/swapp/swpp-2023-project-team-13/backend/src/review/repositories/review.repository.ts","statementMap":{"0":{"start":{"line":1,"column":0},"end":{"line":1,"column":73}},"1":{"start":{"line":2,"column":0},"end":{"line":2,"column":55}},"2":{"start":{"line":3,"column":0},"end":{"line":3,"column":41}},"3":{"start":{"line":7,"column":0},"end":{"line":7,"column":63}},"4":{"start":{"line":10,"column":7},"end":{"line":91,"column":null}},"5":{"start":{"line":12,"column":4},"end":{"line":16,"column":7}},"6":{"start":{"line":20,"column":4},"end":{"line":22,"column":7}},"7":{"start":{"line":26,"column":17},"end":{"line":33,"column":6}},"8":{"start":{"line":35,"column":4},"end":{"line":35,"column":39}},"9":{"start":{"line":35,"column":27},"end":{"line":35,"column":39}},"10":{"start":{"line":37,"column":4},"end":{"line":37,"column":19}},"11":{"start":{"line":41,"column":4},"end":{"line":51,"column":7}},"12":{"start":{"line":55,"column":4},"end":{"line":59,"column":7}},"13":{"start":{"line":63,"column":23},"end":{"line":74,"column":41}},"14":{"start":{"line":74,"column":22},"end":{"line":74,"column":40}},"15":{"start":{"line":76,"column":4},"end":{"line":80,"column":7}},"16":{"start":{"line":84,"column":4},"end":{"line":89,"column":17}},"17":{"start":{"line":10,"column":13},"end":{"line":10,"column":29}},"18":{"start":{"line":10,"column":13},"end":{"line":91,"column":null}}},"fnMap":{"0":{"name":"(anonymous_1)","decl":{"start":{"line":11,"column":2},"end":{"line":11,"column":20}},"loc":{"start":{"line":11,"column":41},"end":{"line":17,"column":3}}},"1":{"name":"(anonymous_2)","decl":{"start":{"line":19,"column":2},"end":{"line":19,"column":16}},"loc":{"start":{"line":19,"column":33},"end":{"line":23,"column":3}}},"2":{"name":"(anonymous_3)","decl":{"start":{"line":25,"column":10},"end":{"line":25,"column":15}},"loc":{"start":{"line":25,"column":67},"end":{"line":38,"column":3}}},"3":{"name":"(anonymous_4)","decl":{"start":{"line":40,"column":2},"end":{"line":40,"column":10}},"loc":{"start":{"line":40,"column":50},"end":{"line":52,"column":3}}},"4":{"name":"(anonymous_5)","decl":{"start":{"line":54,"column":2},"end":{"line":54,"column":12}},"loc":{"start":{"line":54,"column":29},"end":{"line":60,"column":3}}},"5":{"name":"(anonymous_6)","decl":{"start":{"line":62,"column":2},"end":{"line":62,"column":7}},"loc":{"start":{"line":62,"column":44},"end":{"line":81,"column":3}}},"6":{"name":"(anonymous_7)","decl":{"start":{"line":74,"column":10},"end":{"line":74,"column":11}},"loc":{"start":{"line":74,"column":22},"end":{"line":74,"column":40}}},"7":{"name":"(anonymous_8)","decl":{"start":{"line":83,"column":2},"end":{"line":83,"column":19}},"loc":{"start":{"line":83,"column":19},"end":{"line":90,"column":3}}}},"branchMap":{"0":{"loc":{"start":{"line":35,"column":4},"end":{"line":35,"column":39}},"type":"if","locations":[{"start":{"line":35,"column":4},"end":{"line":35,"column":39}}]}},"s":{"0":19,"1":19,"2":19,"3":19,"4":19,"5":3,"6":3,"7":3,"8":3,"9":1,"10":2,"11":16,"12":7,"13":6,"14":6,"15":6,"16":4,"17":19,"18":19},"f":{"0":3,"1":3,"2":3,"3":16,"4":7,"5":6,"6":6,"7":4},"b":{"0":[1]}}
,"/Users/eldpswp99/2023-2/swapp/swpp-2023-project-team-13/backend/src/test/utils.ts": {"path":"/Users/eldpswp99/2023-2/swapp/swpp-2023-project-team-13/backend/src/test/utils.ts","statementMap":{"0":{"start":{"line":2,"column":18},"end":{"line":2,"column":34}},"1":{"start":{"line":3,"column":2},"end":{"line":5,"column":null}},"2":{"start":{"line":4,"column":4},"end":{"line":4,"column":35}},"3":{"start":{"line":1,"column":0},"end":{"line":1,"column":16}}},"fnMap":{"0":{"name":"validateDtoKeys","decl":{"start":{"line":1,"column":16},"end":{"line":1,"column":31}},"loc":{"start":{"line":1,"column":56},"end":{"line":6,"column":1}}}},"branchMap":{},"s":{"0":35,"1":35,"2":131,"3":12},"f":{"0":35},"b":{}}
,"/Users/eldpswp99/2023-2/swapp/swpp-2023-project-team-13/backend/src/test/fixture/image.fixture.ts": {"path":"/Users/eldpswp99/2023-2/swapp/swpp-2023-project-team-13/backend/src/test/fixture/image.fixture.ts","statementMap":{"0":{"start":{"line":2,"column":0},"end":{"line":2,"column":63}},"1":{"start":{"line":16,"column":4},"end":{"line":20,"column":14}},"2":{"start":{"line":10,"column":0},"end":{"line":10,"column":13}}},"fnMap":{"0":{"name":"(anonymous_0)","decl":{"start":{"line":11,"column":2},"end":{"line":11,"column":8}},"loc":{"start":{"line":15,"column":31},"end":{"line":21,"column":3}}}},"branchMap":{"0":{"loc":{"start":{"line":17,"column":11},"end":{"line":17,"column":36}},"type":"cond-expr","locations":[{"start":{"line":17,"column":11},"end":{"line":17,"column":14}},{"start":{"line":17,"column":18},"end":{"line":17,"column":36}}]},"1":{"loc":{"start":{"line":17,"column":11},"end":{"line":17,"column":18}},"type":"binary-expr","locations":[{"start":{"line":17,"column":11},"end":{"line":17,"column":18}},{"start":{"line":17,"column":11},"end":{"line":17,"column":18}}]},"2":{"loc":{"start":{"line":18,"column":17},"end":{"line":18,"column":35}},"type":"cond-expr","locations":[{"start":{"line":18,"column":17},"end":{"line":18,"column":26}},{"start":{"line":18,"column":30},"end":{"line":18,"column":35}}]},"3":{"loc":{"start":{"line":18,"column":17},"end":{"line":18,"column":30}},"type":"binary-expr","locations":[{"start":{"line":18,"column":17},"end":{"line":18,"column":30}},{"start":{"line":18,"column":17},"end":{"line":18,"column":30}}]},"4":{"loc":{"start":{"line":19,"column":25},"end":{"line":19,"column":51}},"type":"cond-expr","locations":[{"start":{"line":19,"column":25},"end":{"line":19,"column":42}},{"start":{"line":19,"column":46},"end":{"line":19,"column":51}}]},"5":{"loc":{"start":{"line":19,"column":25},"end":{"line":19,"column":46}},"type":"binary-expr","locations":[{"start":{"line":19,"column":25},"end":{"line":19,"column":46}},{"start":{"line":19,"column":25},"end":{"line":19,"column":46}}]}},"s":{"0":9,"1":50,"2":9},"f":{"0":50},"b":{"0":[0,50],"1":[50,50],"2":[0,50],"3":[50,50],"4":[0,50],"5":[50,50]}}
,"/Users/eldpswp99/2023-2/swapp/swpp-2023-project-team-13/backend/src/test/fixture/restaurant.fixture.ts": {"path":"/Users/eldpswp99/2023-2/swapp/swpp-2023-project-team-13/backend/src/test/fixture/restaurant.fixture.ts","statementMap":{"0":{"start":{"line":1,"column":0},"end":{"line":1,"column":73}},"1":{"start":{"line":15,"column":4},"end":{"line":19,"column":14}},"2":{"start":{"line":9,"column":0},"end":{"line":9,"column":13}}},"fnMap":{"0":{"name":"(anonymous_0)","decl":{"start":{"line":10,"column":2},"end":{"line":10,"column":8}},"loc":{"start":{"line":14,"column":36},"end":{"line":20,"column":3}}}},"branchMap":{"0":{"loc":{"start":{"line":16,"column":24},"end":{"line":16,"column":62}},"type":"cond-expr","locations":[{"start":{"line":16,"column":24},"end":{"line":16,"column":40}},{"start":{"line":16,"column":44},"end":{"line":16,"column":62}}]},"1":{"loc":{"start":{"line":16,"column":24},"end":{"line":16,"column":44}},"type":"binary-expr","locations":[{"start":{"line":16,"column":24},"end":{"line":16,"column":44}},{"start":{"line":16,"column":24},"end":{"line":16,"column":44}}]},"2":{"loc":{"start":{"line":17,"column":16},"end":{"line":17,"column":37}},"type":"cond-expr","locations":[{"start":{"line":17,"column":16},"end":{"line":17,"column":24}},{"start":{"line":17,"column":28},"end":{"line":17,"column":37}}]},"3":{"loc":{"start":{"line":17,"column":16},"end":{"line":17,"column":28}},"type":"binary-expr","locations":[{"start":{"line":17,"column":16},"end":{"line":17,"column":28}},{"start":{"line":17,"column":16},"end":{"line":17,"column":28}}]},"4":{"loc":{"start":{"line":18,"column":17},"end":{"line":18,"column":40}},"type":"cond-expr","locations":[{"start":{"line":18,"column":17},"end":{"line":18,"column":26}},{"start":{"line":18,"column":30},"end":{"line":18,"column":40}}]},"5":{"loc":{"start":{"line":18,"column":17},"end":{"line":18,"column":30}},"type":"binary-expr","locations":[{"start":{"line":18,"column":17},"end":{"line":18,"column":30}},{"start":{"line":18,"column":17},"end":{"line":18,"column":30}}]}},"s":{"0":9,"1":46,"2":9},"f":{"0":46},"b":{"0":[0,46],"1":[46,46],"2":[0,46],"3":[46,46],"4":[0,46],"5":[46,46]}}
,"/Users/eldpswp99/2023-2/swapp/swpp-2023-project-team-13/backend/src/test/fixture/review.fixture.ts": {"path":"/Users/eldpswp99/2023-2/swapp/swpp-2023-project-team-13/backend/src/test/fixture/review.fixture.ts","statementMap":{"0":{"start":{"line":4,"column":0},"end":{"line":4,"column":65}},"1":{"start":{"line":5,"column":0},"end":{"line":5,"column":57}},"2":{"start":{"line":21,"column":4},"end":{"line":26,"column":14}},"3":{"start":{"line":14,"column":0},"end":{"line":14,"column":13}}},"fnMap":{"0":{"name":"(anonymous_0)","decl":{"start":{"line":15,"column":2},"end":{"line":15,"column":8}},"loc":{"start":{"line":20,"column":32},"end":{"line":27,"column":3}}}},"branchMap":{"0":{"loc":{"start":{"line":22,"column":18},"end":{"line":22,"column":68}},"type":"cond-expr","locations":[{"start":{"line":22,"column":18},"end":{"line":22,"column":28}},{"start":{"line":22,"column":33},"end":{"line":22,"column":67}}]},"1":{"loc":{"start":{"line":22,"column":18},"end":{"line":22,"column":32}},"type":"binary-expr","locations":[{"start":{"line":22,"column":18},"end":{"line":22,"column":32}},{"start":{"line":22,"column":18},"end":{"line":22,"column":32}}]},"2":{"loc":{"start":{"line":24,"column":14},"end":{"line":24,"column":26}},"type":"cond-expr","locations":[{"start":{"line":24,"column":14},"end":{"line":24,"column":20}},{"start":{"line":24,"column":24},"end":{"line":24,"column":26}}]},"3":{"loc":{"start":{"line":24,"column":14},"end":{"line":24,"column":24}},"type":"binary-expr","locations":[{"start":{"line":24,"column":14},"end":{"line":24,"column":24}},{"start":{"line":24,"column":14},"end":{"line":24,"column":24}}]},"4":{"loc":{"start":{"line":25,"column":15},"end":{"line":25,"column":35}},"type":"cond-expr","locations":[{"start":{"line":25,"column":15},"end":{"line":25,"column":22}},{"start":{"line":25,"column":26},"end":{"line":25,"column":35}}]},"5":{"loc":{"start":{"line":25,"column":15},"end":{"line":25,"column":26}},"type":"binary-expr","locations":[{"start":{"line":25,"column":15},"end":{"line":25,"column":26}},{"start":{"line":25,"column":15},"end":{"line":25,"column":26}}]}},"s":{"0":8,"1":8,"2":54,"3":8},"f":{"0":54},"b":{"0":[54,0],"1":[54,54],"2":[54,0],"3":[54,54],"4":[0,54],"5":[54,54]}}
,"/Users/eldpswp99/2023-2/swapp/swpp-2023-project-team-13/backend/src/test/fixture/user.fixture.ts": {"path":"/Users/eldpswp99/2023-2/swapp/swpp-2023-project-team-13/backend/src/test/fixture/user.fixture.ts","statementMap":{"0":{"start":{"line":1,"column":0},"end":{"line":1,"column":59}},"1":{"start":{"line":11,"column":4},"end":{"line":15,"column":14}},"2":{"start":{"line":9,"column":0},"end":{"line":9,"column":13}}},"fnMap":{"0":{"name":"(anonymous_0)","decl":{"start":{"line":10,"column":2},"end":{"line":10,"column":8}},"loc":{"start":{"line":10,"column":71},"end":{"line":16,"column":3}}}},"branchMap":{"0":{"loc":{"start":{"line":12,"column":12},"end":{"line":12,"column":26}},"type":"cond-expr","locations":[{"start":{"line":12,"column":12},"end":{"line":12,"column":16}},{"start":{"line":12,"column":20},"end":{"line":12,"column":26}}]},"1":{"loc":{"start":{"line":12,"column":12},"end":{"line":12,"column":20}},"type":"binary-expr","locations":[{"start":{"line":12,"column":12},"end":{"line":12,"column":20}},{"start":{"line":12,"column":12},"end":{"line":12,"column":20}}]},"2":{"loc":{"start":{"line":13,"column":16},"end":{"line":13,"column":34}},"type":"cond-expr","locations":[{"start":{"line":13,"column":16},"end":{"line":13,"column":24}},{"start":{"line":13,"column":28},"end":{"line":13,"column":34}}]},"3":{"loc":{"start":{"line":13,"column":16},"end":{"line":13,"column":28}},"type":"binary-expr","locations":[{"start":{"line":13,"column":16},"end":{"line":13,"column":28}},{"start":{"line":13,"column":16},"end":{"line":13,"column":28}}]},"4":{"loc":{"start":{"line":14,"column":16},"end":{"line":14,"column":34}},"type":"cond-expr","locations":[{"start":{"line":14,"column":16},"end":{"line":14,"column":24}},{"start":{"line":14,"column":28},"end":{"line":14,"column":34}}]},"5":{"loc":{"start":{"line":14,"column":16},"end":{"line":14,"column":28}},"type":"binary-expr","locations":[{"start":{"line":14,"column":16},"end":{"line":14,"column":28}},{"start":{"line":14,"column":16},"end":{"line":14,"column":28}}]}},"s":{"0":17,"1":143,"2":17},"f":{"0":143},"b":{"0":[143,0],"1":[143,143],"2":[143,0],"3":[143,143],"4":[143,0],"5":[143,143]}}
,"/Users/eldpswp99/2023-2/swapp/swpp-2023-project-team-13/backend/src/test/review/validateReviewList.ts": {"path":"/Users/eldpswp99/2023-2/swapp/swpp-2023-project-team-13/backend/src/test/review/validateReviewList.ts","statementMap":{"0":{"start":{"line":1,"column":0},"end":{"line":1,"column":43}},"1":{"start":{"line":4,"column":2},"end":{"line":4,"column":40}},"2":{"start":{"line":5,"column":2},"end":{"line":7,"column":null}},"3":{"start":{"line":6,"column":4},"end":{"line":6,"column":27}},"4":{"start":{"line":3,"column":0},"end":{"line":3,"column":16}},"5":{"start":{"line":11,"column":2},"end":{"line":20,"column":5}},"6":{"start":{"line":22,"column":2},"end":{"line":22,"column":38}},"7":{"start":{"line":23,"column":2},"end":{"line":23,"column":33}},"8":{"start":{"line":24,"column":2},"end":{"line":24,"column":30}},"9":{"start":{"line":10,"column":0},"end":{"line":10,"column":16}},"10":{"start":{"line":28,"column":2},"end":{"line":28,"column":44}},"11":{"start":{"line":29,"column":2},"end":{"line":31,"column":null}},"12":{"start":{"line":30,"column":4},"end":{"line":30,"column":35}},"13":{"start":{"line":27,"column":0},"end":{"line":27,"column":16}},"14":{"start":{"line":35,"column":2},"end":{"line":41,"column":5}},"15":{"start":{"line":34,"column":0},"end":{"line":34,"column":16}},"16":{"start":{"line":45,"column":2},"end":{"line":45,"column":40}},"17":{"start":{"line":44,"column":0},"end":{"line":44,"column":16}},"18":{"start":{"line":50,"column":4},"end":{"line":50,"column":76}},"19":{"start":{"line":53,"column":2},"end":{"line":55,"column":null}},"20":{"start":{"line":54,"column":4},"end":{"line":54,"column":25}},"21":{"start":{"line":48,"column":0},"end":{"line":48,"column":16}}},"fnMap":{"0":{"name":"validateReviewList","decl":{"start":{"line":3,"column":16},"end":{"line":3,"column":34}},"loc":{"start":{"line":3,"column":44},"end":{"line":8,"column":1}}},"1":{"name":"validateReview","decl":{"start":{"line":10,"column":16},"end":{"line":10,"column":30}},"loc":{"start":{"line":10,"column":40},"end":{"line":25,"column":1}}},"2":{"name":"validateRestaurantList","decl":{"start":{"line":27,"column":16},"end":{"line":27,"column":38}},"loc":{"start":{"line":27,"column":48},"end":{"line":32,"column":1}}},"3":{"name":"validateRestaurant","decl":{"start":{"line":34,"column":16},"end":{"line":34,"column":34}},"loc":{"start":{"line":34,"column":44},"end":{"line":42,"column":1}}},"4":{"name":"validateUserSummary","decl":{"start":{"line":44,"column":16},"end":{"line":44,"column":35}},"loc":{"start":{"line":44,"column":45},"end":{"line":46,"column":1}}},"5":{"name":"validateImages","decl":{"start":{"line":48,"column":16},"end":{"line":48,"column":30}},"loc":{"start":{"line":48,"column":40},"end":{"line":56,"column":1}}},"6":{"name":"validateImage","decl":{"start":{"line":49,"column":11},"end":{"line":49,"column":24}},"loc":{"start":{"line":49,"column":35},"end":{"line":51,"column":3}}}},"branchMap":{},"s":{"0":8,"1":4,"2":4,"3":4,"4":8,"5":5,"6":5,"7":5,"8":5,"9":8,"10":2,"11":2,"12":3,"13":8,"14":8,"15":8,"16":6,"17":8,"18":4,"19":5,"20":4,"21":8},"f":{"0":4,"1":5,"2":2,"3":8,"4":6,"5":5,"6":4},"b":{}}
,"/Users/eldpswp99/2023-2/swapp/swpp-2023-project-team-13/backend/src/typeorm-ex/typeorm-ex.decorator.ts": {"path":"/Users/eldpswp99/2023-2/swapp/swpp-2023-project-team-13/backend/src/typeorm-ex/typeorm-ex.decorator.ts","statementMap":{"0":{"start":{"line":1,"column":0},"end":{"line":1,"column":45}},"1":{"start":{"line":3,"column":13},"end":{"line":3,"column":75}},"2":{"start":{"line":7,"column":2},"end":{"line":7,"column":59}},"3":{"start":{"line":6,"column":0},"end":{"line":6,"column":16}}},"fnMap":{"0":{"name":"CustomRepository","decl":{"start":{"line":6,"column":16},"end":{"line":6,"column":32}},"loc":{"start":{"line":6,"column":49},"end":{"line":8,"column":1}}}},"branchMap":{},"s":{"0":19,"1":19,"2":76,"3":19},"f":{"0":76},"b":{}}
,"/Users/eldpswp99/2023-2/swapp/swpp-2023-project-team-13/backend/src/typeorm-ex/typeorm-ex.module.ts": {"path":"/Users/eldpswp99/2023-2/swapp/swpp-2023-project-team-13/backend/src/typeorm-ex/typeorm-ex.module.ts","statementMap":{"0":{"start":{"line":2,"column":0},"end":{"line":2,"column":53}},"1":{"start":{"line":4,"column":0},"end":{"line":4,"column":70}},"2":{"start":{"line":10,"column":34},"end":{"line":10,"column":36}},"3":{"start":{"line":12,"column":4},"end":{"line":34,"column":null}},"4":{"start":{"line":13,"column":21},"end":{"line":15,"column":null}},"5":{"start":{"line":18,"column":6},"end":{"line":20,"column":null}},"6":{"start":{"line":19,"column":8},"end":{"line":19,"column":17}},"7":{"start":{"line":22,"column":6},"end":{"line":33,"column":9}},"8":{"start":{"line":26,"column":33},"end":{"line":26,"column":70}},"9":{"start":{"line":27,"column":10},"end":{"line":31,"column":12}},"10":{"start":{"line":36,"column":4},"end":{"line":40,"column":6}},"11":{"start":{"line":6,"column":0},"end":{"line":6,"column":13}}},"fnMap":{"0":{"name":"(anonymous_0)","decl":{"start":{"line":7,"column":9},"end":{"line":7,"column":15}},"loc":{"start":{"line":8,"column":21},"end":{"line":41,"column":3}}},"1":{"name":"(anonymous_1)","decl":{"start":{"line":25,"column":20},"end":{"line":25,"column":21}},"loc":{"start":{"line":25,"column":66},"end":{"line":32,"column":9}}}},"branchMap":{"0":{"loc":{"start":{"line":18,"column":6},"end":{"line":20,"column":null}},"type":"if","locations":[{"start":{"line":18,"column":6},"end":{"line":20,"column":null}}]}},"s":{"0":19,"1":19,"2":57,"3":57,"4":95,"5":95,"6":0,"7":95,"8":144,"9":144,"10":57,"11":19},"f":{"0":57,"1":144},"b":{"0":[0]}}
[...]
umn":8},"end":{"line":107,"column":null}},"48":{"start":{"line":111,"column":8},"end":{"line":124,"column":null}},"49":{"start":{"line":28,"column":13},"end":{"line":125,"column":null}}},"fnMap":{"0":{"name":"(anonymous_4)","decl":{"start":{"line":29,"column":2},"end":{"line":29,"column":null}},"loc":{"start":{"line":31,"column":51},"end":{"line":32,"column":6}}},"1":{"name":"(anonymous_5)","decl":{"start":{"line":35,"column":2},"end":{"line":35,"column":7}},"loc":{"start":{"line":35,"column":51},"end":{"line":43,"column":3}}},"2":{"name":"(anonymous_6)","decl":{"start":{"line":47,"column":2},"end":{"line":47,"column":7}},"loc":{"start":{"line":49,"column":63},"end":{"line":56,"column":3}}},"3":{"name":"(anonymous_7)","decl":{"start":{"line":64,"column":2},"end":{"line":64,"column":7}},"loc":{"start":{"line":66,"column":35},"end":{"line":80,"column":3}}},"4":{"name":"(anonymous_8)","decl":{"start":{"line":84,"column":2},"end":{"line":84,"column":7}},"loc":{"start":{"line":84,"column":46},"end":{"line":89,"column":3}}},"5":{"name":"(anonymous_9)","decl":{"start":{"line":93,"column":2},"end":{"line":93,"column":7}},"loc":{"start":{"line":95,"column":35},"end":{"line":107,"column":3}}},"6":{"name":"(anonymous_10)","decl":{"start":{"line":111,"column":2},"end":{"line":111,"column":7}},"loc":{"start":{"line":111,"column":42},"end":{"line":124,"column":3}}},"7":{"name":"(anonymous_11)","decl":{"start":{"line":115,"column":6},"end":{"line":115,"column":7}},"loc":{"start":{"line":116,"column":8},"end":{"line":116,"column":72}}}},"branchMap":{"0":{"loc":{"start":{"line":39,"column":4},"end":{"line":41,"column":null}},"type":"if","locations":[{"start":{"line":39,"column":4},"end":{"line":41,"column":null}}]},"1":{"loc":{"start":{"line":51,"column":4},"end":{"line":53,"column":null}},"type":"if","locations":[{"start":{"line":51,"column":4},"end":{"line":53,"column":null}}]},"2":{"loc":{"start":{"line":68,"column":4},"end":{"line":70,"column":null}},"type":"if","locations":[{"start":{"line":68,"column":4},"end":{"line":70,"column":null}}]},"3":{"loc":{"start":{"line":75,"column":4},"end":{"line":77,"column":null}},"type":"if","locations":[{"start":{"line":75,"column":4},"end":{"line":77,"column":null}}]},"4":{"loc":{"start":{"line":101,"column":4},"end":{"line":101,"column":65}},"type":"if","locations":[{"start":{"line":101,"column":4},"end":{"line":101,"column":65}}]},"5":{"loc":{"start":{"line":119,"column":4},"end":{"line":121,"column":null}},"type":"if","locations":[{"start":{"line":119,"column":4},"end":{"line":121,"column":null}}]}},"s":{"0":19,"1":19,"2":19,"3":19,"4":19,"5":19,"6":19,"7":19,"8":19,"9":19,"10":19,"11":19,"12":36,"13":36,"14":2,"15":2,"16":1,"17":1,"18":4,"19":1,"20":3,"21":12,"22":1,"23":11,"24":11,"25":0,"26":11,"27":5,"28":5,"29":5,"30":2,"31":2,"32":0,"33":2,"34":2,"35":2,"36":4,"37":4,"38":4,"39":4,"40":1,"41":4,"42":19,"43":19,"44":19,"45":19,"46":19,"47":19,"48":19,"49":19},"f":{"0":36,"1":2,"2":4,"3":12,"4":5,"5":2,"6":4,"7":4},"b":{"0":[1],"1":[1],"2":[1],"3":[0],"4":[0],"5":[1]}}
,"/Users/eldpswp99/2023-2/swapp/swpp-2023-project-team-13/backend/src/user/user.module.ts": {"path":"/Users/eldpswp99/2023-2/swapp/swpp-2023-project-team-13/backend/src/user/user.module.ts","statementMap":{"0":{"start":{"line":1,"column":0},"end":{"line":1,"column":40}},"1":{"start":{"line":2,"column":0},"end":{"line":2,"column":51}},"2":{"start":{"line":3,"column":0},"end":{"line":3,"column":45}},"3":{"start":{"line":4,"column":0},"end":{"line":4,"column":66}},"4":{"start":{"line":5,"column":0},"end":{"line":5,"column":64}},"5":{"start":{"line":6,"column":0},"end":{"line":6,"column":40}},"6":{"start":{"line":7,"column":0},"end":{"line":7,"column":60}},"7":{"start":{"line":14,"column":7},"end":{"line":14,"column":null}},"8":{"start":{"line":14,"column":13},"end":{"line":14,"column":23}},"9":{"start":{"line":14,"column":13},"end":{"line":14,"column":null}}},"fnMap":{},"branchMap":{},"s":{"0":19,"1":19,"2":19,"3":19,"4":19,"5":19,"6":19,"7":19,"8":19,"9":19},"f":{},"b":{}}
,"/Users/eldpswp99/2023-2/swapp/swpp-2023-project-team-13/backend/src/user/user.service.ts": {"path":"/Users/eldpswp99/2023-2/swapp/swpp-2023-project-team-13/backend/src/user/user.service.ts","statementMap":{"0":{"start":{"line":1,"column":0},"end":{"line":1,"column":67}},"1":{"start":{"line":4,"column":0},"end":{"line":4,"column":64}},"2":{"start":{"line":7,"column":7},"end":{"line":24,"column":null}},"3":{"start":{"line":8,"column":22},"end":{"line":8,"column":38}},"4":{"start":{"line":11,"column":41},"end":{"line":11,"column":54}},"5":{"start":{"line":12,"column":17},"end":{"line":12,"column":73}},"6":{"start":{"line":13,"column":4},"end":{"line":13,"column":42}},"7":{"start":{"line":17,"column":19},"end":{"line":17,"column":52}},"8":{"start":{"line":18,"column":4},"end":{"line":22,"column":null}},"9":{"start":{"line":19,"column":6},"end":{"line":19,"column":34}},"10":{"start":{"line":21,"column":6},"end":{"line":21,"column":36}},"11":{"start":{"line":7,"column":13},"end":{"line":7,"column":24}},"12":{"start":{"line":7,"column":13},"end":{"line":24,"column":null}}},"fnMap":{"0":{"name":"(anonymous_2)","decl":{"start":{"line":8,"column":2},"end":{"line":8,"column":22}},"loc":{"start":{"line":8,"column":52},"end":{"line":8,"column":56}}},"1":{"name":"(anonymous_3)","decl":{"start":{"line":10,"column":2},"end":{"line":10,"column":7}},"loc":{"start":{"line":10,"column":43},"end":{"line":14,"column":3}}},"2":{"name":"(anonymous_4)","decl":{"start":{"line":16,"column":2},"end":{"line":16,"column":7}},"loc":{"start":{"line":16,"column":61},"end":{"line":23,"column":3}}}},"branchMap":{"0":{"loc":{"start":{"line":18,"column":4},"end":{"line":22,"column":null}},"type":"if","locations":[{"start":{"line":18,"column":4},"end":{"line":22,"column":null}},{"start":{"line":20,"column":11},"end":{"line":22,"column":null}}]}},"s":{"0":19,"1":19,"2":19,"3":36,"4":1,"5":1,"6":1,"7":11,"8":11,"9":4,"10":7,"11":19,"12":19},"f":{"0":36,"1":1,"2":11},"b":{"0":[4,7]}}
,"/Users/eldpswp99/2023-2/swapp/swpp-2023-project-team-13/backend/src/user/in-dtos/changePasswordDto.ts": {"path":"/Users/eldpswp99/2023-2/swapp/swpp-2023-project-team-13/backend/src/user/in-dtos/changePasswordDto.ts","statementMap":{"0":{"start":{"line":1,"column":0},"end":{"line":1,"column":43}},"1":{"start":{"line":3,"column":0},"end":{"line":3,"column":13}},"2":{"start":{"line":5,"column":2},"end":{"line":5,"column":null}},"3":{"start":{"line":8,"column":2},"end":{"line":8,"column":null}}},"fnMap":{},"branchMap":{},"s":{"0":19,"1":19,"2":19,"3":19},"f":{},"b":{}}
,"/Users/eldpswp99/2023-2/swapp/swpp-2023-project-team-13/backend/src/user/in-dtos/createuser.dto.ts": {"path":"/Users/eldpswp99/2023-2/swapp/swpp-2023-project-team-13/backend/src/user/in-dtos/createuser.dto.ts","statementMap":{"0":{"start":{"line":1,"column":0},"end":{"line":1,"column":55}},"1":{"start":{"line":3,"column":0},"end":{"line":3,"column":13}},"2":{"start":{"line":6,"column":2},"end":{"line":6,"column":null}},"3":{"start":{"line":10,"column":2},"end":{"line":10,"column":null}},"4":{"start":{"line":14,"column":2},"end":{"line":14,"column":null}}},"fnMap":{},"branchMap":{},"s":{"0":19,"1":19,"2":19,"3":19,"4":19},"f":{},"b":{}}
,"/Users/eldpswp99/2023-2/swapp/swpp-2023-project-team-13/backend/src/user/models/follow.entity.ts": {"path":"/Users/eldpswp99/2023-2/swapp/swpp-2023-project-team-13/backend/src/user/models/follow.entity.ts","statementMap":{"0":{"start":{"line":1,"column":0},"end":{"line":1,"column":44}},"1":{"start":{"line":2,"column":0},"end":{"line":2,"column":67}},"2":{"start":{"line":3,"column":0},"end":{"line":3,"column":43}},"3":{"start":{"line":6,"column":7},"end":{"line":12,"column":null}},"4":{"start":{"line":6,"column":13},"end":{"line":6,"column":25}},"5":{"start":{"line":8,"column":2},"end":{"line":8,"column":null}},"6":{"start":{"line":7,"column":19},"end":{"line":7,"column":29}},"7":{"start":{"line":11,"column":2},"end":{"line":11,"column":null}},"8":{"start":{"line":10,"column":19},"end":{"line":10,"column":29}},"9":{"start":{"line":10,"column":41},"end":{"line":10,"column":55}},"10":{"start":{"line":6,"column":13},"end":{"line":12,"column":null}}},"fnMap":{"0":{"name":"(anonymous_2)","decl":{"start":{"line":7,"column":13},"end":{"line":7,"column":16}},"loc":{"start":{"line":7,"column":19},"end":{"line":7,"column":29}}},"1":{"name":"(anonymous_3)","decl":{"start":{"line":10,"column":13},"end":{"line":10,"column":16}},"loc":{"start":{"line":10,"column":19},"end":{"line":10,"column":29}}},"2":{"name":"(anonymous_4)","decl":{"start":{"line":10,"column":31},"end":{"line":10,"column":32}},"loc":{"start":{"line":10,"column":41},"end":{"line":10,"column":55}}}},"branchMap":{},"s":{"0":19,"1":19,"2":19,"3":19,"4":19,"5":19,"6":36,"7":19,"8":36,"9":36,"10":19},"f":{"0":36,"1":36,"2":36},"b":{}}
,"/Users/eldpswp99/2023-2/swapp/swpp-2023-project-team-13/backend/src/user/models/user.entity.ts": {"path":"/Users/eldpswp99/2023-2/swapp/swpp-2023-project-team-13/backend/src/user/models/user.entity.ts","statementMap":{"0":{"start":{"line":1,"column":0},"end":{"line":1,"column":66}},"1":{"start":{"line":2,"column":0},"end":{"line":2,"column":67}},"2":{"start":{"line":3,"column":0},"end":{"line":3,"column":35}},"3":{"start":{"line":4,"column":0},"end":{"line":4,"column":36}},"4":{"start":{"line":5,"column":0},"end":{"line":5,"column":35}},"5":{"start":{"line":8,"column":0},"end":{"line":8,"column":65}},"6":{"start":{"line":9,"column":0},"end":{"line":9,"column":47}},"7":{"start":{"line":12,"column":7},"end":{"line":108,"column":null}},"8":{"start":{"line":31,"column":4},"end":{"line":31,"column":55}},"9":{"start":{"line":36,"column":4},"end":{"line":36,"column":37}},"10":{"start":{"line":40,"column":24},"end":{"line":40,"column":48}},"11":{"start":{"line":41,"column":25},"end":{"line":41,"column":50}},"12":{"start":{"line":43,"column":4},"end":{"line":46,"column":6}},"13":{"start":{"line":50,"column":4},"end":{"line":52,"column":7}},"14":{"start":{"line":56,"column":4},"end":{"line":58,"column":7}},"15":{"start":{"line":62,"column":4},"end":{"line":65,"column":6}},"16":{"start":{"line":69,"column":4},"end":{"line":69,"column":35}},"17":{"start":{"line":70,"column":4},"end":{"line":70,"column":22}},"18":{"start":{"line":74,"column":4},"end":{"line":74,"column":50}},"19":{"start":{"line":78,"column":4},"end":{"line":81,"column":14}},"20":{"start":{"line":85,"column":4},"end":{"line":85,"column":30}},"21":{"start":{"line":89,"column":4},"end":{"line":94,"column":7}},"22":{"start":{"line":98,"column":4},"end":{"line":100,"column":7}},"23":{"start":{"line":104,"column":4},"end":{"line":106,"column":7}},"24":{"start":{"line":12,"column":13},"end":{"line":12,"column":23}},"25":{"start":{"line":14,"column":2},"end":{"line":14,"column":null}},"26":{"start":{"line":16,"column":2},"end":{"line":16,"column":null}},"27":{"start":{"line":18,"column":2},"end":{"line":18,"column":null}},"28":{"start":{"line":20,"column":2},"end":{"line":20,"column":null}},"29":{"start":{"line":19,"column":19},"end":{"line":19,"column":31}},"30":{"start":{"line":19,"column":45},"end":{"line":19,"column":56}},"31":{"start":{"line":25,"column":2},"end":{"line":25,"column":null}},"32":{"start":{"line":24,"column":19},"end":{"line":24,"column":31}},"33":{"start":{"line":24,"column":45},"end":{"line":24,"column":56}},"34":{"start":{"line":28,"column":2},"end":{"line":28,"column":null}},"35":{"start":{"line":27,"column":19},"end":{"line":27,"column":31}},"36":{"start":{"line":27,"column":45},"end":{"line":27,"column":60}},"37":{"start":{"line":35,"column":8},"end":{"line":37,"column":null}},"38":{"start":{"line":12,"column":13},"end":{"line":108,"column":null}}},"fnMap":{"0":{"name":"(anonymous_2)","decl":{"start":{"line":30,"column":2},"end":{"line":30,"column":22}},"loc":{"start":{"line":30,"column":39},"end":{"line":32,"column":3}}},"1":{"name":"(anonymous_3)","decl":{"start":{"line":35,"column":2},"end":{"line":35,"column":7}},"loc":{"start":{"line":35,"column":28},"end":{"line":37,"column":3}}},"2":{"name":"(anonymous_4)","decl":{"start":{"line":39,"column":2},"end":{"line":39,"column":13}},"loc":{"start":{"line":39,"column":13},"end":{"line":47,"column":3}}},"3":{"name":"(anonymous_5)","decl":{"start":{"line":49,"column":9},"end":{"line":49,"column":26}},"loc":{"start":{"line":49,"column":26},"end":{"line":53,"column":3}}},"4":{"name":"(anonymous_6)","decl":{"start":{"line":55,"column":10},"end":{"line":55,"column":28}},"loc":{"start":{"line":55,"column":28},"end":{"line":59,"column":3}}},"5":{"name":"(anonymous_7)","decl":{"start":{"line":61,"column":2},"end":{"line":61,"column":6}},"loc":{"start":{"line":61,"column":18},"end":{"line":66,"column":3}}},"6":{"name":"(anonymous_8)","decl":{"start":{"line":68,"column":2},"end":{"line":68,"column":7}},"loc":{"start":{"line":68,"column":42},"end":{"line":71,"column":3}}},"7":{"name":"(anonymous_9)","decl":{"start":{"line":73,"column":10},"end":{"line":73,"column":22}},"loc":{"start":{"line":73,"column":39},"end":{"line":75,"column":3}}},"8":{"name":"(anonymous_10)","decl":{"start":{"line":77,"column":2},"end":{"line":77,"column":7}},"loc":{"start":{"line":77,"column":31},"end":{"line":82,"column":3}}},"9":{"name":"(anonymous_11)","decl":{"start":{"line":84,"column":2},"end":{"line":84,"column":7}},"loc":{"start":{"line":84,"column":37},"end":{"line":86,"column":3}}},"10":{"name":"(anonymous_12)","decl":{"start":{"line":88,"column":2},"end":{"line":88,"column":7}},"loc":{"start":{"line":88,"column":41},"end":{"line":95,"column":3}}},"11":{"name":"(anonymous_13)","decl":{"start":{"line":97,"column":2},"end":{"line":97,"column":18}},"loc":{"start":{"line":97,"column":18},"end":{"line":101,"column":3}}},"12":{"name":"(anonymous_14)","decl":{"start":{"line":103,"column":2},"end":{"line":103,"column":19}},"loc":{"start":{"line":103,"column":19},"end":{"line":107,"column":3}}},"13":{"name":"(anonymous_15)","decl":{"start":{"line":19,"column":13},"end":{"line":19,"column":16}},"loc":{"start":{"line":19,"column":19},"end":{"line":19,"column":31}}},"14":{"name":"(anonymous_16)","decl":{"start":{"line":19,"column":33},"end":{"line":19,"column":34}},"loc":{"start":{"line":19,"column":45},"end":{"line":19,"column":56}}},"15":{"name":"(anonymous_17)","decl":{"start":{"line":24,"column":13},"end":{"line":24,"column":16}},"loc":{"start":{"line":24,"column":19},"end":{"line":24,"column":31}}},"16":{"name":"(anonymous_18)","decl":{"start":{"line":24,"column":33},"end":{"line":24,"column":34}},"loc":{"start":{"line":24,"column":45},"end":{"line":24,"column":56}}},"17":{"name":"(anonymous_19)","decl":{"start":{"line":27,"column":13},"end":{"line":27,"column":16}},"loc":{"start":{"line":27,"column":19},"end":{"line":27,"column":31}}},"18":{"name":"(anonymous_20)","decl":{"start":{"line":27,"column":33},"end":{"line":27,"column":34}},"loc":{"start":{"line":27,"column":45},"end":{"line":27,"column":60}}}},"branchMap":{"0":{"loc":{"start":{"line":51,"column":17},"end":{"line":51,"column":54}},"type":"binary-expr","locations":[{"start":{"line":51,"column":17},"end":{"line":51,"column":46}},{"start":{"line":51,"column":50},"end":{"line":51,"column":54}}]}},"s":{"0":19,"1":19,"2":19,"3":19,"4":19,"5":19,"6":19,"7":19,"8":86,"9":144,"10":85,"11":85,"12":85,"13":85,"14":85,"15":171,"16":3,"17":3,"18":147,"19":14,"20":5,"21":12,"22":7,"23":7,"24":19,"25":19,"26":19,"27":19,"28":19,"29":36,"30":36,"31":19,"32":36,"33":36,"34":19,"35":36,"36":36,"37":19,"38":19},"f":{"0":86,"1":144,"2":85,"3":85,"4":85,"5":171,"6":3,"7":147,"8":14,"9":5,"10":12,"11":7,"12":7,"13":36,"14":36,"15":36,"16":36,"17":36,"18":36},"b":{"0":[85,85]}}
,"/Users/eldpswp99/2023-2/swapp/swpp-2023-project-team-13/backend/src/user/out-dtos/userInfo.dto.ts": {"path":"/Users/eldpswp99/2023-2/swapp/swpp-2023-project-team-13/backend/src/user/out-dtos/userInfo.dto.ts","statementMap":{"0":{"start":{"line":16,"column":4},"end":{"line":16,"column":17}},"1":{"start":{"line":17,"column":4},"end":{"line":17,"column":71}},"2":{"start":{"line":18,"column":4},"end":{"line":18,"column":21}},"3":{"start":{"line":19,"column":4},"end":{"line":19,"column":29}},"4":{"start":{"line":20,"column":4},"end":{"line":20,"column":39}},"5":{"start":{"line":21,"column":4},"end":{"line":21,"column":41}},"6":{"start":{"line":3,"column":0},"end":{"line":3,"column":13}}},"fnMap":{"0":{"name":"(anonymous_0)","decl":{"start":{"line":11,"column":2},"end":{"line":11,"column":null}},"loc":{"start":{"line":14,"column":26},"end":{"line":22,"column":3}}}},"branchMap":{},"s":{"0":7,"1":7,"2":7,"3":7,"4":7,"5":7,"6":19},"f":{"0":7},"b":{}}
,"/Users/eldpswp99/2023-2/swapp/swpp-2023-project-team-13/backend/src/user/out-dtos/userList.dto.ts": {"path":"/Users/eldpswp99/2023-2/swapp/swpp-2023-project-team-13/backend/src/user/out-dtos/userList.dto.ts","statementMap":{"0":{"start":{"line":2,"column":0},"end":{"line":2,"column":51}},"1":{"start":{"line":8,"column":4},"end":{"line":8,"column":69}},"2":{"start":{"line":8,"column":43},"end":{"line":8,"column":67}},"3":{"start":{"line":4,"column":0},"end":{"line":4,"column":13}}},"fnMap":{"0":{"name":"(anonymous_0)","decl":{"start":{"line":7,"column":2},"end":{"line":7,"column":14}},"loc":{"start":{"line":7,"column":36},"end":{"line":9,"column":3}}},"1":{"name":"(anonymous_1)","decl":{"start":{"line":8,"column":33},"end":{"line":8,"column":34}},"loc":{"start":{"line":8,"column":43},"end":{"line":8,"column":67}}}},"branchMap":{},"s":{"0":19,"1":4,"2":12,"3":19},"f":{"0":4,"1":12},"b":{}}
,"/Users/eldpswp99/2023-2/swapp/swpp-2023-project-team-13/backend/src/user/out-dtos/userSummary.dto.ts": {"path":"/Users/eldpswp99/2023-2/swapp/swpp-2023-project-team-13/backend/src/user/out-dtos/userSummary.dto.ts","statementMap":{"0":{"start":{"line":8,"column":4},"end":{"line":8,"column":17}},"1":{"start":{"line":9,"column":4},"end":{"line":9,"column":21}},"2":{"start":{"line":3,"column":0},"end":{"line":3,"column":13}}},"fnMap":{"0":{"name":"(anonymous_0)","decl":{"start":{"line":7,"column":2},"end":{"line":7,"column":14}},"loc":{"start":{"line":7,"column":38},"end":{"line":10,"column":3}}}},"branchMap":{},"s":{"0":12,"1":12,"2":19},"f":{"0":12},"b":{}}
,"/Users/eldpswp99/2023-2/swapp/swpp-2023-project-team-13/backend/src/user/repostiories/user.repository.ts": {"path":"/Users/eldpswp99/2023-2/swapp/swpp-2023-project-team-13/backend/src/user/repostiories/user.repository.ts","statementMap":{"0":{"start":{"line":1,"column":0},"end":{"line":1,"column":73}},"1":{"start":{"line":2,"column":0},"end":{"line":2,"column":37}},"2":{"start":{"line":3,"column":0},"end":{"line":3,"column":51}},"3":{"start":{"line":7,"column":7},"end":{"line":25,"column":null}},"4":{"start":{"line":9,"column":17},"end":{"line":9,"column":60}},"5":{"start":{"line":10,"column":4},"end":{"line":10,"column":35}},"6":{"start":{"line":14,"column":4},"end":{"line":16,"column":17}},"7":{"start":{"line":20,"column":4},"end":{"line":23,"column":17}},"8":{"start":{"line":7,"column":13},"end":{"line":7,"column":27}},"9":{"start":{"line":7,"column":13},"end":{"line":25,"column":null}}},"fnMap":{"0":{"name":"(anonymous_1)","decl":{"start":{"line":8,"column":2},"end":{"line":8,"column":7}},"loc":{"start":{"line":8,"column":39},"end":{"line":11,"column":3}}},"1":{"name":"(anonymous_2)","decl":{"start":{"line":13,"column":2},"end":{"line":13,"column":7}},"loc":{"start":{"line":13,"column":47},"end":{"line":17,"column":3}}},"2":{"name":"(anonymous_3)","decl":{"start":{"line":19,"column":2},"end":{"line":19,"column":7}},"loc":{"start":{"line":19,"column":26},"end":{"line":24,"column":3}}}},"branchMap":{"0":{"loc":{"start":{"line":10,"column":11},"end":{"line":10,"column":34}},"type":"cond-expr","locations":[{"start":{"line":10,"column":18},"end":{"line":10,"column":22}},{"start":{"line":10,"column":25},"end":{"line":10,"column":34}}]}},"s":{"0":19,"1":19,"2":19,"3":19,"4":74,"5":74,"6":4,"7":1,"8":19,"9":19},"f":{"0":74,"1":4,"2":1},"b":{"0":[73,1]}}
}
