TN:
SF:src/app.controller.ts
FN:6,(anonymous_2)
FN:9,(anonymous_3)
FNF:2
FNH:1
FNDA:36,(anonymous_2)
FNDA:0,(anonymous_3)
DA:1,19
DA:2,19
DA:5,19
DA:6,36
DA:9,19
DA:10,0
LF:6
LH:5
BRF:0
BRH:0
end_of_record
TN:
SF:src/app.module.ts
FNF:0
FNH:0
DA:1,19
DA:2,19
DA:3,19
DA:4,19
DA:5,19
DA:6,19
DA:7,19
DA:8,19
DA:9,19
DA:10,19
DA:11,19
DA:28,19
LF:12
LH:12
BRF:0
BRH:0
end_of_record
TN:
SF:src/app.service.ts
FN:5,(anonymous_1)
FNF:1
FNH:0
FNDA:0,(anonymous_1)
DA:1,19
DA:4,19
DA:6,0
LF:3
LH:2
BRF:0
BRH:0
end_of_record
TN:
SF:src/main.ts
FN:11,bootstrap
FN:24,appSetting
FNF:2
FNH:2
FNDA:17,bootstrap
FNDA:34,appSetting
DA:1,17
DA:2,17
DA:3,17
DA:8,17
DA:9,17
DA:12,17
DA:13,0
DA:16,17
DA:17,17
DA:18,17
DA:19,17
DA:20,0
DA:24,17
DA:25,34
DA:32,34
DA:35,17
LF:16
LH:14
BRDA:12,0,0,0
BRDA:19,1,0,0
BRDA:20,2,0,0
BRDA:20,2,1,0
BRDA:20,3,0,0
BRDA:20,3,1,0
BRF:6
BRH:0
end_of_record
TN:
SF:src/auth/auth.controller.ts
FN:12,(anonymous_4)
FN:16,(anonymous_5)
FN:23,(anonymous_6)
FNF:3
FNH:3
FNDA:36,(anonymous_4)
FNDA:82,(anonymous_5)
FNDA:1,(anonymous_6)
DA:1,19
DA:2,19
DA:4,19
DA:5,19
DA:6,19
DA:7,19
DA:11,19
DA:12,36
DA:16,19
DA:17,82
DA:18,82
DA:23,19
DA:24,1
DA:25,1
LF:14
LH:14
BRF:0
BRH:0
end_of_record
TN:
SF:src/auth/auth.module.ts
FNF:0
FNH:0
DA:1,19
DA:2,19
DA:3,19
DA:4,19
DA:5,19
DA:6,19
DA:7,19
DA:8,19
DA:20,19
LF:9
LH:9
BRF:0
BRH:0
end_of_record
TN:
SF:src/auth/auth.service.ts
FN:9,(anonymous_2)
FN:11,(anonymous_3)
FNF:2
FNH:2
FNDA:36,(anonymous_2)
FNDA:72,(anonymous_3)
DA:3,19
DA:4,19
DA:8,19
DA:9,36
DA:12,72
DA:13,72
DA:14,72
DA:15,0
DA:17,72
LF:9
LH:8
BRDA:14,0,0,0
BRF:1
BRH:0
end_of_record
TN:
SF:src/auth/guards.ts
FNF:0
FNH:0
DA:1,19
DA:5,19
DA:7,19
DA:33,19
LF:4
LH:4
BRF:0
BRH:0
end_of_record
TN:
SF:src/auth/controller/in-dtos/login.dto.ts
FNF:0
FNH:0
DA:1,19
DA:3,19
DA:5,19
DA:8,19
LF:4
LH:4
BRF:0
BRH:0
end_of_record
TN:
SF:src/auth/controller/out-dtos/token.dto.ts
FN:5,(anonymous_0)
FNF:1
FNH:1
FNDA:83,(anonymous_0)
DA:1,19
DA:6,83
DA:7,83
LF:3
LH:3
BRF:0
BRH:0
end_of_record
TN:
SF:src/auth/strategies/access.token.strategy.ts
FN:13,(anonymous_2)
FN:20,(anonymous_3)
FNF:2
FNH:2
FNDA:36,(anonymous_2)
FNDA:71,(anonymous_3)
DA:1,19
DA:3,19
DA:4,19
DA:5,19
DA:9,19
DA:13,36
DA:14,36
DA:21,71
DA:22,71
DA:24,71
LF:10
LH:10
BRDA:22,0,0,0
BRF:1
BRH:0
end_of_record
TN:
SF:src/auth/strategies/local.strategy.ts
FN:12,(anonymous_2)
FN:16,(anonymous_3)
FNF:2
FNH:2
FNDA:36,(anonymous_2)
FNDA:83,(anonymous_3)
DA:1,19
DA:6,19
DA:7,19
DA:8,19
DA:11,19
DA:13,36
DA:17,83
DA:23,83
DA:24,1
DA:25,82
DA:26,82
DA:28,0
LF:12
LH:11
BRDA:23,0,0,1
BRDA:23,0,1,82
BRDA:25,1,0,82
BRDA:25,1,1,0
BRDA:25,2,0,82
BRDA:25,2,1,82
BRF:6
BRH:5
end_of_record
TN:
SF:src/auth/strategies/refresh.token.strategy.ts
FN:13,(anonymous_2)
FN:21,(anonymous_3)
FNF:2
FNH:2
FNDA:36,(anonymous_2)
FNDA:1,(anonymous_3)
DA:1,19
DA:2,19
DA:3,19
DA:4,19
DA:6,19
DA:9,19
DA:13,36
DA:14,36
DA:22,1
DA:23,1
DA:24,0
DA:26,1
LF:12
LH:11
BRDA:23,0,0,0
BRF:1
BRH:0
end_of_record
TN:
SF:src/core/core.module.ts
FNF:0
FNH:0
DA:1,19
DA:2,19
DA:9,19
LF:3
LH:3
BRF:0
BRH:0
end_of_record
TN:
SF:src/core/getEnvFilePath.ts
FN:1,getEnvFilePath
FNF:1
FNH:1
FNDA:38,getEnvFilePath
DA:1,19
DA:2,38
DA:3,38
DA:4,0
DA:5,38
DA:6,38
DA:8,0
LF:7
LH:5
BRDA:3,0,0,0
BRDA:3,0,1,38
BRDA:3,1,0,38
BRDA:3,1,1,38
BRDA:5,2,0,38
BRDA:5,2,1,0
BRF:6
BRH:4
end_of_record
TN:
SF:src/core/ormconfig.ts
FNF:0
FNH:0
DA:1,19
DA:3,19
DA:4,19
DA:5,19
DA:6,19
DA:7,19
DA:8,19
DA:9,19
DA:10,19
DA:12,19
DA:13,19
DA:15,19
DA:38,19
LF:13
LH:13
BRDA:18,0,0,19
BRDA:18,0,1,0
BRDA:18,1,0,19
BRDA:18,1,1,19
BRF:4
BRH:3
end_of_record
TN:
SF:src/core/s3Image.service.ts
FN:6,(anonymous_1)
FN:12,(anonymous_2)
FNF:2
FNH:2
FNDA:4,(anonymous_1)
FNDA:4,(anonymous_2)
DA:1,19
DA:2,19
DA:5,19
DA:7,4
DA:9,4
DA:13,4
DA:15,0
DA:23,0
DA:24,0
DA:32,0
LF:10
LH:6
BRDA:7,0,0,0
BRDA:13,1,0,4
BRF:2
BRH:1
end_of_record
TN:
SF:src/core/swagger.ts
FN:4,setUpSwagger
FNF:1
FNH:1
FNDA:17,setUpSwagger
DA:2,17
DA:4,17
DA:5,17
DA:7,0
DA:12,0
DA:13,0
LF:6
LH:3
BRDA:5,0,0,17
BRF:1
BRH:1
end_of_record
TN:
SF:src/core/models/base.entity.ts
FN:11,(anonymous_2)
FN:28,(anonymous_3)
FNF:2
FNH:2
FNDA:1078,(anonymous_2)
FNDA:17,(anonymous_3)
DA:1,19
DA:7,19
DA:8,19
DA:9,19
DA:11,19
DA:18,19
DA:21,19
DA:26,1078
DA:29,17
DA:30,17
LF:10
LH:10
BRF:0
BRH:0
end_of_record
TN:
SF:src/review/ml-remote.ts
FN:3,getReceiptOcr
FN:11,getReviewIsPositive
FNF:2
FNH:0
FNDA:0,getReceiptOcr
FNDA:0,getReviewIsPositive
DA:1,19
DA:3,19
DA:4,0
DA:11,19
DA:12,0
LF:5
LH:3
BRF:0
BRH:0
end_of_record
TN:
SF:src/review/review.controller.ts
FN:38,(anonymous_4)
FN:47,(anonymous_5)
FN:56,(anonymous_6)
FN:68,(anonymous_7)
FN:75,(anonymous_8)
FN:82,(anonymous_9)
FN:98,(anonymous_10)
FN:102,(anonymous_11)
FN:112,(anonymous_12)
FN:124,(anonymous_13)
FN:145,(anonymous_14)
FNF:11
FNH:11
FNDA:36,(anonymous_4)
FNDA:6,(anonymous_5)
FNDA:3,(anonymous_6)
FNDA:4,(anonymous_7)
FNDA:4,(anonymous_8)
FNDA:4,(anonymous_9)
FNDA:6,(anonymous_10)
FNDA:12,(anonymous_11)
FNDA:3,(anonymous_12)
FNDA:3,(anonymous_13)
FNDA:4,(anonymous_14)
DA:1,19
DA:15,19
DA:16,19
DA:17,19
DA:18,19
DA:19,19
DA:20,19
DA:22,19
DA:23,19
DA:24,19
DA:25,19
DA:26,19
DA:27,19
DA:28,19
DA:30,19
DA:31,19
DA:32,19
DA:33,19
DA:37,19
DA:39,36
DA:40,36
DA:41,36
DA:42,36
DA:47,19
DA:51,6
DA:56,19
DA:61,3
DA:63,3
DA:68,19
DA:69,4
DA:70,4
DA:75,19
DA:76,4
DA:77,4
DA:82,19
DA:86,4
DA:88,4
DA:93,4
DA:98,19
DA:100,6
DA:102,12
DA:103,6
DA:107,6
DA:112,19
DA:116,3
DA:118,3
DA:119,2
DA:124,19
DA:128,3
DA:132,3
DA:134,3
DA:136,3
DA:145,19
DA:146,4
DA:148,4
DA:149,4
DA:150,4
DA:152,4
DA:156,4
LF:59
LH:59
BRDA:118,0,0,1
BRDA:132,1,0,0
BRDA:146,2,0,4
BRDA:146,2,1,0
BRDA:146,3,0,4
BRDA:146,3,1,4
BRDA:146,4,0,0
BRDA:146,4,1,4
BRDA:146,5,0,4
BRDA:146,5,1,4
BRF:10
BRH:7
end_of_record
TN:
SF:src/review/review.module.ts
FNF:0
FNH:0
DA:1,19
DA:2,19
DA:3,19
DA:4,19
DA:5,19
DA:6,19
DA:7,19
DA:8,19
DA:22,19
LF:9
LH:9
BRF:0
BRH:0
end_of_record
TN:
SF:src/review/review.service.ts
FN:15,(anonymous_2)
FN:19,(anonymous_3)
FN:32,(anonymous_4)
FN:61,(anonymous_5)
FN:69,(anonymous_6)
FNF:5
FNH:5
FNDA:36,(anonymous_2)
FNDA:6,(anonymous_3)
FNDA:6,(anonymous_4)
FNDA:7,(anonymous_5)
FNDA:13,(anonymous_6)
DA:1,19
DA:4,19
DA:5,19
DA:6,19
DA:7,19
DA:9,19
DA:10,19
DA:14,19
DA:16,36
DA:17,36
DA:25,6
DA:28,6
DA:29,6
DA:32,6
DA:33,6
DA:34,6
DA:35,3
DA:36,3
DA:37,3
DA:38,2
DA:40,1
DA:44,5
DA:45,5
DA:46,5
DA:48,1
DA:51,4
DA:65,7
DA:66,7
DA:68,7
DA:70,13
LF:30
LH:30
BRDA:30,0,0,3
BRDA:30,0,1,3
BRDA:30,1,0,6
BRDA:30,1,1,6
BRDA:34,2,0,3
BRF:5
BRH:5
end_of_record
TN:
SF:src/review/dtos/in-dtos/createReview.dto.ts
FN:24,(anonymous_2)
FNF:1
FNH:1
FNDA:10,(anonymous_2)
DA:1,19
DA:8,19
DA:9,19
DA:11,19
DA:13,19
DA:17,19
DA:21,19
DA:24,10
DA:25,19
LF:9
LH:9
BRF:0
BRH:0
end_of_record
TN:
SF:src/review/dtos/in-dtos/restaurant.dto.ts
FNF:0
FNH:0
DA:1,19
DA:3,19
DA:5,19
DA:8,19
DA:11,19
DA:14,19
LF:6
LH:6
BRF:0
BRH:0
end_of_record
TN:
SF:src/review/dtos/in-dtos/review-adjacent-query.dto.ts
FN:6,(anonymous_2)
FN:10,(anonymous_3)
FN:14,(anonymous_4)
FNF:3
FNH:3
FNDA:7,(anonymous_2)
FNDA:7,(anonymous_3)
FNDA:7,(anonymous_4)
DA:1,19
DA:2,19
DA:4,19
DA:6,7
DA:7,19
DA:10,7
DA:11,19
DA:14,7
DA:15,19
LF:9
LH:9
BRF:0
BRH:0
end_of_record
TN:
SF:src/review/dtos/out-dtos/imageDto.ts
FN:9,(anonymous_0)
FNF:1
FNH:1
FNDA:15,(anonymous_0)
DA:3,19
DA:10,15
DA:11,15
DA:12,15
DA:13,15
LF:5
LH:5
BRF:0
BRH:0
end_of_record
TN:
SF:src/review/dtos/out-dtos/imageUpload.dto.ts
FN:8,(anonymous_0)
FNF:1
FNH:1
FNDA:4,(anonymous_0)
DA:3,19
DA:9,4
DA:10,4
DA:11,4
LF:4
LH:4
BRF:0
BRH:0
end_of_record
TN:
SF:src/review/dtos/out-dtos/restaurant.dto.ts
FN:10,(anonymous_0)
FNF:1
FNH:1
FNDA:31,(anonymous_0)
DA:3,19
DA:17,31
DA:18,31
DA:19,31
DA:20,31
DA:21,31
LF:6
LH:6
BRF:0
BRH:0
end_of_record
TN:
SF:src/review/dtos/out-dtos/restaurantList.dto.ts
FN:7,(anonymous_0)
FN:9,(anonymous_1)
FNF:2
FNH:2
FNDA:10,(anonymous_0)
FNDA:14,(anonymous_1)
DA:1,19
DA:4,19
DA:8,10
DA:9,14
LF:4
LH:4
BRF:0
BRH:0
end_of_record
TN:
SF:src/review/dtos/out-dtos/reviewDetail.dto.ts
FN:17,(anonymous_0)
FN:26,(anonymous_1)
FNF:2
FNH:2
FNDA:17,(anonymous_0)
FNDA:15,(anonymous_1)
DA:1,19
DA:2,19
DA:3,19
DA:7,19
DA:22,17
DA:24,17
DA:25,17
DA:26,17
DA:27,17
DA:28,17
DA:29,17
DA:30,17
DA:31,17
LF:13
LH:13
BRDA:27,0,0,0
BRDA:27,0,1,17
BRF:2
BRH:1
end_of_record
TN:
SF:src/review/dtos/out-dtos/reviewList.dto.ts
FN:7,(anonymous_0)
FN:9,(anonymous_1)
FNF:2
FNH:2
FNDA:14,(anonymous_0)
FNDA:15,(anonymous_1)
DA:1,19
DA:4,19
DA:8,14
DA:9,15
LF:4
LH:4
BRF:0
BRH:0
end_of_record
TN:
SF:src/review/dtos/out-dtos/userSummary.dto.ts
FN:7,(anonymous_0)
FNF:1
FNH:1
FNDA:17,(anonymous_0)
DA:3,19
DA:8,17
DA:9,17
LF:3
LH:3
BRF:0
BRH:0
end_of_record
TN:
SF:src/review/models/image.entity.ts
FN:19,(anonymous_2)
FN:16,(anonymous_3)
FN:16,(anonymous_4)
FNF:3
FNH:3
FNDA:3,(anonymous_2)
FNDA:36,(anonymous_3)
FNDA:36,(anonymous_4)
DA:1,19
DA:2,19
DA:3,19
DA:6,19
DA:8,19
DA:11,19
DA:14,19
DA:16,36
DA:17,19
DA:20,3
DA:21,3
LF:11
LH:11
BRF:0
BRH:0
end_of_record
TN:
SF:src/review/models/restaurant.entity.ts
FN:19,(anonymous_2)
FN:19,(anonymous_3)
FNF:2
FNH:2
FNDA:36,(anonymous_2)
FNDA:36,(anonymous_3)
DA:1,19
DA:2,19
DA:3,19
DA:6,19
DA:8,19
DA:11,19
DA:14,19
DA:17,19
DA:19,36
DA:20,19
LF:10
LH:10
BRF:0
BRH:0
end_of_record
TN:
SF:src/review/models/review.entity.ts
FN:27,(anonymous_2)
FN:28,(anonymous_3)
FN:9,(anonymous_4)
FN:9,(anonymous_5)
FN:12,(anonymous_6)
FN:12,(anonymous_7)
FN:15,(anonymous_8)
FN:15,(anonymous_9)
FNF:8
FNH:8
FNDA:17,(anonymous_2)
FNDA:15,(anonymous_3)
FNDA:36,(anonymous_4)
FNDA:36,(anonymous_5)
FNDA:36,(anonymous_6)
FNDA:36,(anonymous_7)
FNDA:36,(anonymous_8)
FNDA:36,(anonymous_9)
DA:1,19
DA:2,19
DA:3,19
DA:4,19
DA:5,19
DA:8,19
DA:9,36
DA:10,19
DA:12,36
DA:13,19
DA:15,36
DA:16,19
DA:19,19
DA:22,19
DA:25,19
DA:28,17
LF:16
LH:16
BRF:0
BRH:0
end_of_record
TN:
SF:src/review/repositories/image.repository.ts
FNF:0
FNH:0
DA:1,19
DA:2,19
DA:3,19
DA:6,19
LF:4
LH:4
BRF:0
BRH:0
end_of_record
TN:
SF:src/review/repositories/restaurant.repository.ts
FN:8,(anonymous_1)
FNF:1
FNH:1
FNDA:6,(anonymous_1)
DA:1,19
DA:2,19
DA:3,19
DA:7,19
DA:9,6
DA:10,6
DA:14,6
DA:16,5
LF:8
LH:8
BRDA:14,0,0,1
BRF:1
BRH:1
end_of_record
TN:
SF:src/review/repositories/review.repository.ts
FN:11,(anonymous_1)
FN:19,(anonymous_2)
FN:25,(anonymous_3)
FN:40,(anonymous_4)
FN:54,(anonymous_5)
FN:62,(anonymous_6)
FN:74,(anonymous_7)
FN:83,(anonymous_8)
FNF:8
FNH:8
FNDA:3,(anonymous_1)
FNDA:3,(anonymous_2)
FNDA:3,(anonymous_3)
FNDA:16,(anonymous_4)
FNDA:7,(anonymous_5)
FNDA:6,(anonymous_6)
FNDA:6,(anonymous_7)
FNDA:4,(anonymous_8)
DA:1,19
DA:2,19
DA:3,19
DA:7,19
DA:10,19
DA:12,3
DA:20,3
DA:26,3
DA:35,3
DA:37,2
DA:41,16
DA:55,7
DA:63,6
DA:74,6
DA:76,6
DA:84,4
LF:16
LH:16
BRDA:35,0,0,1
BRF:1
BRH:1
end_of_record
TN:
SF:src/test/utils.ts
FN:1,validateDtoKeys
FNF:1
FNH:1
FNDA:35,validateDtoKeys
DA:1,12
DA:2,35
DA:3,35
DA:4,131
LF:4
LH:4
BRF:0
BRH:0
end_of_record
TN:
SF:src/test/fixture/image.fixture.ts
FN:11,(anonymous_0)
FNF:1
FNH:1
FNDA:50,(anonymous_0)
DA:2,9
DA:10,9
DA:16,50
LF:3
LH:3
BRDA:17,0,0,0
BRDA:17,0,1,50
BRDA:17,1,0,50
BRDA:17,1,1,50
BRDA:18,2,0,0
BRDA:18,2,1,50
BRDA:18,3,0,50
BRDA:18,3,1,50
BRDA:19,4,0,0
BRDA:19,4,1,50
BRDA:19,5,0,50
BRDA:19,5,1,50
BRF:12
BRH:9
end_of_record
TN:
SF:src/test/fixture/restaurant.fixture.ts
FN:10,(anonymous_0)
FNF:1
FNH:1
FNDA:46,(anonymous_0)
DA:1,9
DA:9,9
DA:15,46
LF:3
LH:3
BRDA:16,0,0,0
BRDA:16,0,1,46
BRDA:16,1,0,46
BRDA:16,1,1,46
BRDA:17,2,0,0
BRDA:17,2,1,46
BRDA:17,3,0,46
BRDA:17,3,1,46
BRDA:18,4,0,0
BRDA:18,4,1,46
BRDA:18,5,0,46
BRDA:18,5,1,46
BRF:12
BRH:9
end_of_record
TN:
SF:src/test/fixture/review.fixture.ts
FN:15,(anonymous_0)
FNF:1
FNH:1
FNDA:54,(anonymous_0)
DA:4,8
DA:5,8
DA:14,8
DA:21,54
LF:4
LH:4
BRDA:22,0,0,54
BRDA:22,0,1,0
BRDA:22,1,0,54
BRDA:22,1,1,54
BRDA:24,2,0,54
BRDA:24,2,1,0
BRDA:24,3,0,54
BRDA:24,3,1,54
BRDA:25,4,0,0
BRDA:25,4,1,54
BRDA:25,5,0,54
BRDA:25,5,1,54
BRF:12
BRH:9
end_of_record
TN:
SF:src/test/fixture/user.fixture.ts
FN:10,(anonymous_0)
FNF:1
FNH:1
FNDA:143,(anonymous_0)
DA:1,17
DA:9,17
DA:11,143
LF:3
LH:3
BRDA:12,0,0,143
BRDA:12,0,1,0
BRDA:12,1,0,143
BRDA:12,1,1,143
BRDA:13,2,0,143
BRDA:13,2,1,0
BRDA:13,3,0,143
BRDA:13,3,1,143
BRDA:14,4,0,143
BRDA:14,4,1,0
BRDA:14,5,0,143
BRDA:14,5,1,143
BRF:12
BRH:9
end_of_record
TN:
SF:src/test/review/validateReviewList.ts
FN:3,validateReviewList
FN:10,validateReview
FN:27,validateRestaurantList
FN:34,validateRestaurant
FN:44,validateUserSummary
FN:48,validateImages
FN:49,validateImage
FNF:7
FNH:7
FNDA:4,validateReviewList
FNDA:5,validateReview
FNDA:2,validateRestaurantList
FNDA:8,validateRestaurant
FNDA:6,validateUserSummary
FNDA:5,validateImages
FNDA:4,validateImage
DA:1,8
DA:3,8
DA:4,4
DA:5,4
DA:6,4
DA:10,8
DA:11,5
DA:22,5
DA:23,5
DA:24,5
DA:27,8
DA:28,2
DA:29,2
DA:30,3
DA:34,8
DA:35,8
DA:44,8
DA:45,6
DA:48,8
DA:50,4
DA:53,5
DA:54,4
LF:22
LH:22
BRF:0
BRH:0
end_of_record
TN:
SF:src/typeorm-ex/typeorm-ex.decorator.ts
FN:6,CustomRepository
FNF:1
FNH:1
FNDA:76,CustomRepository
DA:1,19
DA:3,19
DA:6,19
DA:7,76
LF:4
LH:4
BRF:0
BRH:0
end_of_record
TN:
SF:src/typeorm-ex/typeorm-ex.module.ts
FN:7,(anonymous_0)
FN:25,(anonymous_1)
FNF:2
FNH:2
FNDA:57,(anonymous_0)
FNDA:144,(anonymous_1)
DA:2,19
DA:4,19
DA:6,19
DA:10,57
DA:12,57
DA:13,95
DA:18,95
DA:19,0
DA:22,95
DA:26,144
DA:27,144
DA:36,57
LF:12
LH:11
BRDA:18,0,0,0
BRF:1
BRH:0
end_of_record
TN:
SF:src/user/custom-query.command.ts
FN:14,(anonymous_1)
FNF:1
FNH:0
FNDA:0,(anonymous_1)
DA:1,19
DA:3,19
DA:4,19
DA:7,19
DA:8,19
DA:13,19
DA:31,0
DA:35,0
DA:47,0
DA:51,0
LF:10
LH:6
BRF:0
BRH:0
end_of_record
TN:
SF:src/user/user.controller.ts
FN:29,(anonymous_4)
FN:35,(anonymous_5)
FN:47,(anonymous_6)
FN:64,(anonymous_7)
FN:84,(anonymous_8)
FN:93,(anonymous_9)
FN:111,(anonymous_10)
FN:115,(anonymous_11)
FNF:8
FNH:8
FNDA:36,(anonymous_4)
FNDA:2,(anonymous_5)
FNDA:4,(anonymous_6)
FNDA:12,(anonymous_7)
FNDA:5,(anonymous_8)
FNDA:2,(anonymous_9)
FNDA:4,(anonymous_10)
FNDA:4,(anonymous_11)
DA:1,19
DA:15,19
DA:16,19
DA:17,19
DA:18,19
DA:19,19
DA:21,19
DA:22,19
DA:23,19
DA:24,19
DA:25,19
DA:28,19
DA:30,36
DA:31,36
DA:35,19
DA:36,2
DA:39,2
DA:40,1
DA:42,1
DA:47,19
DA:51,4
DA:52,1
DA:55,3
DA:64,19
DA:68,12
DA:69,1
DA:71,11
DA:75,11
DA:76,0
DA:79,11
DA:84,19
DA:85,5
DA:86,5
DA:88,5
DA:93,19
DA:97,2
DA:101,2
DA:103,2
DA:104,2
DA:106,2
DA:111,19
DA:112,4
DA:114,4
DA:116,4
DA:119,4
DA:120,1
DA:123,4
LF:47
LH:46
BRDA:39,0,0,1
BRDA:51,1,0,1
BRDA:68,2,0,1
BRDA:75,3,0,0
BRDA:101,4,0,0
BRDA:119,5,0,1
BRF:6
BRH:4
end_of_record
TN:
SF:src/user/user.module.ts
FNF:0
FNH:0
DA:1,19
DA:2,19
DA:3,19
DA:4,19
DA:5,19
DA:6,19
DA:7,19
DA:14,19
LF:8
LH:8
BRF:0
BRH:0
end_of_record
TN:
SF:src/user/user.service.ts
FN:8,(anonymous_2)
FN:10,(anonymous_3)
FN:16,(anonymous_4)
FNF:3
FNH:3
FNDA:36,(anonymous_2)
FNDA:1,(anonymous_3)
FNDA:11,(anonymous_4)
DA:1,19
DA:4,19
DA:7,19
DA:8,36
DA:11,1
DA:12,1
DA:13,1
DA:17,11
DA:18,11
DA:19,4
DA:21,7
LF:11
LH:11
BRDA:18,0,0,4
BRDA:18,0,1,7
BRF:2
BRH:2
end_of_record
TN:
SF:src/user/in-dtos/changePasswordDto.ts
FNF:0
FNH:0
DA:1,19
DA:3,19
DA:5,19
DA:8,19
LF:4
LH:4
BRF:0
BRH:0
end_of_record
TN:
SF:src/user/in-dtos/createuser.dto.ts
FNF:0
FNH:0
DA:1,19
DA:3,19
DA:6,19
DA:10,19
DA:14,19
LF:5
LH:5
BRF:0
BRH:0
end_of_record
TN:
SF:src/user/models/follow.entity.ts
FN:7,(anonymous_2)
FN:10,(anonymous_3)
FN:10,(anonymous_4)
FNF:3
FNH:3
FNDA:36,(anonymous_2)
FNDA:36,(anonymous_3)
FNDA:36,(anonymous_4)
DA:1,19
DA:2,19
DA:3,19
DA:6,19
DA:7,36
DA:8,19
DA:10,36
DA:11,19
LF:8
LH:8
BRF:0
BRH:0
end_of_record
TN:
SF:src/user/models/user.entity.ts
FN:30,(anonymous_2)
FN:35,(anonymous_3)
FN:39,(anonymous_4)
FN:49,(anonymous_5)
FN:55,(anonymous_6)
FN:61,(anonymous_7)
FN:68,(anonymous_8)
FN:73,(anonymous_9)
FN:77,(anonymous_10)
FN:84,(anonymous_11)
FN:88,(anonymous_12)
FN:97,(anonymous_13)
FN:103,(anonymous_14)
FN:19,(anonymous_15)
FN:19,(anonymous_16)
FN:24,(anonymous_17)
FN:24,(anonymous_18)
FN:27,(anonymous_19)
FN:27,(anonymous_20)
FNF:19
FNH:19
FNDA:86,(anonymous_2)
FNDA:144,(anonymous_3)
FNDA:85,(anonymous_4)
FNDA:85,(anonymous_5)
FNDA:85,(anonymous_6)
FNDA:171,(anonymous_7)
FNDA:3,(anonymous_8)
FNDA:147,(anonymous_9)
FNDA:14,(anonymous_10)
FNDA:5,(anonymous_11)
FNDA:12,(anonymous_12)
FNDA:7,(anonymous_13)
FNDA:7,(anonymous_14)
FNDA:36,(anonymous_15)
FNDA:36,(anonymous_16)
FNDA:36,(anonymous_17)
FNDA:36,(anonymous_18)
FNDA:36,(anonymous_19)
FNDA:36,(anonymous_20)
DA:1,19
DA:2,19
DA:3,19
DA:4,19
DA:5,19
DA:8,19
DA:9,19
DA:12,19
DA:14,19
DA:16,19
DA:18,19
DA:19,36
DA:20,19
DA:24,36
DA:25,19
DA:27,36
DA:28,19
DA:31,86
DA:35,19
DA:36,144
DA:40,85
DA:41,85
DA:43,85
DA:50,85
DA:56,85
DA:62,171
DA:69,3
DA:70,3
DA:74,147
DA:78,14
DA:85,5
DA:89,12
DA:98,7
DA:104,7
LF:34
LH:34
BRDA:51,0,0,85
BRDA:51,0,1,85
BRF:2
BRH:2
end_of_record
TN:
SF:src/user/out-dtos/userInfo.dto.ts
FN:11,(anonymous_0)
FNF:1
FNH:1
FNDA:7,(anonymous_0)
DA:3,19
DA:16,7
DA:17,7
DA:18,7
DA:19,7
DA:20,7
DA:21,7
LF:7
LH:7
BRF:0
BRH:0
end_of_record
TN:
SF:src/user/out-dtos/userList.dto.ts
FN:7,(anonymous_0)
FN:8,(anonymous_1)
FNF:2
FNH:2
FNDA:4,(anonymous_0)
FNDA:12,(anonymous_1)
DA:2,19
DA:4,19
DA:8,12
LF:3
LH:3
BRF:0
BRH:0
end_of_record
TN:
SF:src/user/out-dtos/userSummary.dto.ts
FN:7,(anonymous_0)
FNF:1
FNH:1
FNDA:12,(anonymous_0)
DA:3,19
DA:8,12
DA:9,12
LF:3
LH:3
BRF:0
BRH:0
end_of_record
TN:
SF:src/user/repostiories/user.repository.ts
FN:8,(anonymous_1)
FN:13,(anonymous_2)
FN:19,(anonymous_3)
FNF:3
FNH:3
FNDA:74,(anonymous_1)
FNDA:4,(anonymous_2)
FNDA:1,(anonymous_3)
DA:1,19
DA:2,19
DA:3,19
DA:7,19
DA:9,74
DA:10,74
DA:14,4
DA:20,1
LF:8
LH:8
BRDA:10,0,0,73
BRDA:10,0,1,1
BRF:2
BRH:2
end_of_record
